Using TensorFlow backend.
Selected train dataset: kasterenA
Selected test dataset: kasterenB
Dataset base directory: ../../formatted_datasets/
Daytime option: with_time
Nones option: no_nones
Selected action/activity representation: sum
Number of epochs:  130
Experiment ID: cross_lstm-reg-with_time-no_nones-kasterenA-kasterenB
Treat imbalance data: False
Batch size: 256
Dropout: 0.1
Loss: cosine_proximity
Number of predictions: 5
file number:  7
Loading and formatting data
File name: ../../formatted_datasets/kasterenA/complete/with_time_no_nones/kasterenA_sum_60_embedding_weights.npy
File name: ../../formatted_datasets/kasterenB/complete/with_time_no_nones/kasterenB_sum_60_embedding_weights.npy
Reformatting datasets for cross dataset usage
None activity ignored
Activity go_to_bed is already in the dict
Activity get_drink is already in the dict
Activity leave_house is already in the dict
Activity prepare_dinner is already in the dict
Activity use_toilet is already in the dict
Activity take_shower is already in the dict
none activity ignored
Activity brush_teeth is already in the dict
---------------------------------
Common data structures info:
Embedding matrices:
   Embedding matrix shape for training: (19, 300)
   Embedding matrix shape for testing: (27, 300)
   Common embedding matrix shape: (45, 300)
Activity to int:
   Activities in training: 15
   Activities in testing: 23
   Common activities: 31
File name for y embedding (train): ../../formatted_datasets/kasterenA/complete/with_time_no_nones/kasterenA_sum_60_y_embedding.npy
File name for y embedding (test): ../../formatted_datasets/kasterenB/complete/with_time_no_nones/kasterenB_sum_60_y_embedding.npy
X sequences:
   X train shape: (510, 31)
   X test shape: (1760, 31)
y labels:
   y train embedding shape: (510, 300)
   y test embedding shape: (1760, 300)
   y train one hot shape: (510, 31)
   y test one hot shape: (1760, 31)
   y train index shape: (510,)
   y test index shape: (1760,)
max sequence length (train, test): 31, 31
features per action: 45
Action max length: 300
Activity distribution for training:
{u'brush_teeth': 11,
 u'get_drink': 23,
 u'get_snack': 21,
 u'go_to_bed': 54,
 u'leave_house': 69,
 u'prepare_breakfast': 37,
 u'prepare_dinner': 64,
 u'put_clothes_in_washing_machine': 3,
 u'put_items_in_dishwasher': 9,
 u'receive_guest': 10,
 u'store_groceries': 1,
 u'take_shower': 41,
 u'unload_dishwasher': 12,
 u'unload_washing_machine': 4,
 u'use_toilet': 151}
Activity distribution for testing:
{u'answering_phone': 6,
 u'brush_teeth': 24,
 u'drop_dish': 2,
 u'eat_brunch': 1,
 u'eat_dinner': 8,
 u'faster_kitchen_camera': 6,
 u'get_dressed': 18,
 u'get_drink': 9,
 u'go_to_bed': 893,
 u'install_sensor': 45,
 u'leave_house': 333,
 u'on_phone': 1,
 u'play_piano': 78,
 u'prepare_brunch': 52,
 u'prepare_dinner': 72,
 u'prepare_for_leaving': 14,
 u'search_keys': 7,
 u'setting_up_sensors': 18,
 u'shaving': 6,
 u'take_shower': 107,
 u'unpacking': 12,
 u'use_toilet': 27,
 u'wash_dishes': 21}
Building model...
WARNING:tensorflow:From /home/gazkune/.virtualenvs/generic-ar/local/lib/python2.7/site-packages/tensorflow/python/framework/op_def_library.py:263: colocate_with (from tensorflow.python.framework.ops) is deprecated and will be removed in a future version.
Instructions for updating:
Colocations handled automatically by placer.
2019-06-18 14:22:19.304226: I tensorflow/core/platform/cpu_feature_guard.cc:141] Your CPU supports instructions that this TensorFlow binary was not compiled to use: AVX2 AVX512F FMA
2019-06-18 14:22:19.436186: I tensorflow/compiler/xla/service/service.cc:150] XLA service 0x6688e60 executing computations on platform CUDA. Devices:
2019-06-18 14:22:19.436218: I tensorflow/compiler/xla/service/service.cc:158]   StreamExecutor device (0): TITAN V, Compute Capability 7.0
2019-06-18 14:22:19.455760: I tensorflow/core/platform/profile_utils/cpu_utils.cc:94] CPU Frequency: 2800000000 Hz
2019-06-18 14:22:19.457575: I tensorflow/compiler/xla/service/service.cc:150] XLA service 0x6777ac0 executing computations on platform Host. Devices:
2019-06-18 14:22:19.457616: I tensorflow/compiler/xla/service/service.cc:158]   StreamExecutor device (0): <undefined>, <undefined>
2019-06-18 14:22:19.458238: I tensorflow/core/common_runtime/gpu/gpu_device.cc:1433] Found device 0 with properties: 
name: TITAN V major: 7 minor: 0 memoryClockRate(GHz): 1.455
pciBusID: 0000:21:00.0
totalMemory: 11.75GiB freeMemory: 11.40GiB
2019-06-18 14:22:19.458259: I tensorflow/core/common_runtime/gpu/gpu_device.cc:1512] Adding visible gpu devices: 0
2019-06-18 14:22:19.459518: I tensorflow/core/common_runtime/gpu/gpu_device.cc:984] Device interconnect StreamExecutor with strength 1 edge matrix:
2019-06-18 14:22:19.459532: I tensorflow/core/common_runtime/gpu/gpu_device.cc:990]      0 
2019-06-18 14:22:19.459540: I tensorflow/core/common_runtime/gpu/gpu_device.cc:1003] 0:   N 
2019-06-18 14:22:19.460101: I tensorflow/core/common_runtime/gpu/gpu_device.cc:1115] Created TensorFlow device (/job:localhost/replica:0/task:0/device:GPU:0 with 11090 MB memory) -> physical GPU (device: 0, name: TITAN V, pci bus id: 0000:21:00.0, compute capability: 7.0)
WARNING:tensorflow:From /home/gazkune/.virtualenvs/generic-ar/local/lib/python2.7/site-packages/keras/backend/tensorflow_backend.py:3138: calling dropout (from tensorflow.python.ops.nn_ops) with keep_prob is deprecated and will be removed in a future version.
Instructions for updating:
Please use `rate` instead of `keep_prob`. Rate should be set to `rate = 1 - keep_prob`.
Model built
_________________________________________________________________
Layer (type)                 Output Shape              Param #   
=================================================================
embedding_1 (Embedding)      (None, 31, 300)           13500     
_________________________________________________________________
lstm_1 (LSTM)                (None, 512)               1665024   
_________________________________________________________________
dense_1 (Dense)              (None, 300)               153900    
=================================================================
Total params: 1,832,424
Trainable params: 1,818,924
Non-trainable params: 13,500
_________________________________________________________________
None
Training...
WARNING:tensorflow:From /home/gazkune/.virtualenvs/generic-ar/local/lib/python2.7/site-packages/tensorflow/python/ops/math_ops.py:3066: to_int32 (from tensorflow.python.ops.math_ops) is deprecated and will be removed in a future version.
Instructions for updating:
Use tf.cast instead.
2019-06-18 14:22:24.174958: I tensorflow/stream_executor/dso_loader.cc:152] successfully opened CUDA library libcublas.so.10.0 locally
Epoch 1/130

256/510 [==============>...............] - ETA: 1s - loss: 0.0195 - cosine_proximity: 0.0195 - mean_squared_error: 0.0607 - mean_absolute_error: 0.1946
510/510 [==============================] - 1s 2ms/step - loss: -0.2055 - cosine_proximity: -0.2055 - mean_squared_error: 0.0533 - mean_absolute_error: 0.1821
Epoch 2/130

256/510 [==============>...............] - ETA: 0s - loss: -0.6034 - cosine_proximity: -0.6034 - mean_squared_error: 0.0383 - mean_absolute_error: 0.1535
510/510 [==============================] - 0s 189us/step - loss: -0.6413 - cosine_proximity: -0.6413 - mean_squared_error: 0.0366 - mean_absolute_error: 0.1493
Epoch 3/130

256/510 [==============>...............] - ETA: 0s - loss: -0.7214 - cosine_proximity: -0.7214 - mean_squared_error: 0.0324 - mean_absolute_error: 0.1392
510/510 [==============================] - 0s 213us/step - loss: -0.7270 - cosine_proximity: -0.7270 - mean_squared_error: 0.0329 - mean_absolute_error: 0.1398
Epoch 4/130

256/510 [==============>...............] - ETA: 0s - loss: -0.7474 - cosine_proximity: -0.7474 - mean_squared_error: 0.0356 - mean_absolute_error: 0.1440
510/510 [==============================] - 0s 195us/step - loss: -0.7548 - cosine_proximity: -0.7548 - mean_squared_error: 0.0361 - mean_absolute_error: 0.1444
Epoch 5/130

256/510 [==============>...............] - ETA: 0s - loss: -0.7690 - cosine_proximity: -0.7690 - mean_squared_error: 0.0409 - mean_absolute_error: 0.1513
510/510 [==============================] - 0s 196us/step - loss: -0.7720 - cosine_proximity: -0.7720 - mean_squared_error: 0.0425 - mean_absolute_error: 0.1538
Epoch 6/130

256/510 [==============>...............] - ETA: 0s - loss: -0.7845 - cosine_proximity: -0.7845 - mean_squared_error: 0.0511 - mean_absolute_error: 0.1644
510/510 [==============================] - 0s 223us/step - loss: -0.7865 - cosine_proximity: -0.7865 - mean_squared_error: 0.0516 - mean_absolute_error: 0.1656
Epoch 7/130

256/510 [==============>...............] - ETA: 0s - loss: -0.7968 - cosine_proximity: -0.7968 - mean_squared_error: 0.0584 - mean_absolute_error: 0.1737
510/510 [==============================] - 0s 174us/step - loss: -0.7967 - cosine_proximity: -0.7967 - mean_squared_error: 0.0640 - mean_absolute_error: 0.1803
Epoch 8/130

256/510 [==============>...............] - ETA: 0s - loss: -0.8071 - cosine_proximity: -0.8071 - mean_squared_error: 0.0734 - mean_absolute_error: 0.1913
510/510 [==============================] - 0s 207us/step - loss: -0.8062 - cosine_proximity: -0.8062 - mean_squared_error: 0.0746 - mean_absolute_error: 0.1916
Epoch 9/130

256/510 [==============>...............] - ETA: 0s - loss: -0.8107 - cosine_proximity: -0.8107 - mean_squared_error: 0.0728 - mean_absolute_error: 0.1873
510/510 [==============================] - 0s 188us/step - loss: -0.8136 - cosine_proximity: -0.8136 - mean_squared_error: 0.0816 - mean_absolute_error: 0.1987
Epoch 10/130

256/510 [==============>...............] - ETA: 0s - loss: -0.8226 - cosine_proximity: -0.8226 - mean_squared_error: 0.0892 - mean_absolute_error: 0.2062
510/510 [==============================] - 0s 187us/step - loss: -0.8189 - cosine_proximity: -0.8189 - mean_squared_error: 0.0859 - mean_absolute_error: 0.2032
Epoch 11/130

256/510 [==============>...............] - ETA: 0s - loss: -0.8188 - cosine_proximity: -0.8188 - mean_squared_error: 0.0859 - mean_absolute_error: 0.2039
510/510 [==============================] - 0s 183us/step - loss: -0.8242 - cosine_proximity: -0.8242 - mean_squared_error: 0.0862 - mean_absolute_error: 0.2032
Epoch 12/130

256/510 [==============>...............] - ETA: 0s - loss: -0.8378 - cosine_proximity: -0.8378 - mean_squared_error: 0.0820 - mean_absolute_error: 0.1948
510/510 [==============================] - 0s 189us/step - loss: -0.8289 - cosine_proximity: -0.8289 - mean_squared_error: 0.0860 - mean_absolute_error: 0.2022
Epoch 13/130

256/510 [==============>...............] - ETA: 0s - loss: -0.8272 - cosine_proximity: -0.8272 - mean_squared_error: 0.0801 - mean_absolute_error: 0.1922
510/510 [==============================] - 0s 207us/step - loss: -0.8339 - cosine_proximity: -0.8339 - mean_squared_error: 0.0864 - mean_absolute_error: 0.2013
Epoch 14/130

256/510 [==============>...............] - ETA: 0s - loss: -0.8336 - cosine_proximity: -0.8336 - mean_squared_error: 0.0908 - mean_absolute_error: 0.2053
510/510 [==============================] - 0s 192us/step - loss: -0.8387 - cosine_proximity: -0.8387 - mean_squared_error: 0.0858 - mean_absolute_error: 0.2004
Epoch 15/130

256/510 [==============>...............] - ETA: 0s - loss: -0.8427 - cosine_proximity: -0.8427 - mean_squared_error: 0.0819 - mean_absolute_error: 0.1967
510/510 [==============================] - 0s 205us/step - loss: -0.8430 - cosine_proximity: -0.8430 - mean_squared_error: 0.0848 - mean_absolute_error: 0.1991
Epoch 16/130

256/510 [==============>...............] - ETA: 0s - loss: -0.8387 - cosine_proximity: -0.8387 - mean_squared_error: 0.0921 - mean_absolute_error: 0.2095
510/510 [==============================] - 0s 193us/step - loss: -0.8472 - cosine_proximity: -0.8472 - mean_squared_error: 0.0849 - mean_absolute_error: 0.1991
Epoch 17/130

256/510 [==============>...............] - ETA: 0s - loss: -0.8494 - cosine_proximity: -0.8494 - mean_squared_error: 0.0852 - mean_absolute_error: 0.2017
510/510 [==============================] - 0s 185us/step - loss: -0.8529 - cosine_proximity: -0.8529 - mean_squared_error: 0.0832 - mean_absolute_error: 0.1964
Epoch 18/130

256/510 [==============>...............] - ETA: 0s - loss: -0.8548 - cosine_proximity: -0.8548 - mean_squared_error: 0.0838 - mean_absolute_error: 0.1986
510/510 [==============================] - 0s 207us/step - loss: -0.8570 - cosine_proximity: -0.8570 - mean_squared_error: 0.0796 - mean_absolute_error: 0.1913
Epoch 19/130

256/510 [==============>...............] - ETA: 0s - loss: -0.8563 - cosine_proximity: -0.8563 - mean_squared_error: 0.0741 - mean_absolute_error: 0.1801
510/510 [==============================] - 0s 189us/step - loss: -0.8621 - cosine_proximity: -0.8621 - mean_squared_error: 0.0759 - mean_absolute_error: 0.1860
Epoch 20/130

256/510 [==============>...............] - ETA: 0s - loss: -0.8708 - cosine_proximity: -0.8708 - mean_squared_error: 0.0689 - mean_absolute_error: 0.1768
510/510 [==============================] - 0s 202us/step - loss: -0.8662 - cosine_proximity: -0.8662 - mean_squared_error: 0.0703 - mean_absolute_error: 0.1788
Epoch 21/130

256/510 [==============>...............] - ETA: 0s - loss: -0.8615 - cosine_proximity: -0.8615 - mean_squared_error: 0.0661 - mean_absolute_error: 0.1741
510/510 [==============================] - 0s 195us/step - loss: -0.8700 - cosine_proximity: -0.8700 - mean_squared_error: 0.0702 - mean_absolute_error: 0.1764
Epoch 22/130

256/510 [==============>...............] - ETA: 0s - loss: -0.8788 - cosine_proximity: -0.8788 - mean_squared_error: 0.0736 - mean_absolute_error: 0.1795
510/510 [==============================] - 0s 184us/step - loss: -0.8734 - cosine_proximity: -0.8734 - mean_squared_error: 0.0706 - mean_absolute_error: 0.1749
Epoch 23/130

256/510 [==============>...............] - ETA: 0s - loss: -0.8778 - cosine_proximity: -0.8778 - mean_squared_error: 0.0701 - mean_absolute_error: 0.1735
510/510 [==============================] - 0s 198us/step - loss: -0.8761 - cosine_proximity: -0.8761 - mean_squared_error: 0.0706 - mean_absolute_error: 0.1741
Epoch 24/130

256/510 [==============>...............] - ETA: 0s - loss: -0.8835 - cosine_proximity: -0.8835 - mean_squared_error: 0.0780 - mean_absolute_error: 0.1787
510/510 [==============================] - 0s 203us/step - loss: -0.8790 - cosine_proximity: -0.8790 - mean_squared_error: 0.0745 - mean_absolute_error: 0.1764
Epoch 25/130

256/510 [==============>...............] - ETA: 0s - loss: -0.8896 - cosine_proximity: -0.8896 - mean_squared_error: 0.0787 - mean_absolute_error: 0.1806
510/510 [==============================] - 0s 194us/step - loss: -0.8811 - cosine_proximity: -0.8811 - mean_squared_error: 0.0786 - mean_absolute_error: 0.1787
Epoch 26/130

256/510 [==============>...............] - ETA: 0s - loss: -0.8831 - cosine_proximity: -0.8831 - mean_squared_error: 0.0806 - mean_absolute_error: 0.1838
510/510 [==============================] - 0s 205us/step - loss: -0.8848 - cosine_proximity: -0.8848 - mean_squared_error: 0.0806 - mean_absolute_error: 0.1796
Epoch 27/130

256/510 [==============>...............] - ETA: 0s - loss: -0.8883 - cosine_proximity: -0.8883 - mean_squared_error: 0.0942 - mean_absolute_error: 0.1947
510/510 [==============================] - 0s 206us/step - loss: -0.8856 - cosine_proximity: -0.8856 - mean_squared_error: 0.0833 - mean_absolute_error: 0.1809
Epoch 28/130

256/510 [==============>...............] - ETA: 0s - loss: -0.9011 - cosine_proximity: -0.9011 - mean_squared_error: 0.0731 - mean_absolute_error: 0.1679
510/510 [==============================] - 0s 197us/step - loss: -0.8879 - cosine_proximity: -0.8879 - mean_squared_error: 0.0821 - mean_absolute_error: 0.1795
Epoch 29/130

256/510 [==============>...............] - ETA: 0s - loss: -0.9025 - cosine_proximity: -0.9025 - mean_squared_error: 0.0779 - mean_absolute_error: 0.1703
510/510 [==============================] - 0s 190us/step - loss: -0.8895 - cosine_proximity: -0.8895 - mean_squared_error: 0.0829 - mean_absolute_error: 0.1792
Epoch 30/130

256/510 [==============>...............] - ETA: 0s - loss: -0.8911 - cosine_proximity: -0.8911 - mean_squared_error: 0.0891 - mean_absolute_error: 0.1872
510/510 [==============================] - 0s 199us/step - loss: -0.8896 - cosine_proximity: -0.8896 - mean_squared_error: 0.0822 - mean_absolute_error: 0.1783
Epoch 31/130

256/510 [==============>...............] - ETA: 0s - loss: -0.8947 - cosine_proximity: -0.8947 - mean_squared_error: 0.0937 - mean_absolute_error: 0.1903
510/510 [==============================] - 0s 183us/step - loss: -0.8923 - cosine_proximity: -0.8923 - mean_squared_error: 0.0844 - mean_absolute_error: 0.1800
Epoch 32/130

256/510 [==============>...............] - ETA: 0s - loss: -0.8992 - cosine_proximity: -0.8992 - mean_squared_error: 0.0773 - mean_absolute_error: 0.1705
510/510 [==============================] - 0s 203us/step - loss: -0.8945 - cosine_proximity: -0.8945 - mean_squared_error: 0.0842 - mean_absolute_error: 0.1793
Epoch 33/130

256/510 [==============>...............] - ETA: 0s - loss: -0.8990 - cosine_proximity: -0.8990 - mean_squared_error: 0.0823 - mean_absolute_error: 0.1797
510/510 [==============================] - 0s 178us/step - loss: -0.8959 - cosine_proximity: -0.8959 - mean_squared_error: 0.0837 - mean_absolute_error: 0.1793
Epoch 34/130

256/510 [==============>...............] - ETA: 0s - loss: -0.8934 - cosine_proximity: -0.8934 - mean_squared_error: 0.0900 - mean_absolute_error: 0.1837
510/510 [==============================] - 0s 205us/step - loss: -0.8944 - cosine_proximity: -0.8944 - mean_squared_error: 0.0902 - mean_absolute_error: 0.1849
Epoch 35/130

256/510 [==============>...............] - ETA: 0s - loss: -0.8902 - cosine_proximity: -0.8902 - mean_squared_error: 0.0743 - mean_absolute_error: 0.1684
510/510 [==============================] - 0s 188us/step - loss: -0.8966 - cosine_proximity: -0.8966 - mean_squared_error: 0.0855 - mean_absolute_error: 0.1818
Epoch 36/130

256/510 [==============>...............] - ETA: 0s - loss: -0.9059 - cosine_proximity: -0.9059 - mean_squared_error: 0.0960 - mean_absolute_error: 0.1907
510/510 [==============================] - 0s 197us/step - loss: -0.8979 - cosine_proximity: -0.8979 - mean_squared_error: 0.0833 - mean_absolute_error: 0.1796
Epoch 37/130

256/510 [==============>...............] - ETA: 0s - loss: -0.8859 - cosine_proximity: -0.8859 - mean_squared_error: 0.0925 - mean_absolute_error: 0.1870
510/510 [==============================] - 0s 193us/step - loss: -0.8988 - cosine_proximity: -0.8988 - mean_squared_error: 0.0900 - mean_absolute_error: 0.1843
Epoch 38/130

256/510 [==============>...............] - ETA: 0s - loss: -0.9119 - cosine_proximity: -0.9119 - mean_squared_error: 0.0886 - mean_absolute_error: 0.1839
510/510 [==============================] - 0s 188us/step - loss: -0.8994 - cosine_proximity: -0.8994 - mean_squared_error: 0.0891 - mean_absolute_error: 0.1845
Epoch 39/130

256/510 [==============>...............] - ETA: 0s - loss: -0.8938 - cosine_proximity: -0.8938 - mean_squared_error: 0.0859 - mean_absolute_error: 0.1831
510/510 [==============================] - 0s 191us/step - loss: -0.8997 - cosine_proximity: -0.8997 - mean_squared_error: 0.0893 - mean_absolute_error: 0.1855
Epoch 40/130

256/510 [==============>...............] - ETA: 0s - loss: -0.9006 - cosine_proximity: -0.9006 - mean_squared_error: 0.0833 - mean_absolute_error: 0.1801
510/510 [==============================] - 0s 197us/step - loss: -0.9011 - cosine_proximity: -0.9011 - mean_squared_error: 0.0987 - mean_absolute_error: 0.1927
Epoch 41/130

256/510 [==============>...............] - ETA: 0s - loss: -0.9106 - cosine_proximity: -0.9106 - mean_squared_error: 0.1022 - mean_absolute_error: 0.1962
510/510 [==============================] - 0s 210us/step - loss: -0.9027 - cosine_proximity: -0.9027 - mean_squared_error: 0.0955 - mean_absolute_error: 0.1898
Epoch 42/130

256/510 [==============>...............] - ETA: 0s - loss: -0.9007 - cosine_proximity: -0.9007 - mean_squared_error: 0.0831 - mean_absolute_error: 0.1803
510/510 [==============================] - 0s 192us/step - loss: -0.9017 - cosine_proximity: -0.9017 - mean_squared_error: 0.0935 - mean_absolute_error: 0.1893
Epoch 43/130

256/510 [==============>...............] - ETA: 0s - loss: -0.8914 - cosine_proximity: -0.8914 - mean_squared_error: 0.0976 - mean_absolute_error: 0.1964
510/510 [==============================] - 0s 176us/step - loss: -0.9022 - cosine_proximity: -0.9022 - mean_squared_error: 0.1012 - mean_absolute_error: 0.1946
Epoch 44/130

256/510 [==============>...............] - ETA: 0s - loss: -0.9110 - cosine_proximity: -0.9110 - mean_squared_error: 0.0993 - mean_absolute_error: 0.1914
510/510 [==============================] - 0s 192us/step - loss: -0.9046 - cosine_proximity: -0.9046 - mean_squared_error: 0.1033 - mean_absolute_error: 0.1967
Epoch 45/130

256/510 [==============>...............] - ETA: 0s - loss: -0.9048 - cosine_proximity: -0.9048 - mean_squared_error: 0.0891 - mean_absolute_error: 0.1887
510/510 [==============================] - 0s 199us/step - loss: -0.9053 - cosine_proximity: -0.9053 - mean_squared_error: 0.0968 - mean_absolute_error: 0.1928
Epoch 46/130

256/510 [==============>...............] - ETA: 0s - loss: -0.9021 - cosine_proximity: -0.9021 - mean_squared_error: 0.1075 - mean_absolute_error: 0.2083
510/510 [==============================] - 0s 199us/step - loss: -0.9048 - cosine_proximity: -0.9048 - mean_squared_error: 0.0999 - mean_absolute_error: 0.1944
Epoch 47/130

256/510 [==============>...............] - ETA: 0s - loss: -0.8909 - cosine_proximity: -0.8909 - mean_squared_error: 0.1092 - mean_absolute_error: 0.2042
510/510 [==============================] - 0s 211us/step - loss: -0.9051 - cosine_proximity: -0.9051 - mean_squared_error: 0.1051 - mean_absolute_error: 0.1978
Epoch 48/130

256/510 [==============>...............] - ETA: 0s - loss: -0.9126 - cosine_proximity: -0.9126 - mean_squared_error: 0.1003 - mean_absolute_error: 0.1938
510/510 [==============================] - 0s 189us/step - loss: -0.9060 - cosine_proximity: -0.9060 - mean_squared_error: 0.1032 - mean_absolute_error: 0.1967
Epoch 49/130

256/510 [==============>...............] - ETA: 0s - loss: -0.9043 - cosine_proximity: -0.9043 - mean_squared_error: 0.0986 - mean_absolute_error: 0.1869
510/510 [==============================] - 0s 190us/step - loss: -0.9072 - cosine_proximity: -0.9072 - mean_squared_error: 0.1058 - mean_absolute_error: 0.1997
Epoch 50/130

256/510 [==============>...............] - ETA: 0s - loss: -0.9187 - cosine_proximity: -0.9187 - mean_squared_error: 0.0965 - mean_absolute_error: 0.1848
510/510 [==============================] - 0s 211us/step - loss: -0.9072 - cosine_proximity: -0.9072 - mean_squared_error: 0.1092 - mean_absolute_error: 0.2019
Epoch 51/130

256/510 [==============>...............] - ETA: 0s - loss: -0.9053 - cosine_proximity: -0.9053 - mean_squared_error: 0.1035 - mean_absolute_error: 0.1938
510/510 [==============================] - 0s 183us/step - loss: -0.9078 - cosine_proximity: -0.9078 - mean_squared_error: 0.1125 - mean_absolute_error: 0.2044
Epoch 52/130

256/510 [==============>...............] - ETA: 0s - loss: -0.8949 - cosine_proximity: -0.8949 - mean_squared_error: 0.0954 - mean_absolute_error: 0.1905
510/510 [==============================] - 0s 186us/step - loss: -0.9099 - cosine_proximity: -0.9099 - mean_squared_error: 0.1125 - mean_absolute_error: 0.2042
Epoch 53/130

256/510 [==============>...............] - ETA: 0s - loss: -0.9107 - cosine_proximity: -0.9107 - mean_squared_error: 0.1111 - mean_absolute_error: 0.2052
510/510 [==============================] - 0s 200us/step - loss: -0.9086 - cosine_proximity: -0.9086 - mean_squared_error: 0.1095 - mean_absolute_error: 0.2018
Epoch 54/130

256/510 [==============>...............] - ETA: 0s - loss: -0.9063 - cosine_proximity: -0.9063 - mean_squared_error: 0.1114 - mean_absolute_error: 0.2027
510/510 [==============================] - 0s 205us/step - loss: -0.9074 - cosine_proximity: -0.9074 - mean_squared_error: 0.1155 - mean_absolute_error: 0.2055
Epoch 55/130

256/510 [==============>...............] - ETA: 0s - loss: -0.9064 - cosine_proximity: -0.9064 - mean_squared_error: 0.1139 - mean_absolute_error: 0.2031
510/510 [==============================] - 0s 191us/step - loss: -0.9096 - cosine_proximity: -0.9096 - mean_squared_error: 0.1202 - mean_absolute_error: 0.2096
Epoch 56/130

256/510 [==============>...............] - ETA: 0s - loss: -0.9142 - cosine_proximity: -0.9142 - mean_squared_error: 0.1223 - mean_absolute_error: 0.2120
510/510 [==============================] - 0s 201us/step - loss: -0.9097 - cosine_proximity: -0.9097 - mean_squared_error: 0.1150 - mean_absolute_error: 0.2068
Epoch 57/130

256/510 [==============>...............] - ETA: 0s - loss: -0.9029 - cosine_proximity: -0.9029 - mean_squared_error: 0.1252 - mean_absolute_error: 0.2141
510/510 [==============================] - 0s 190us/step - loss: -0.9116 - cosine_proximity: -0.9116 - mean_squared_error: 0.1191 - mean_absolute_error: 0.2096
Epoch 58/130

256/510 [==============>...............] - ETA: 0s - loss: -0.9130 - cosine_proximity: -0.9130 - mean_squared_error: 0.1276 - mean_absolute_error: 0.2170
510/510 [==============================] - 0s 204us/step - loss: -0.9109 - cosine_proximity: -0.9109 - mean_squared_error: 0.1252 - mean_absolute_error: 0.2135
Epoch 59/130

256/510 [==============>...............] - ETA: 0s - loss: -0.9000 - cosine_proximity: -0.9000 - mean_squared_error: 0.1069 - mean_absolute_error: 0.2019
510/510 [==============================] - 0s 185us/step - loss: -0.9118 - cosine_proximity: -0.9118 - mean_squared_error: 0.1186 - mean_absolute_error: 0.2095
Epoch 60/130

256/510 [==============>...............] - ETA: 0s - loss: -0.9137 - cosine_proximity: -0.9137 - mean_squared_error: 0.1307 - mean_absolute_error: 0.2156
510/510 [==============================] - 0s 190us/step - loss: -0.9113 - cosine_proximity: -0.9113 - mean_squared_error: 0.1219 - mean_absolute_error: 0.2113
Epoch 61/130

256/510 [==============>...............] - ETA: 0s - loss: -0.9112 - cosine_proximity: -0.9112 - mean_squared_error: 0.1268 - mean_absolute_error: 0.2193
510/510 [==============================] - 0s 174us/step - loss: -0.9123 - cosine_proximity: -0.9123 - mean_squared_error: 0.1194 - mean_absolute_error: 0.2104
Epoch 62/130

256/510 [==============>...............] - ETA: 0s - loss: -0.9188 - cosine_proximity: -0.9188 - mean_squared_error: 0.1302 - mean_absolute_error: 0.2151
510/510 [==============================] - 0s 196us/step - loss: -0.9127 - cosine_proximity: -0.9127 - mean_squared_error: 0.1234 - mean_absolute_error: 0.2145
Epoch 63/130

256/510 [==============>...............] - ETA: 0s - loss: -0.9090 - cosine_proximity: -0.9090 - mean_squared_error: 0.1370 - mean_absolute_error: 0.2276
510/510 [==============================] - 0s 201us/step - loss: -0.9130 - cosine_proximity: -0.9130 - mean_squared_error: 0.1326 - mean_absolute_error: 0.2203
Epoch 64/130

256/510 [==============>...............] - ETA: 0s - loss: -0.9192 - cosine_proximity: -0.9192 - mean_squared_error: 0.1049 - mean_absolute_error: 0.1994
510/510 [==============================] - 0s 187us/step - loss: -0.9139 - cosine_proximity: -0.9139 - mean_squared_error: 0.1248 - mean_absolute_error: 0.2147
Epoch 65/130

256/510 [==============>...............] - ETA: 0s - loss: -0.9062 - cosine_proximity: -0.9062 - mean_squared_error: 0.1271 - mean_absolute_error: 0.2166
510/510 [==============================] - 0s 210us/step - loss: -0.9124 - cosine_proximity: -0.9124 - mean_squared_error: 0.1235 - mean_absolute_error: 0.2136
Epoch 66/130

256/510 [==============>...............] - ETA: 0s - loss: -0.9078 - cosine_proximity: -0.9078 - mean_squared_error: 0.1301 - mean_absolute_error: 0.2207
510/510 [==============================] - 0s 175us/step - loss: -0.9140 - cosine_proximity: -0.9140 - mean_squared_error: 0.1318 - mean_absolute_error: 0.2184
Epoch 67/130

256/510 [==============>...............] - ETA: 0s - loss: -0.9161 - cosine_proximity: -0.9161 - mean_squared_error: 0.1336 - mean_absolute_error: 0.2169
510/510 [==============================] - 0s 176us/step - loss: -0.9143 - cosine_proximity: -0.9143 - mean_squared_error: 0.1344 - mean_absolute_error: 0.2202
Epoch 68/130

256/510 [==============>...............] - ETA: 0s - loss: -0.9143 - cosine_proximity: -0.9143 - mean_squared_error: 0.1259 - mean_absolute_error: 0.2125
510/510 [==============================] - 0s 205us/step - loss: -0.9151 - cosine_proximity: -0.9151 - mean_squared_error: 0.1349 - mean_absolute_error: 0.2226
Epoch 69/130

256/510 [==============>...............] - ETA: 0s - loss: -0.9233 - cosine_proximity: -0.9233 - mean_squared_error: 0.1201 - mean_absolute_error: 0.2088
510/510 [==============================] - 0s 197us/step - loss: -0.9158 - cosine_proximity: -0.9158 - mean_squared_error: 0.1419 - mean_absolute_error: 0.2270
Epoch 70/130

256/510 [==============>...............] - ETA: 0s - loss: -0.9059 - cosine_proximity: -0.9059 - mean_squared_error: 0.1391 - mean_absolute_error: 0.2282
510/510 [==============================] - 0s 202us/step - loss: -0.9156 - cosine_proximity: -0.9156 - mean_squared_error: 0.1448 - mean_absolute_error: 0.2286
Epoch 71/130

256/510 [==============>...............] - ETA: 0s - loss: -0.9171 - cosine_proximity: -0.9171 - mean_squared_error: 0.1452 - mean_absolute_error: 0.2285
510/510 [==============================] - 0s 198us/step - loss: -0.9163 - cosine_proximity: -0.9163 - mean_squared_error: 0.1379 - mean_absolute_error: 0.2233
Epoch 72/130

256/510 [==============>...............] - ETA: 0s - loss: -0.9159 - cosine_proximity: -0.9159 - mean_squared_error: 0.1436 - mean_absolute_error: 0.2313
510/510 [==============================] - 0s 192us/step - loss: -0.9161 - cosine_proximity: -0.9161 - mean_squared_error: 0.1376 - mean_absolute_error: 0.2247
Epoch 73/130

256/510 [==============>...............] - ETA: 0s - loss: -0.8961 - cosine_proximity: -0.8961 - mean_squared_error: 0.1382 - mean_absolute_error: 0.2245
510/510 [==============================] - 0s 159us/step - loss: -0.9183 - cosine_proximity: -0.9183 - mean_squared_error: 0.1475 - mean_absolute_error: 0.2301
Epoch 74/130

256/510 [==============>...............] - ETA: 0s - loss: -0.9077 - cosine_proximity: -0.9077 - mean_squared_error: 0.1318 - mean_absolute_error: 0.2136
510/510 [==============================] - 0s 191us/step - loss: -0.9183 - cosine_proximity: -0.9183 - mean_squared_error: 0.1467 - mean_absolute_error: 0.2292
Epoch 75/130

256/510 [==============>...............] - ETA: 0s - loss: -0.9082 - cosine_proximity: -0.9082 - mean_squared_error: 0.1297 - mean_absolute_error: 0.2198
510/510 [==============================] - 0s 178us/step - loss: -0.9184 - cosine_proximity: -0.9184 - mean_squared_error: 0.1379 - mean_absolute_error: 0.2231
Epoch 76/130

256/510 [==============>...............] - ETA: 0s - loss: -0.9162 - cosine_proximity: -0.9162 - mean_squared_error: 0.1435 - mean_absolute_error: 0.2316
510/510 [==============================] - 0s 174us/step - loss: -0.9200 - cosine_proximity: -0.9200 - mean_squared_error: 0.1429 - mean_absolute_error: 0.2275
Epoch 77/130

256/510 [==============>...............] - ETA: 0s - loss: -0.9141 - cosine_proximity: -0.9141 - mean_squared_error: 0.1370 - mean_absolute_error: 0.2177
510/510 [==============================] - 0s 217us/step - loss: -0.9199 - cosine_proximity: -0.9199 - mean_squared_error: 0.1468 - mean_absolute_error: 0.2291
Epoch 78/130

256/510 [==============>...............] - ETA: 0s - loss: -0.9286 - cosine_proximity: -0.9286 - mean_squared_error: 0.1413 - mean_absolute_error: 0.2237
510/510 [==============================] - 0s 194us/step - loss: -0.9197 - cosine_proximity: -0.9197 - mean_squared_error: 0.1448 - mean_absolute_error: 0.2288
Epoch 79/130

256/510 [==============>...............] - ETA: 0s - loss: -0.9229 - cosine_proximity: -0.9229 - mean_squared_error: 0.1516 - mean_absolute_error: 0.2404
510/510 [==============================] - 0s 207us/step - loss: -0.9204 - cosine_proximity: -0.9204 - mean_squared_error: 0.1401 - mean_absolute_error: 0.2253
Epoch 80/130

256/510 [==============>...............] - ETA: 0s - loss: -0.9124 - cosine_proximity: -0.9124 - mean_squared_error: 0.1490 - mean_absolute_error: 0.2344
510/510 [==============================] - 0s 188us/step - loss: -0.9208 - cosine_proximity: -0.9208 - mean_squared_error: 0.1442 - mean_absolute_error: 0.2283
Epoch 81/130

256/510 [==============>...............] - ETA: 0s - loss: -0.9123 - cosine_proximity: -0.9123 - mean_squared_error: 0.1633 - mean_absolute_error: 0.2463
510/510 [==============================] - 0s 182us/step - loss: -0.9207 - cosine_proximity: -0.9207 - mean_squared_error: 0.1451 - mean_absolute_error: 0.2291
Epoch 82/130

256/510 [==============>...............] - ETA: 0s - loss: -0.9219 - cosine_proximity: -0.9219 - mean_squared_error: 0.1377 - mean_absolute_error: 0.2260
510/510 [==============================] - 0s 198us/step - loss: -0.9219 - cosine_proximity: -0.9219 - mean_squared_error: 0.1391 - mean_absolute_error: 0.2247
Epoch 83/130

256/510 [==============>...............] - ETA: 0s - loss: -0.9215 - cosine_proximity: -0.9215 - mean_squared_error: 0.1405 - mean_absolute_error: 0.2229
510/510 [==============================] - 0s 179us/step - loss: -0.9228 - cosine_proximity: -0.9228 - mean_squared_error: 0.1421 - mean_absolute_error: 0.2273
Epoch 84/130

256/510 [==============>...............] - ETA: 0s - loss: -0.9317 - cosine_proximity: -0.9317 - mean_squared_error: 0.1626 - mean_absolute_error: 0.2447
510/510 [==============================] - 0s 191us/step - loss: -0.9219 - cosine_proximity: -0.9219 - mean_squared_error: 0.1490 - mean_absolute_error: 0.2321
Epoch 85/130

256/510 [==============>...............] - ETA: 0s - loss: -0.9222 - cosine_proximity: -0.9222 - mean_squared_error: 0.1510 - mean_absolute_error: 0.2359
510/510 [==============================] - 0s 188us/step - loss: -0.9225 - cosine_proximity: -0.9225 - mean_squared_error: 0.1496 - mean_absolute_error: 0.2319
Epoch 86/130

256/510 [==============>...............] - ETA: 0s - loss: -0.9272 - cosine_proximity: -0.9272 - mean_squared_error: 0.1304 - mean_absolute_error: 0.2189
510/510 [==============================] - 0s 191us/step - loss: -0.9227 - cosine_proximity: -0.9227 - mean_squared_error: 0.1453 - mean_absolute_error: 0.2284
Epoch 87/130

256/510 [==============>...............] - ETA: 0s - loss: -0.9188 - cosine_proximity: -0.9188 - mean_squared_error: 0.1680 - mean_absolute_error: 0.2497
510/510 [==============================] - 0s 216us/step - loss: -0.9218 - cosine_proximity: -0.9218 - mean_squared_error: 0.1499 - mean_absolute_error: 0.2316
Epoch 88/130

256/510 [==============>...............] - ETA: 0s - loss: -0.9269 - cosine_proximity: -0.9269 - mean_squared_error: 0.1548 - mean_absolute_error: 0.2331
510/510 [==============================] - 0s 185us/step - loss: -0.9231 - cosine_proximity: -0.9231 - mean_squared_error: 0.1522 - mean_absolute_error: 0.2336
Epoch 89/130

256/510 [==============>...............] - ETA: 0s - loss: -0.9202 - cosine_proximity: -0.9202 - mean_squared_error: 0.1470 - mean_absolute_error: 0.2309
510/510 [==============================] - 0s 197us/step - loss: -0.9234 - cosine_proximity: -0.9234 - mean_squared_error: 0.1504 - mean_absolute_error: 0.2326
Epoch 90/130

256/510 [==============>...............] - ETA: 0s - loss: -0.9199 - cosine_proximity: -0.9199 - mean_squared_error: 0.1619 - mean_absolute_error: 0.2446
510/510 [==============================] - 0s 197us/step - loss: -0.9238 - cosine_proximity: -0.9238 - mean_squared_error: 0.1521 - mean_absolute_error: 0.2328
Epoch 91/130

256/510 [==============>...............] - ETA: 0s - loss: -0.9250 - cosine_proximity: -0.9250 - mean_squared_error: 0.1352 - mean_absolute_error: 0.2179
510/510 [==============================] - 0s 190us/step - loss: -0.9241 - cosine_proximity: -0.9241 - mean_squared_error: 0.1588 - mean_absolute_error: 0.2366
Epoch 92/130

256/510 [==============>...............] - ETA: 0s - loss: -0.9229 - cosine_proximity: -0.9229 - mean_squared_error: 0.1520 - mean_absolute_error: 0.2327
510/510 [==============================] - 0s 175us/step - loss: -0.9252 - cosine_proximity: -0.9252 - mean_squared_error: 0.1536 - mean_absolute_error: 0.2336
Epoch 93/130

256/510 [==============>...............] - ETA: 0s - loss: -0.9232 - cosine_proximity: -0.9232 - mean_squared_error: 0.1593 - mean_absolute_error: 0.2365
510/510 [==============================] - 0s 206us/step - loss: -0.9260 - cosine_proximity: -0.9260 - mean_squared_error: 0.1520 - mean_absolute_error: 0.2323
Epoch 94/130

256/510 [==============>...............] - ETA: 0s - loss: -0.9327 - cosine_proximity: -0.9327 - mean_squared_error: 0.1403 - mean_absolute_error: 0.2210
510/510 [==============================] - 0s 206us/step - loss: -0.9250 - cosine_proximity: -0.9250 - mean_squared_error: 0.1597 - mean_absolute_error: 0.2370
Epoch 95/130

256/510 [==============>...............] - ETA: 0s - loss: -0.9330 - cosine_proximity: -0.9330 - mean_squared_error: 0.1365 - mean_absolute_error: 0.2183
510/510 [==============================] - 0s 183us/step - loss: -0.9263 - cosine_proximity: -0.9263 - mean_squared_error: 0.1597 - mean_absolute_error: 0.2375
Epoch 96/130

256/510 [==============>...............] - ETA: 0s - loss: -0.9198 - cosine_proximity: -0.9198 - mean_squared_error: 0.1386 - mean_absolute_error: 0.2256
510/510 [==============================] - 0s 188us/step - loss: -0.9250 - cosine_proximity: -0.9250 - mean_squared_error: 0.1548 - mean_absolute_error: 0.2346
Epoch 97/130

256/510 [==============>...............] - ETA: 0s - loss: -0.9307 - cosine_proximity: -0.9307 - mean_squared_error: 0.1498 - mean_absolute_error: 0.2324
510/510 [==============================] - 0s 209us/step - loss: -0.9272 - cosine_proximity: -0.9272 - mean_squared_error: 0.1563 - mean_absolute_error: 0.2351
Epoch 98/130

256/510 [==============>...............] - ETA: 0s - loss: -0.9336 - cosine_proximity: -0.9336 - mean_squared_error: 0.1581 - mean_absolute_error: 0.2353
510/510 [==============================] - 0s 185us/step - loss: -0.9271 - cosine_proximity: -0.9271 - mean_squared_error: 0.1578 - mean_absolute_error: 0.2359
Epoch 99/130

256/510 [==============>...............] - ETA: 0s - loss: -0.9373 - cosine_proximity: -0.9373 - mean_squared_error: 0.1488 - mean_absolute_error: 0.2241
510/510 [==============================] - 0s 188us/step - loss: -0.9277 - cosine_proximity: -0.9277 - mean_squared_error: 0.1571 - mean_absolute_error: 0.2355
Epoch 100/130

256/510 [==============>...............] - ETA: 0s - loss: -0.9193 - cosine_proximity: -0.9193 - mean_squared_error: 0.1531 - mean_absolute_error: 0.2328
510/510 [==============================] - 0s 202us/step - loss: -0.9257 - cosine_proximity: -0.9257 - mean_squared_error: 0.1528 - mean_absolute_error: 0.2336
Epoch 101/130

256/510 [==============>...............] - ETA: 0s - loss: -0.9247 - cosine_proximity: -0.9247 - mean_squared_error: 0.1450 - mean_absolute_error: 0.2271
510/510 [==============================] - 0s 197us/step - loss: -0.9277 - cosine_proximity: -0.9277 - mean_squared_error: 0.1535 - mean_absolute_error: 0.2331
Epoch 102/130

256/510 [==============>...............] - ETA: 0s - loss: -0.9294 - cosine_proximity: -0.9294 - mean_squared_error: 0.1677 - mean_absolute_error: 0.2427
510/510 [==============================] - 0s 180us/step - loss: -0.9270 - cosine_proximity: -0.9270 - mean_squared_error: 0.1633 - mean_absolute_error: 0.2393
Epoch 103/130

256/510 [==============>...............] - ETA: 0s - loss: -0.9366 - cosine_proximity: -0.9366 - mean_squared_error: 0.1517 - mean_absolute_error: 0.2301
510/510 [==============================] - 0s 175us/step - loss: -0.9292 - cosine_proximity: -0.9292 - mean_squared_error: 0.1643 - mean_absolute_error: 0.2406
Epoch 104/130

256/510 [==============>...............] - ETA: 0s - loss: -0.9211 - cosine_proximity: -0.9211 - mean_squared_error: 0.1746 - mean_absolute_error: 0.2554
510/510 [==============================] - 0s 190us/step - loss: -0.9286 - cosine_proximity: -0.9286 - mean_squared_error: 0.1534 - mean_absolute_error: 0.2343
Epoch 105/130

256/510 [==============>...............] - ETA: 0s - loss: -0.9343 - cosine_proximity: -0.9343 - mean_squared_error: 0.1333 - mean_absolute_error: 0.2143
510/510 [==============================] - 0s 183us/step - loss: -0.9290 - cosine_proximity: -0.9290 - mean_squared_error: 0.1556 - mean_absolute_error: 0.2349
Epoch 106/130

256/510 [==============>...............] - ETA: 0s - loss: -0.9315 - cosine_proximity: -0.9315 - mean_squared_error: 0.1767 - mean_absolute_error: 0.2476
510/510 [==============================] - 0s 190us/step - loss: -0.9282 - cosine_proximity: -0.9282 - mean_squared_error: 0.1635 - mean_absolute_error: 0.2388
Epoch 107/130

256/510 [==============>...............] - ETA: 0s - loss: -0.9212 - cosine_proximity: -0.9212 - mean_squared_error: 0.1736 - mean_absolute_error: 0.2478
510/510 [==============================] - 0s 211us/step - loss: -0.9287 - cosine_proximity: -0.9287 - mean_squared_error: 0.1595 - mean_absolute_error: 0.2376
Epoch 108/130

256/510 [==============>...............] - ETA: 0s - loss: -0.9219 - cosine_proximity: -0.9219 - mean_squared_error: 0.1574 - mean_absolute_error: 0.2383
510/510 [==============================] - 0s 190us/step - loss: -0.9299 - cosine_proximity: -0.9299 - mean_squared_error: 0.1583 - mean_absolute_error: 0.2363
Epoch 109/130

256/510 [==============>...............] - ETA: 0s - loss: -0.9310 - cosine_proximity: -0.9310 - mean_squared_error: 0.1771 - mean_absolute_error: 0.2556
510/510 [==============================] - 0s 206us/step - loss: -0.9302 - cosine_proximity: -0.9302 - mean_squared_error: 0.1609 - mean_absolute_error: 0.2381
Epoch 110/130

256/510 [==============>...............] - ETA: 0s - loss: -0.9389 - cosine_proximity: -0.9389 - mean_squared_error: 0.1253 - mean_absolute_error: 0.2055
510/510 [==============================] - 0s 184us/step - loss: -0.9309 - cosine_proximity: -0.9309 - mean_squared_error: 0.1584 - mean_absolute_error: 0.2355
Epoch 111/130

256/510 [==============>...............] - ETA: 0s - loss: -0.9451 - cosine_proximity: -0.9451 - mean_squared_error: 0.1791 - mean_absolute_error: 0.2521
510/510 [==============================] - 0s 216us/step - loss: -0.9301 - cosine_proximity: -0.9301 - mean_squared_error: 0.1598 - mean_absolute_error: 0.2372
Epoch 112/130

256/510 [==============>...............] - ETA: 0s - loss: -0.9239 - cosine_proximity: -0.9239 - mean_squared_error: 0.1624 - mean_absolute_error: 0.2447
510/510 [==============================] - 0s 195us/step - loss: -0.9298 - cosine_proximity: -0.9298 - mean_squared_error: 0.1651 - mean_absolute_error: 0.2406
Epoch 113/130

256/510 [==============>...............] - ETA: 0s - loss: -0.9308 - cosine_proximity: -0.9308 - mean_squared_error: 0.1826 - mean_absolute_error: 0.2548
510/510 [==============================] - 0s 190us/step - loss: -0.9315 - cosine_proximity: -0.9315 - mean_squared_error: 0.1684 - mean_absolute_error: 0.2423
Epoch 114/130

256/510 [==============>...............] - ETA: 0s - loss: -0.9316 - cosine_proximity: -0.9316 - mean_squared_error: 0.1635 - mean_absolute_error: 0.2432
510/510 [==============================] - 0s 190us/step - loss: -0.9304 - cosine_proximity: -0.9304 - mean_squared_error: 0.1620 - mean_absolute_error: 0.2381
Epoch 115/130

256/510 [==============>...............] - ETA: 0s - loss: -0.9248 - cosine_proximity: -0.9248 - mean_squared_error: 0.1542 - mean_absolute_error: 0.2304
510/510 [==============================] - 0s 191us/step - loss: -0.9318 - cosine_proximity: -0.9318 - mean_squared_error: 0.1579 - mean_absolute_error: 0.2347
Epoch 116/130

256/510 [==============>...............] - ETA: 0s - loss: -0.9314 - cosine_proximity: -0.9314 - mean_squared_error: 0.1537 - mean_absolute_error: 0.2303
510/510 [==============================] - 0s 182us/step - loss: -0.9320 - cosine_proximity: -0.9320 - mean_squared_error: 0.1625 - mean_absolute_error: 0.2376
Epoch 117/130

256/510 [==============>...............] - ETA: 0s - loss: -0.9275 - cosine_proximity: -0.9275 - mean_squared_error: 0.1640 - mean_absolute_error: 0.2411
510/510 [==============================] - 0s 210us/step - loss: -0.9316 - cosine_proximity: -0.9316 - mean_squared_error: 0.1676 - mean_absolute_error: 0.2422
Epoch 118/130

256/510 [==============>...............] - ETA: 0s - loss: -0.9386 - cosine_proximity: -0.9386 - mean_squared_error: 0.1782 - mean_absolute_error: 0.2438
510/510 [==============================] - 0s 172us/step - loss: -0.9312 - cosine_proximity: -0.9312 - mean_squared_error: 0.1674 - mean_absolute_error: 0.2414
Epoch 119/130

256/510 [==============>...............] - ETA: 0s - loss: -0.9298 - cosine_proximity: -0.9298 - mean_squared_error: 0.1549 - mean_absolute_error: 0.2328
510/510 [==============================] - 0s 185us/step - loss: -0.9330 - cosine_proximity: -0.9330 - mean_squared_error: 0.1607 - mean_absolute_error: 0.2365
Epoch 120/130

256/510 [==============>...............] - ETA: 0s - loss: -0.9399 - cosine_proximity: -0.9399 - mean_squared_error: 0.1746 - mean_absolute_error: 0.2481
510/510 [==============================] - 0s 189us/step - loss: -0.9334 - cosine_proximity: -0.9334 - mean_squared_error: 0.1599 - mean_absolute_error: 0.2357
Epoch 121/130

256/510 [==============>...............] - ETA: 0s - loss: -0.9321 - cosine_proximity: -0.9321 - mean_squared_error: 0.1525 - mean_absolute_error: 0.2329
510/510 [==============================] - 0s 205us/step - loss: -0.9335 - cosine_proximity: -0.9335 - mean_squared_error: 0.1634 - mean_absolute_error: 0.2387
Epoch 122/130

256/510 [==============>...............] - ETA: 0s - loss: -0.9339 - cosine_proximity: -0.9339 - mean_squared_error: 0.1944 - mean_absolute_error: 0.2672
510/510 [==============================] - 0s 208us/step - loss: -0.9336 - cosine_proximity: -0.9336 - mean_squared_error: 0.1672 - mean_absolute_error: 0.2413
Epoch 123/130

256/510 [==============>...............] - ETA: 0s - loss: -0.9320 - cosine_proximity: -0.9320 - mean_squared_error: 0.1658 - mean_absolute_error: 0.2412
510/510 [==============================] - 0s 189us/step - loss: -0.9338 - cosine_proximity: -0.9338 - mean_squared_error: 0.1639 - mean_absolute_error: 0.2391
Epoch 124/130

256/510 [==============>...............] - ETA: 0s - loss: -0.9225 - cosine_proximity: -0.9225 - mean_squared_error: 0.1700 - mean_absolute_error: 0.2439
510/510 [==============================] - 0s 201us/step - loss: -0.9339 - cosine_proximity: -0.9339 - mean_squared_error: 0.1607 - mean_absolute_error: 0.2377
Epoch 125/130

256/510 [==============>...............] - ETA: 0s - loss: -0.9380 - cosine_proximity: -0.9380 - mean_squared_error: 0.1475 - mean_absolute_error: 0.2232
510/510 [==============================] - 0s 186us/step - loss: -0.9344 - cosine_proximity: -0.9344 - mean_squared_error: 0.1653 - mean_absolute_error: 0.2400
Epoch 126/130

256/510 [==============>...............] - ETA: 0s - loss: -0.9380 - cosine_proximity: -0.9380 - mean_squared_error: 0.1843 - mean_absolute_error: 0.2531
510/510 [==============================] - 0s 189us/step - loss: -0.9336 - cosine_proximity: -0.9336 - mean_squared_error: 0.1690 - mean_absolute_error: 0.2423
Epoch 127/130

256/510 [==============>...............] - ETA: 0s - loss: -0.9386 - cosine_proximity: -0.9386 - mean_squared_error: 0.1680 - mean_absolute_error: 0.2430
510/510 [==============================] - 0s 183us/step - loss: -0.9363 - cosine_proximity: -0.9363 - mean_squared_error: 0.1655 - mean_absolute_error: 0.2398
Epoch 128/130

256/510 [==============>...............] - ETA: 0s - loss: -0.9394 - cosine_proximity: -0.9394 - mean_squared_error: 0.1724 - mean_absolute_error: 0.2460
510/510 [==============================] - 0s 196us/step - loss: -0.9355 - cosine_proximity: -0.9355 - mean_squared_error: 0.1649 - mean_absolute_error: 0.2391
Epoch 129/130

256/510 [==============>...............] - ETA: 0s - loss: -0.9392 - cosine_proximity: -0.9392 - mean_squared_error: 0.1818 - mean_absolute_error: 0.2503
510/510 [==============================] - 0s 183us/step - loss: -0.9350 - cosine_proximity: -0.9350 - mean_squared_error: 0.1650 - mean_absolute_error: 0.2389
Epoch 130/130

256/510 [==============>...............] - ETA: 0s - loss: -0.9445 - cosine_proximity: -0.9445 - mean_squared_error: 0.1663 - mean_absolute_error: 0.2408
510/510 [==============================] - 0s 205us/step - loss: -0.9337 - cosine_proximity: -0.9337 - mean_squared_error: 0.1665 - mean_absolute_error: 0.2416
Plots saved in plots/
Training finished

 256/1760 [===>..........................] - ETA: 0s
1280/1760 [====================>.........] - ETA: 0s
1760/1760 [==============================] - 0s 129us/step
/home/gazkune/.virtualenvs/generic-ar/local/lib/python2.7/site-packages/sklearn/metrics/classification.py:1143: UndefinedMetricWarning: Precision is ill-defined and being set to 0.0 in labels with no predicted samples.
  'precision', 'predicted', average, warn_for)
/home/gazkune/.virtualenvs/generic-ar/local/lib/python2.7/site-packages/sklearn/metrics/classification.py:1143: UndefinedMetricWarning: F-score is ill-defined and being set to 0.0 in labels with no predicted samples.
  'precision', 'predicted', average, warn_for)
Transforming regression predictions to classes
Predicted unique activities:
[ 1  3  7  8  9 12 15 16 19 20 24 25 26 27]
ytrue shape:  (1760,)
ypreds shape:  (1760, 5)
Classes for the heatmap (31)
[u'store_groceries', u'take_shower', u'put_clothes_in_washing_machine', u'leave_house', u'brush_teeth', u'put_items_in_dishwasher', u'unload_dishwasher', u'prepare_dinner', u'go_to_bed', u'use_toilet', u'get_snack', u'unload_washing_machine', u'get_drink', u'receive_guest', u'prepare_breakfast', u'get_dressed', u'prepare_brunch', u'answering_phone', u'search_keys', u'eat_brunch', u'prepare_for_leaving', u'setting_up_sensors', u'on_phone', u'shaving', u'wash_dishes', u'install_sensor', u'eat_dinner', u'faster_kitchen_camera', u'play_piano', u'drop_dish', u'unpacking']
Utils: ypred unique values: [ 1  3  7  8  9 12 16 19 26]
Confusion matrix, without normalization
Utils: ypred unique values: [ 1  3  7  8  9 12 16 19 26]
Normalized confusion matrix
Metrics saved in results/07-kasterenA-kasterenB-cross_lstm-reg-with_time-no_nones-kasterenA-kasterenB-complete-metrics.json
