Using TensorFlow backend.
Selected train dataset: kasterenC
Selected test dataset: kasterenA
Dataset base directory: ../../formatted_datasets/
Daytime option: with_time
Nones option: no_nones
Selected action/activity representation: sum
Number of epochs:  148
Experiment ID: cross_lstm-reg-with_time-no_nones-kasterenC-kasterenA
Treat imbalance data: False
Batch size: 1024
Dropout: 0.7
Loss: cosine_proximity
Number of predictions: 5
file number:  5
Loading and formatting data
File name: ../../formatted_datasets/kasterenC/complete/with_time_no_nones/kasterenC_sum_60_embedding_weights.npy
File name: ../../formatted_datasets/kasterenA/complete/with_time_no_nones/kasterenA_sum_60_embedding_weights.npy
Reformatting datasets for cross dataset usage
None activity ignored
Activity take_shower is already in the dict
None activity ignored
Activity put_clothes_in_washing_machine is already in the dict
Activity leave_house is already in the dict
Activity brush_teeth is already in the dict
Activity prepare_dinner is already in the dict
Activity go_to_bed is already in the dict
Activity use_toilet is already in the dict
Activity get_snack is already in the dict
Activity get_drink is already in the dict
Activity prepare_breakfast is already in the dict
---------------------------------
Common data structures info:
Embedding matrices:
   Embedding matrix shape for training: (25, 300)
   Embedding matrix shape for testing: (19, 300)
   Common embedding matrix shape: (43, 300)
Activity to int:
   Activities in training: 16
   Activities in testing: 15
   Common activities: 21
File name for y embedding (train): ../../formatted_datasets/kasterenC/complete/with_time_no_nones/kasterenC_sum_60_y_embedding.npy
File name for y embedding (test): ../../formatted_datasets/kasterenA/complete/with_time_no_nones/kasterenA_sum_60_y_embedding.npy
X sequences:
   X train shape: (2732, 28)
   X test shape: (510, 28)
y labels:
   y train embedding shape: (2732, 300)
   y test embedding shape: (510, 300)
   y train one hot shape: (2732, 21)
   y test one hot shape: (510, 21)
   y train index shape: (2732,)
   y test index shape: (510,)
max sequence length (train, test): 28, 28
features per action: 43
Action max length: 300
Activity distribution for training:
{u'brush_teeth': 55,
 u'eating': 60,
 u'get_dressed': 41,
 u'get_drink': 7,
 u'get_snack': 9,
 u'go_to_bed': 1961,
 u'leave_house': 121,
 u'prepare_breakfast': 34,
 u'prepare_dinner': 109,
 u'prepare_lunch': 27,
 u'put_clothes_in_washing_machine': 6,
 u'relax': 131,
 u'shave': 32,
 u'take_medication': 3,
 u'take_shower': 86,
 u'use_toilet': 50}
Activity distribution for testing:
{u'brush_teeth': 11,
 u'get_drink': 23,
 u'get_snack': 21,
 u'go_to_bed': 54,
 u'leave_house': 69,
 u'prepare_breakfast': 37,
 u'prepare_dinner': 64,
 u'put_clothes_in_washing_machine': 3,
 u'put_items_in_dishwasher': 9,
 u'receive_guest': 10,
 u'store_groceries': 1,
 u'take_shower': 41,
 u'unload_dishwasher': 12,
 u'unload_washing_machine': 4,
 u'use_toilet': 151}
Building model...
WARNING:tensorflow:From /home/gazkune/.virtualenvs/generic-ar/local/lib/python2.7/site-packages/tensorflow/python/framework/op_def_library.py:263: colocate_with (from tensorflow.python.framework.ops) is deprecated and will be removed in a future version.
Instructions for updating:
Colocations handled automatically by placer.
2019-06-17 17:00:46.412802: I tensorflow/core/platform/cpu_feature_guard.cc:141] Your CPU supports instructions that this TensorFlow binary was not compiled to use: AVX2 AVX512F FMA
2019-06-17 17:00:46.573247: I tensorflow/compiler/xla/service/service.cc:150] XLA service 0x5e617f0 executing computations on platform CUDA. Devices:
2019-06-17 17:00:46.573277: I tensorflow/compiler/xla/service/service.cc:158]   StreamExecutor device (0): TITAN V, Compute Capability 7.0
2019-06-17 17:00:46.591745: I tensorflow/core/platform/profile_utils/cpu_utils.cc:94] CPU Frequency: 2800000000 Hz
2019-06-17 17:00:46.593546: I tensorflow/compiler/xla/service/service.cc:150] XLA service 0x5f50440 executing computations on platform Host. Devices:
2019-06-17 17:00:46.593585: I tensorflow/compiler/xla/service/service.cc:158]   StreamExecutor device (0): <undefined>, <undefined>
2019-06-17 17:00:46.594447: I tensorflow/core/common_runtime/gpu/gpu_device.cc:1433] Found device 0 with properties: 
name: TITAN V major: 7 minor: 0 memoryClockRate(GHz): 1.455
pciBusID: 0000:21:00.0
totalMemory: 11.75GiB freeMemory: 11.40GiB
2019-06-17 17:00:46.594466: I tensorflow/core/common_runtime/gpu/gpu_device.cc:1512] Adding visible gpu devices: 0
2019-06-17 17:00:46.595811: I tensorflow/core/common_runtime/gpu/gpu_device.cc:984] Device interconnect StreamExecutor with strength 1 edge matrix:
2019-06-17 17:00:46.595831: I tensorflow/core/common_runtime/gpu/gpu_device.cc:990]      0 
2019-06-17 17:00:46.595840: I tensorflow/core/common_runtime/gpu/gpu_device.cc:1003] 0:   N 
2019-06-17 17:00:46.596378: I tensorflow/core/common_runtime/gpu/gpu_device.cc:1115] Created TensorFlow device (/job:localhost/replica:0/task:0/device:GPU:0 with 11090 MB memory) -> physical GPU (device: 0, name: TITAN V, pci bus id: 0000:21:00.0, compute capability: 7.0)
WARNING:tensorflow:From /home/gazkune/.virtualenvs/generic-ar/local/lib/python2.7/site-packages/keras/backend/tensorflow_backend.py:3138: calling dropout (from tensorflow.python.ops.nn_ops) with keep_prob is deprecated and will be removed in a future version.
Instructions for updating:
Please use `rate` instead of `keep_prob`. Rate should be set to `rate = 1 - keep_prob`.
Model built
_________________________________________________________________
Layer (type)                 Output Shape              Param #   
=================================================================
embedding_1 (Embedding)      (None, 28, 300)           12900     
_________________________________________________________________
lstm_1 (LSTM)                (None, 512)               1665024   
_________________________________________________________________
dense_1 (Dense)              (None, 300)               153900    
=================================================================
Total params: 1,831,824
Trainable params: 1,818,924
Non-trainable params: 12,900
_________________________________________________________________
None
Training...
WARNING:tensorflow:From /home/gazkune/.virtualenvs/generic-ar/local/lib/python2.7/site-packages/tensorflow/python/ops/math_ops.py:3066: to_int32 (from tensorflow.python.ops.math_ops) is deprecated and will be removed in a future version.
Instructions for updating:
Use tf.cast instead.
2019-06-17 17:00:49.797076: I tensorflow/stream_executor/dso_loader.cc:152] successfully opened CUDA library libcublas.so.10.0 locally
Epoch 1/148

1024/2732 [==========>...................] - ETA: 1s - loss: -0.0170 - cosine_proximity: -0.0170 - mean_squared_error: 0.0608 - mean_absolute_error: 0.1956
2048/2732 [=====================>........] - ETA: 0s - loss: -0.1948 - cosine_proximity: -0.1948 - mean_squared_error: 0.0527 - mean_absolute_error: 0.1813
2732/2732 [==============================] - 1s 439us/step - loss: -0.2960 - cosine_proximity: -0.2960 - mean_squared_error: 0.0495 - mean_absolute_error: 0.1750
Epoch 2/148

1024/2732 [==========>...................] - ETA: 0s - loss: -0.7101 - cosine_proximity: -0.7101 - mean_squared_error: 0.0507 - mean_absolute_error: 0.1714
2048/2732 [=====================>........] - ETA: 0s - loss: -0.7508 - cosine_proximity: -0.7508 - mean_squared_error: 0.0704 - mean_absolute_error: 0.1979
2732/2732 [==============================] - 0s 64us/step - loss: -0.7692 - cosine_proximity: -0.7692 - mean_squared_error: 0.0901 - mean_absolute_error: 0.2209
Epoch 3/148

1024/2732 [==========>...................] - ETA: 0s - loss: -0.8336 - cosine_proximity: -0.8336 - mean_squared_error: 0.2277 - mean_absolute_error: 0.3661
2048/2732 [=====================>........] - ETA: 0s - loss: -0.8349 - cosine_proximity: -0.8349 - mean_squared_error: 0.2832 - mean_absolute_error: 0.4131
2732/2732 [==============================] - 0s 67us/step - loss: -0.8314 - cosine_proximity: -0.8314 - mean_squared_error: 0.3231 - mean_absolute_error: 0.4421
Epoch 4/148

1024/2732 [==========>...................] - ETA: 0s - loss: -0.8398 - cosine_proximity: -0.8398 - mean_squared_error: 0.5458 - mean_absolute_error: 0.5867
2048/2732 [=====================>........] - ETA: 0s - loss: -0.8369 - cosine_proximity: -0.8369 - mean_squared_error: 0.5882 - mean_absolute_error: 0.6076
2732/2732 [==============================] - 0s 66us/step - loss: -0.8367 - cosine_proximity: -0.8367 - mean_squared_error: 0.6140 - mean_absolute_error: 0.6199
Epoch 5/148

1024/2732 [==========>...................] - ETA: 0s - loss: -0.8446 - cosine_proximity: -0.8446 - mean_squared_error: 0.7229 - mean_absolute_error: 0.6681
2048/2732 [=====================>........] - ETA: 0s - loss: -0.8402 - cosine_proximity: -0.8402 - mean_squared_error: 0.7207 - mean_absolute_error: 0.6635
2732/2732 [==============================] - 0s 62us/step - loss: -0.8454 - cosine_proximity: -0.8454 - mean_squared_error: 0.7145 - mean_absolute_error: 0.6568
Epoch 6/148

1024/2732 [==========>...................] - ETA: 0s - loss: -0.8640 - cosine_proximity: -0.8640 - mean_squared_error: 0.6903 - mean_absolute_error: 0.6236
2048/2732 [=====================>........] - ETA: 0s - loss: -0.8546 - cosine_proximity: -0.8546 - mean_squared_error: 0.6828 - mean_absolute_error: 0.6165
2732/2732 [==============================] - 0s 63us/step - loss: -0.8583 - cosine_proximity: -0.8583 - mean_squared_error: 0.6861 - mean_absolute_error: 0.6174
Epoch 7/148

1024/2732 [==========>...................] - ETA: 0s - loss: -0.8722 - cosine_proximity: -0.8722 - mean_squared_error: 0.7318 - mean_absolute_error: 0.6370
2048/2732 [=====================>........] - ETA: 0s - loss: -0.8668 - cosine_proximity: -0.8668 - mean_squared_error: 0.7439 - mean_absolute_error: 0.6424
2732/2732 [==============================] - 0s 63us/step - loss: -0.8654 - cosine_proximity: -0.8654 - mean_squared_error: 0.7449 - mean_absolute_error: 0.6416
Epoch 8/148

1024/2732 [==========>...................] - ETA: 0s - loss: -0.8713 - cosine_proximity: -0.8713 - mean_squared_error: 0.7310 - mean_absolute_error: 0.6256
2048/2732 [=====================>........] - ETA: 0s - loss: -0.8712 - cosine_proximity: -0.8712 - mean_squared_error: 0.7432 - mean_absolute_error: 0.6326
2732/2732 [==============================] - 0s 65us/step - loss: -0.8720 - cosine_proximity: -0.8720 - mean_squared_error: 0.7493 - mean_absolute_error: 0.6357
Epoch 9/148

1024/2732 [==========>...................] - ETA: 0s - loss: -0.8772 - cosine_proximity: -0.8772 - mean_squared_error: 0.7559 - mean_absolute_error: 0.6385
2048/2732 [=====================>........] - ETA: 0s - loss: -0.8796 - cosine_proximity: -0.8796 - mean_squared_error: 0.7614 - mean_absolute_error: 0.6413
2732/2732 [==============================] - 0s 65us/step - loss: -0.8777 - cosine_proximity: -0.8777 - mean_squared_error: 0.7574 - mean_absolute_error: 0.6395
Epoch 10/148

1024/2732 [==========>...................] - ETA: 0s - loss: -0.8822 - cosine_proximity: -0.8822 - mean_squared_error: 0.7758 - mean_absolute_error: 0.6477
2048/2732 [=====================>........] - ETA: 0s - loss: -0.8845 - cosine_proximity: -0.8845 - mean_squared_error: 0.7892 - mean_absolute_error: 0.6545
2732/2732 [==============================] - 0s 65us/step - loss: -0.8817 - cosine_proximity: -0.8817 - mean_squared_error: 0.7858 - mean_absolute_error: 0.6527
Epoch 11/148

1024/2732 [==========>...................] - ETA: 0s - loss: -0.8781 - cosine_proximity: -0.8781 - mean_squared_error: 0.7958 - mean_absolute_error: 0.6580
2048/2732 [=====================>........] - ETA: 0s - loss: -0.8834 - cosine_proximity: -0.8834 - mean_squared_error: 0.8068 - mean_absolute_error: 0.6617
2732/2732 [==============================] - 0s 63us/step - loss: -0.8855 - cosine_proximity: -0.8855 - mean_squared_error: 0.8204 - mean_absolute_error: 0.6672
Epoch 12/148

1024/2732 [==========>...................] - ETA: 0s - loss: -0.8963 - cosine_proximity: -0.8963 - mean_squared_error: 0.8475 - mean_absolute_error: 0.6785
2048/2732 [=====================>........] - ETA: 0s - loss: -0.8919 - cosine_proximity: -0.8919 - mean_squared_error: 0.8568 - mean_absolute_error: 0.6821
2732/2732 [==============================] - 0s 63us/step - loss: -0.8892 - cosine_proximity: -0.8892 - mean_squared_error: 0.8493 - mean_absolute_error: 0.6774
Epoch 13/148

1024/2732 [==========>...................] - ETA: 0s - loss: -0.8957 - cosine_proximity: -0.8957 - mean_squared_error: 0.8777 - mean_absolute_error: 0.6860
2048/2732 [=====================>........] - ETA: 0s - loss: -0.8959 - cosine_proximity: -0.8959 - mean_squared_error: 0.8769 - mean_absolute_error: 0.6862
2732/2732 [==============================] - 0s 64us/step - loss: -0.8917 - cosine_proximity: -0.8917 - mean_squared_error: 0.8690 - mean_absolute_error: 0.6820
Epoch 14/148

1024/2732 [==========>...................] - ETA: 0s - loss: -0.8954 - cosine_proximity: -0.8954 - mean_squared_error: 0.8697 - mean_absolute_error: 0.6794
2048/2732 [=====================>........] - ETA: 0s - loss: -0.8943 - cosine_proximity: -0.8943 - mean_squared_error: 0.8726 - mean_absolute_error: 0.6801
2732/2732 [==============================] - 0s 67us/step - loss: -0.8944 - cosine_proximity: -0.8944 - mean_squared_error: 0.8708 - mean_absolute_error: 0.6788
Epoch 15/148

1024/2732 [==========>...................] - ETA: 0s - loss: -0.8986 - cosine_proximity: -0.8986 - mean_squared_error: 0.8580 - mean_absolute_error: 0.6714
2048/2732 [=====================>........] - ETA: 0s - loss: -0.8971 - cosine_proximity: -0.8971 - mean_squared_error: 0.8596 - mean_absolute_error: 0.6721
2732/2732 [==============================] - 0s 63us/step - loss: -0.8964 - cosine_proximity: -0.8964 - mean_squared_error: 0.8632 - mean_absolute_error: 0.6735
Epoch 16/148

1024/2732 [==========>...................] - ETA: 0s - loss: -0.8989 - cosine_proximity: -0.8989 - mean_squared_error: 0.8661 - mean_absolute_error: 0.6753
2048/2732 [=====================>........] - ETA: 0s - loss: -0.9028 - cosine_proximity: -0.9028 - mean_squared_error: 0.8624 - mean_absolute_error: 0.6723
2732/2732 [==============================] - 0s 66us/step - loss: -0.8993 - cosine_proximity: -0.8993 - mean_squared_error: 0.8569 - mean_absolute_error: 0.6695
Epoch 17/148

1024/2732 [==========>...................] - ETA: 0s - loss: -0.8995 - cosine_proximity: -0.8995 - mean_squared_error: 0.8424 - mean_absolute_error: 0.6634
2048/2732 [=====================>........] - ETA: 0s - loss: -0.8991 - cosine_proximity: -0.8991 - mean_squared_error: 0.8522 - mean_absolute_error: 0.6693
2732/2732 [==============================] - 0s 62us/step - loss: -0.9013 - cosine_proximity: -0.9013 - mean_squared_error: 0.8578 - mean_absolute_error: 0.6709
Epoch 18/148

1024/2732 [==========>...................] - ETA: 0s - loss: -0.9100 - cosine_proximity: -0.9100 - mean_squared_error: 0.9029 - mean_absolute_error: 0.6931
2048/2732 [=====================>........] - ETA: 0s - loss: -0.9041 - cosine_proximity: -0.9041 - mean_squared_error: 0.8799 - mean_absolute_error: 0.6802
2732/2732 [==============================] - 0s 65us/step - loss: -0.9036 - cosine_proximity: -0.9036 - mean_squared_error: 0.8706 - mean_absolute_error: 0.6755
Epoch 19/148

1024/2732 [==========>...................] - ETA: 0s - loss: -0.9086 - cosine_proximity: -0.9086 - mean_squared_error: 0.8807 - mean_absolute_error: 0.6788
2048/2732 [=====================>........] - ETA: 0s - loss: -0.9069 - cosine_proximity: -0.9069 - mean_squared_error: 0.8815 - mean_absolute_error: 0.6783
2732/2732 [==============================] - 0s 64us/step - loss: -0.9057 - cosine_proximity: -0.9057 - mean_squared_error: 0.8804 - mean_absolute_error: 0.6780
Epoch 20/148

1024/2732 [==========>...................] - ETA: 0s - loss: -0.9074 - cosine_proximity: -0.9074 - mean_squared_error: 0.8840 - mean_absolute_error: 0.6800
2048/2732 [=====================>........] - ETA: 0s - loss: -0.9067 - cosine_proximity: -0.9067 - mean_squared_error: 0.8778 - mean_absolute_error: 0.6765
2732/2732 [==============================] - 0s 62us/step - loss: -0.9074 - cosine_proximity: -0.9074 - mean_squared_error: 0.8830 - mean_absolute_error: 0.6792
Epoch 21/148

1024/2732 [==========>...................] - ETA: 0s - loss: -0.9078 - cosine_proximity: -0.9078 - mean_squared_error: 0.8924 - mean_absolute_error: 0.6841
2048/2732 [=====================>........] - ETA: 0s - loss: -0.9077 - cosine_proximity: -0.9077 - mean_squared_error: 0.8814 - mean_absolute_error: 0.6787
2732/2732 [==============================] - 0s 64us/step - loss: -0.9087 - cosine_proximity: -0.9087 - mean_squared_error: 0.8769 - mean_absolute_error: 0.6764
Epoch 22/148

1024/2732 [==========>...................] - ETA: 0s - loss: -0.9081 - cosine_proximity: -0.9081 - mean_squared_error: 0.8768 - mean_absolute_error: 0.6744
2048/2732 [=====================>........] - ETA: 0s - loss: -0.9082 - cosine_proximity: -0.9082 - mean_squared_error: 0.8727 - mean_absolute_error: 0.6744
2732/2732 [==============================] - 0s 66us/step - loss: -0.9107 - cosine_proximity: -0.9107 - mean_squared_error: 0.8738 - mean_absolute_error: 0.6753
Epoch 23/148

1024/2732 [==========>...................] - ETA: 0s - loss: -0.9128 - cosine_proximity: -0.9128 - mean_squared_error: 0.9051 - mean_absolute_error: 0.6932
2048/2732 [=====================>........] - ETA: 0s - loss: -0.9092 - cosine_proximity: -0.9092 - mean_squared_error: 0.8651 - mean_absolute_error: 0.6721
2732/2732 [==============================] - 0s 67us/step - loss: -0.9116 - cosine_proximity: -0.9116 - mean_squared_error: 0.8740 - mean_absolute_error: 0.6764
Epoch 24/148

1024/2732 [==========>...................] - ETA: 0s - loss: -0.9151 - cosine_proximity: -0.9151 - mean_squared_error: 0.8917 - mean_absolute_error: 0.6860
2048/2732 [=====================>........] - ETA: 0s - loss: -0.9129 - cosine_proximity: -0.9129 - mean_squared_error: 0.8837 - mean_absolute_error: 0.6810
2732/2732 [==============================] - 0s 64us/step - loss: -0.9127 - cosine_proximity: -0.9127 - mean_squared_error: 0.8765 - mean_absolute_error: 0.6775
Epoch 25/148

1024/2732 [==========>...................] - ETA: 0s - loss: -0.9161 - cosine_proximity: -0.9161 - mean_squared_error: 0.8910 - mean_absolute_error: 0.6865
2048/2732 [=====================>........] - ETA: 0s - loss: -0.9141 - cosine_proximity: -0.9141 - mean_squared_error: 0.8747 - mean_absolute_error: 0.6767
2732/2732 [==============================] - 0s 65us/step - loss: -0.9146 - cosine_proximity: -0.9146 - mean_squared_error: 0.8768 - mean_absolute_error: 0.6783
Epoch 26/148

1024/2732 [==========>...................] - ETA: 0s - loss: -0.9122 - cosine_proximity: -0.9122 - mean_squared_error: 0.8710 - mean_absolute_error: 0.6770
2048/2732 [=====================>........] - ETA: 0s - loss: -0.9114 - cosine_proximity: -0.9114 - mean_squared_error: 0.8770 - mean_absolute_error: 0.6786
2732/2732 [==============================] - 0s 63us/step - loss: -0.9151 - cosine_proximity: -0.9151 - mean_squared_error: 0.8839 - mean_absolute_error: 0.6823
Epoch 27/148

1024/2732 [==========>...................] - ETA: 0s - loss: -0.9214 - cosine_proximity: -0.9214 - mean_squared_error: 0.9070 - mean_absolute_error: 0.6956
2048/2732 [=====================>........] - ETA: 0s - loss: -0.9132 - cosine_proximity: -0.9132 - mean_squared_error: 0.8790 - mean_absolute_error: 0.6794
2732/2732 [==============================] - 0s 64us/step - loss: -0.9160 - cosine_proximity: -0.9160 - mean_squared_error: 0.8889 - mean_absolute_error: 0.6838
Epoch 28/148

1024/2732 [==========>...................] - ETA: 0s - loss: -0.9158 - cosine_proximity: -0.9158 - mean_squared_error: 0.8793 - mean_absolute_error: 0.6781
2048/2732 [=====================>........] - ETA: 0s - loss: -0.9167 - cosine_proximity: -0.9167 - mean_squared_error: 0.8957 - mean_absolute_error: 0.6866
2732/2732 [==============================] - 0s 63us/step - loss: -0.9164 - cosine_proximity: -0.9164 - mean_squared_error: 0.8971 - mean_absolute_error: 0.6878
Epoch 29/148

1024/2732 [==========>...................] - ETA: 0s - loss: -0.9202 - cosine_proximity: -0.9202 - mean_squared_error: 0.9176 - mean_absolute_error: 0.6998
2048/2732 [=====================>........] - ETA: 0s - loss: -0.9149 - cosine_proximity: -0.9149 - mean_squared_error: 0.8923 - mean_absolute_error: 0.6849
2732/2732 [==============================] - 0s 62us/step - loss: -0.9179 - cosine_proximity: -0.9179 - mean_squared_error: 0.9014 - mean_absolute_error: 0.6895
Epoch 30/148

1024/2732 [==========>...................] - ETA: 0s - loss: -0.9172 - cosine_proximity: -0.9172 - mean_squared_error: 0.9030 - mean_absolute_error: 0.6901
2048/2732 [=====================>........] - ETA: 0s - loss: -0.9187 - cosine_proximity: -0.9187 - mean_squared_error: 0.9150 - mean_absolute_error: 0.6959
2732/2732 [==============================] - 0s 67us/step - loss: -0.9180 - cosine_proximity: -0.9180 - mean_squared_error: 0.9097 - mean_absolute_error: 0.6931
Epoch 31/148

1024/2732 [==========>...................] - ETA: 0s - loss: -0.9198 - cosine_proximity: -0.9198 - mean_squared_error: 0.9243 - mean_absolute_error: 0.6990
2048/2732 [=====================>........] - ETA: 0s - loss: -0.9195 - cosine_proximity: -0.9195 - mean_squared_error: 0.9156 - mean_absolute_error: 0.6955
2732/2732 [==============================] - 0s 63us/step - loss: -0.9189 - cosine_proximity: -0.9189 - mean_squared_error: 0.9142 - mean_absolute_error: 0.6954
Epoch 32/148

1024/2732 [==========>...................] - ETA: 0s - loss: -0.9163 - cosine_proximity: -0.9163 - mean_squared_error: 0.8880 - mean_absolute_error: 0.6821
2048/2732 [=====================>........] - ETA: 0s - loss: -0.9186 - cosine_proximity: -0.9186 - mean_squared_error: 0.9071 - mean_absolute_error: 0.6919
2732/2732 [==============================] - 0s 63us/step - loss: -0.9195 - cosine_proximity: -0.9195 - mean_squared_error: 0.9177 - mean_absolute_error: 0.6966
Epoch 33/148

1024/2732 [==========>...................] - ETA: 0s - loss: -0.9198 - cosine_proximity: -0.9198 - mean_squared_error: 0.9196 - mean_absolute_error: 0.6986
2048/2732 [=====================>........] - ETA: 0s - loss: -0.9206 - cosine_proximity: -0.9206 - mean_squared_error: 0.9284 - mean_absolute_error: 0.7030
2732/2732 [==============================] - 0s 62us/step - loss: -0.9200 - cosine_proximity: -0.9200 - mean_squared_error: 0.9260 - mean_absolute_error: 0.7001
Epoch 34/148

1024/2732 [==========>...................] - ETA: 0s - loss: -0.9179 - cosine_proximity: -0.9179 - mean_squared_error: 0.9349 - mean_absolute_error: 0.7054
2048/2732 [=====================>........] - ETA: 0s - loss: -0.9225 - cosine_proximity: -0.9225 - mean_squared_error: 0.9367 - mean_absolute_error: 0.7052
2732/2732 [==============================] - 0s 62us/step - loss: -0.9203 - cosine_proximity: -0.9203 - mean_squared_error: 0.9359 - mean_absolute_error: 0.7042
Epoch 35/148

1024/2732 [==========>...................] - ETA: 0s - loss: -0.9166 - cosine_proximity: -0.9166 - mean_squared_error: 0.9405 - mean_absolute_error: 0.7062
2048/2732 [=====================>........] - ETA: 0s - loss: -0.9221 - cosine_proximity: -0.9221 - mean_squared_error: 0.9548 - mean_absolute_error: 0.7130
2732/2732 [==============================] - 0s 62us/step - loss: -0.9208 - cosine_proximity: -0.9208 - mean_squared_error: 0.9413 - mean_absolute_error: 0.7062
Epoch 36/148

1024/2732 [==========>...................] - ETA: 0s - loss: -0.9213 - cosine_proximity: -0.9213 - mean_squared_error: 0.9512 - mean_absolute_error: 0.7140
2048/2732 [=====================>........] - ETA: 0s - loss: -0.9236 - cosine_proximity: -0.9236 - mean_squared_error: 0.9618 - mean_absolute_error: 0.7169
2732/2732 [==============================] - 0s 62us/step - loss: -0.9216 - cosine_proximity: -0.9216 - mean_squared_error: 0.9484 - mean_absolute_error: 0.7097
Epoch 37/148

1024/2732 [==========>...................] - ETA: 0s - loss: -0.9252 - cosine_proximity: -0.9252 - mean_squared_error: 0.9812 - mean_absolute_error: 0.7260
2048/2732 [=====================>........] - ETA: 0s - loss: -0.9223 - cosine_proximity: -0.9223 - mean_squared_error: 0.9694 - mean_absolute_error: 0.7192
2732/2732 [==============================] - 0s 63us/step - loss: -0.9216 - cosine_proximity: -0.9216 - mean_squared_error: 0.9576 - mean_absolute_error: 0.7134
Epoch 38/148

1024/2732 [==========>...................] - ETA: 0s - loss: -0.9266 - cosine_proximity: -0.9266 - mean_squared_error: 0.9864 - mean_absolute_error: 0.7272
2048/2732 [=====================>........] - ETA: 0s - loss: -0.9236 - cosine_proximity: -0.9236 - mean_squared_error: 0.9657 - mean_absolute_error: 0.7175
2732/2732 [==============================] - 0s 62us/step - loss: -0.9224 - cosine_proximity: -0.9224 - mean_squared_error: 0.9573 - mean_absolute_error: 0.7134
Epoch 39/148

1024/2732 [==========>...................] - ETA: 0s - loss: -0.9194 - cosine_proximity: -0.9194 - mean_squared_error: 0.9542 - mean_absolute_error: 0.7111
2048/2732 [=====================>........] - ETA: 0s - loss: -0.9214 - cosine_proximity: -0.9214 - mean_squared_error: 0.9587 - mean_absolute_error: 0.7142
2732/2732 [==============================] - 0s 62us/step - loss: -0.9221 - cosine_proximity: -0.9221 - mean_squared_error: 0.9596 - mean_absolute_error: 0.7147
Epoch 40/148

1024/2732 [==========>...................] - ETA: 0s - loss: -0.9250 - cosine_proximity: -0.9250 - mean_squared_error: 0.9500 - mean_absolute_error: 0.7083
2048/2732 [=====================>........] - ETA: 0s - loss: -0.9252 - cosine_proximity: -0.9252 - mean_squared_error: 0.9671 - mean_absolute_error: 0.7177
2732/2732 [==============================] - 0s 66us/step - loss: -0.9228 - cosine_proximity: -0.9228 - mean_squared_error: 0.9614 - mean_absolute_error: 0.7152
Epoch 41/148

1024/2732 [==========>...................] - ETA: 0s - loss: -0.9190 - cosine_proximity: -0.9190 - mean_squared_error: 0.9524 - mean_absolute_error: 0.7104
2048/2732 [=====================>........] - ETA: 0s - loss: -0.9252 - cosine_proximity: -0.9252 - mean_squared_error: 0.9657 - mean_absolute_error: 0.7173
2732/2732 [==============================] - 0s 64us/step - loss: -0.9232 - cosine_proximity: -0.9232 - mean_squared_error: 0.9634 - mean_absolute_error: 0.7155
Epoch 42/148

1024/2732 [==========>...................] - ETA: 0s - loss: -0.9196 - cosine_proximity: -0.9196 - mean_squared_error: 0.9501 - mean_absolute_error: 0.7094
2048/2732 [=====================>........] - ETA: 0s - loss: -0.9221 - cosine_proximity: -0.9221 - mean_squared_error: 0.9622 - mean_absolute_error: 0.7152
2732/2732 [==============================] - 0s 65us/step - loss: -0.9232 - cosine_proximity: -0.9232 - mean_squared_error: 0.9692 - mean_absolute_error: 0.7187
Epoch 43/148

1024/2732 [==========>...................] - ETA: 0s - loss: -0.9260 - cosine_proximity: -0.9260 - mean_squared_error: 0.9778 - mean_absolute_error: 0.7235
2048/2732 [=====================>........] - ETA: 0s - loss: -0.9251 - cosine_proximity: -0.9251 - mean_squared_error: 0.9817 - mean_absolute_error: 0.7247
2732/2732 [==============================] - 0s 63us/step - loss: -0.9243 - cosine_proximity: -0.9243 - mean_squared_error: 0.9755 - mean_absolute_error: 0.7210
Epoch 44/148

1024/2732 [==========>...................] - ETA: 0s - loss: -0.9233 - cosine_proximity: -0.9233 - mean_squared_error: 0.9782 - mean_absolute_error: 0.7228
2048/2732 [=====================>........] - ETA: 0s - loss: -0.9251 - cosine_proximity: -0.9251 - mean_squared_error: 0.9814 - mean_absolute_error: 0.7235
2732/2732 [==============================] - 0s 64us/step - loss: -0.9238 - cosine_proximity: -0.9238 - mean_squared_error: 0.9759 - mean_absolute_error: 0.7209
Epoch 45/148

1024/2732 [==========>...................] - ETA: 0s - loss: -0.9272 - cosine_proximity: -0.9272 - mean_squared_error: 0.9924 - mean_absolute_error: 0.7291
2048/2732 [=====================>........] - ETA: 0s - loss: -0.9213 - cosine_proximity: -0.9213 - mean_squared_error: 0.9704 - mean_absolute_error: 0.7183
2732/2732 [==============================] - 0s 63us/step - loss: -0.9243 - cosine_proximity: -0.9243 - mean_squared_error: 0.9771 - mean_absolute_error: 0.7221
Epoch 46/148

1024/2732 [==========>...................] - ETA: 0s - loss: -0.9212 - cosine_proximity: -0.9212 - mean_squared_error: 0.9891 - mean_absolute_error: 0.7252
2048/2732 [=====================>........] - ETA: 0s - loss: -0.9234 - cosine_proximity: -0.9234 - mean_squared_error: 0.9793 - mean_absolute_error: 0.7217
2732/2732 [==============================] - 0s 63us/step - loss: -0.9245 - cosine_proximity: -0.9245 - mean_squared_error: 0.9795 - mean_absolute_error: 0.7221
Epoch 47/148

1024/2732 [==========>...................] - ETA: 0s - loss: -0.9314 - cosine_proximity: -0.9314 - mean_squared_error: 0.9692 - mean_absolute_error: 0.7176
2048/2732 [=====================>........] - ETA: 0s - loss: -0.9297 - cosine_proximity: -0.9297 - mean_squared_error: 0.9919 - mean_absolute_error: 0.7286
2732/2732 [==============================] - 0s 62us/step - loss: -0.9254 - cosine_proximity: -0.9254 - mean_squared_error: 0.9796 - mean_absolute_error: 0.7221
Epoch 48/148

1024/2732 [==========>...................] - ETA: 0s - loss: -0.9212 - cosine_proximity: -0.9212 - mean_squared_error: 0.9823 - mean_absolute_error: 0.7219
2048/2732 [=====================>........] - ETA: 0s - loss: -0.9241 - cosine_proximity: -0.9241 - mean_squared_error: 0.9881 - mean_absolute_error: 0.7261
2732/2732 [==============================] - 0s 63us/step - loss: -0.9250 - cosine_proximity: -0.9250 - mean_squared_error: 0.9863 - mean_absolute_error: 0.7252
Epoch 49/148

1024/2732 [==========>...................] - ETA: 0s - loss: -0.9256 - cosine_proximity: -0.9256 - mean_squared_error: 0.9651 - mean_absolute_error: 0.7130
2048/2732 [=====================>........] - ETA: 0s - loss: -0.9245 - cosine_proximity: -0.9245 - mean_squared_error: 0.9753 - mean_absolute_error: 0.7190
2732/2732 [==============================] - 0s 64us/step - loss: -0.9257 - cosine_proximity: -0.9257 - mean_squared_error: 0.9933 - mean_absolute_error: 0.7282
Epoch 50/148

1024/2732 [==========>...................] - ETA: 0s - loss: -0.9267 - cosine_proximity: -0.9267 - mean_squared_error: 0.9819 - mean_absolute_error: 0.7201
2048/2732 [=====================>........] - ETA: 0s - loss: -0.9262 - cosine_proximity: -0.9262 - mean_squared_error: 0.9885 - mean_absolute_error: 0.7244
2732/2732 [==============================] - 0s 64us/step - loss: -0.9258 - cosine_proximity: -0.9258 - mean_squared_error: 0.9970 - mean_absolute_error: 0.7290
Epoch 51/148

1024/2732 [==========>...................] - ETA: 0s - loss: -0.9208 - cosine_proximity: -0.9208 - mean_squared_error: 0.9652 - mean_absolute_error: 0.7137
2048/2732 [=====================>........] - ETA: 0s - loss: -0.9254 - cosine_proximity: -0.9254 - mean_squared_error: 0.9804 - mean_absolute_error: 0.7205
2732/2732 [==============================] - 0s 63us/step - loss: -0.9260 - cosine_proximity: -0.9260 - mean_squared_error: 0.9986 - mean_absolute_error: 0.7296
Epoch 52/148

1024/2732 [==========>...................] - ETA: 0s - loss: -0.9196 - cosine_proximity: -0.9196 - mean_squared_error: 0.9717 - mean_absolute_error: 0.7151
2048/2732 [=====================>........] - ETA: 0s - loss: -0.9219 - cosine_proximity: -0.9219 - mean_squared_error: 0.9950 - mean_absolute_error: 0.7267
2732/2732 [==============================] - 0s 63us/step - loss: -0.9262 - cosine_proximity: -0.9262 - mean_squared_error: 1.0017 - mean_absolute_error: 0.7304
Epoch 53/148

1024/2732 [==========>...................] - ETA: 0s - loss: -0.9332 - cosine_proximity: -0.9332 - mean_squared_error: 0.9899 - mean_absolute_error: 0.7241
2048/2732 [=====================>........] - ETA: 0s - loss: -0.9284 - cosine_proximity: -0.9284 - mean_squared_error: 0.9925 - mean_absolute_error: 0.7260
2732/2732 [==============================] - 0s 63us/step - loss: -0.9267 - cosine_proximity: -0.9267 - mean_squared_error: 1.0028 - mean_absolute_error: 0.7311
Epoch 54/148

1024/2732 [==========>...................] - ETA: 0s - loss: -0.9267 - cosine_proximity: -0.9267 - mean_squared_error: 1.0070 - mean_absolute_error: 0.7325
2048/2732 [=====================>........] - ETA: 0s - loss: -0.9265 - cosine_proximity: -0.9265 - mean_squared_error: 1.0142 - mean_absolute_error: 0.7359
2732/2732 [==============================] - 0s 62us/step - loss: -0.9265 - cosine_proximity: -0.9265 - mean_squared_error: 1.0064 - mean_absolute_error: 0.7323
Epoch 55/148

1024/2732 [==========>...................] - ETA: 0s - loss: -0.9308 - cosine_proximity: -0.9308 - mean_squared_error: 1.0102 - mean_absolute_error: 0.7353
2048/2732 [=====================>........] - ETA: 0s - loss: -0.9257 - cosine_proximity: -0.9257 - mean_squared_error: 1.0051 - mean_absolute_error: 0.7308
2732/2732 [==============================] - 0s 65us/step - loss: -0.9270 - cosine_proximity: -0.9270 - mean_squared_error: 1.0113 - mean_absolute_error: 0.7340
Epoch 56/148

1024/2732 [==========>...................] - ETA: 0s - loss: -0.9306 - cosine_proximity: -0.9306 - mean_squared_error: 1.0275 - mean_absolute_error: 0.7398
2048/2732 [=====================>........] - ETA: 0s - loss: -0.9255 - cosine_proximity: -0.9255 - mean_squared_error: 1.0115 - mean_absolute_error: 0.7339
2732/2732 [==============================] - 0s 64us/step - loss: -0.9272 - cosine_proximity: -0.9272 - mean_squared_error: 1.0128 - mean_absolute_error: 0.7352
Epoch 57/148

1024/2732 [==========>...................] - ETA: 0s - loss: -0.9260 - cosine_proximity: -0.9260 - mean_squared_error: 1.0214 - mean_absolute_error: 0.7360
2048/2732 [=====================>........] - ETA: 0s - loss: -0.9289 - cosine_proximity: -0.9289 - mean_squared_error: 1.0165 - mean_absolute_error: 0.7359
2732/2732 [==============================] - 0s 63us/step - loss: -0.9273 - cosine_proximity: -0.9273 - mean_squared_error: 1.0116 - mean_absolute_error: 0.7336
Epoch 58/148

1024/2732 [==========>...................] - ETA: 0s - loss: -0.9274 - cosine_proximity: -0.9274 - mean_squared_error: 1.0178 - mean_absolute_error: 0.7368
2048/2732 [=====================>........] - ETA: 0s - loss: -0.9285 - cosine_proximity: -0.9285 - mean_squared_error: 1.0168 - mean_absolute_error: 0.7362
2732/2732 [==============================] - 0s 68us/step - loss: -0.9272 - cosine_proximity: -0.9272 - mean_squared_error: 1.0144 - mean_absolute_error: 0.7358
Epoch 59/148

1024/2732 [==========>...................] - ETA: 0s - loss: -0.9212 - cosine_proximity: -0.9212 - mean_squared_error: 0.9959 - mean_absolute_error: 0.7272
2048/2732 [=====================>........] - ETA: 0s - loss: -0.9270 - cosine_proximity: -0.9270 - mean_squared_error: 1.0134 - mean_absolute_error: 0.7348
2732/2732 [==============================] - 0s 65us/step - loss: -0.9280 - cosine_proximity: -0.9280 - mean_squared_error: 1.0220 - mean_absolute_error: 0.7385
Epoch 60/148

1024/2732 [==========>...................] - ETA: 0s - loss: -0.9253 - cosine_proximity: -0.9253 - mean_squared_error: 0.9946 - mean_absolute_error: 0.7257
2048/2732 [=====================>........] - ETA: 0s - loss: -0.9273 - cosine_proximity: -0.9273 - mean_squared_error: 1.0286 - mean_absolute_error: 0.7417
2732/2732 [==============================] - 0s 62us/step - loss: -0.9287 - cosine_proximity: -0.9287 - mean_squared_error: 1.0255 - mean_absolute_error: 0.7399
Epoch 61/148

1024/2732 [==========>...................] - ETA: 0s - loss: -0.9278 - cosine_proximity: -0.9278 - mean_squared_error: 1.0490 - mean_absolute_error: 0.7542
2048/2732 [=====================>........] - ETA: 0s - loss: -0.9297 - cosine_proximity: -0.9297 - mean_squared_error: 1.0416 - mean_absolute_error: 0.7468
2732/2732 [==============================] - 0s 64us/step - loss: -0.9283 - cosine_proximity: -0.9283 - mean_squared_error: 1.0304 - mean_absolute_error: 0.7414
Epoch 62/148

1024/2732 [==========>...................] - ETA: 0s - loss: -0.9241 - cosine_proximity: -0.9241 - mean_squared_error: 1.0533 - mean_absolute_error: 0.7498
2048/2732 [=====================>........] - ETA: 0s - loss: -0.9273 - cosine_proximity: -0.9273 - mean_squared_error: 1.0409 - mean_absolute_error: 0.7455
2732/2732 [==============================] - 0s 65us/step - loss: -0.9285 - cosine_proximity: -0.9285 - mean_squared_error: 1.0342 - mean_absolute_error: 0.7430
Epoch 63/148

1024/2732 [==========>...................] - ETA: 0s - loss: -0.9300 - cosine_proximity: -0.9300 - mean_squared_error: 1.0546 - mean_absolute_error: 0.7535
2048/2732 [=====================>........] - ETA: 0s - loss: -0.9320 - cosine_proximity: -0.9320 - mean_squared_error: 1.0467 - mean_absolute_error: 0.7478
2732/2732 [==============================] - 0s 65us/step - loss: -0.9289 - cosine_proximity: -0.9289 - mean_squared_error: 1.0303 - mean_absolute_error: 0.7405
Epoch 64/148

1024/2732 [==========>...................] - ETA: 0s - loss: -0.9281 - cosine_proximity: -0.9281 - mean_squared_error: 1.0642 - mean_absolute_error: 0.7573
2048/2732 [=====================>........] - ETA: 0s - loss: -0.9284 - cosine_proximity: -0.9284 - mean_squared_error: 1.0301 - mean_absolute_error: 0.7399
2732/2732 [==============================] - 0s 64us/step - loss: -0.9289 - cosine_proximity: -0.9289 - mean_squared_error: 1.0369 - mean_absolute_error: 0.7436
Epoch 65/148

1024/2732 [==========>...................] - ETA: 0s - loss: -0.9214 - cosine_proximity: -0.9214 - mean_squared_error: 1.0211 - mean_absolute_error: 0.7361
2048/2732 [=====================>........] - ETA: 0s - loss: -0.9256 - cosine_proximity: -0.9256 - mean_squared_error: 1.0276 - mean_absolute_error: 0.7393
2732/2732 [==============================] - 0s 63us/step - loss: -0.9288 - cosine_proximity: -0.9288 - mean_squared_error: 1.0393 - mean_absolute_error: 0.7451
Epoch 66/148

1024/2732 [==========>...................] - ETA: 0s - loss: -0.9343 - cosine_proximity: -0.9343 - mean_squared_error: 1.0509 - mean_absolute_error: 0.7507
2048/2732 [=====================>........] - ETA: 0s - loss: -0.9298 - cosine_proximity: -0.9298 - mean_squared_error: 1.0464 - mean_absolute_error: 0.7495
2732/2732 [==============================] - 0s 63us/step - loss: -0.9295 - cosine_proximity: -0.9295 - mean_squared_error: 1.0395 - mean_absolute_error: 0.7449
Epoch 67/148

1024/2732 [==========>...................] - ETA: 0s - loss: -0.9262 - cosine_proximity: -0.9262 - mean_squared_error: 1.0532 - mean_absolute_error: 0.7522
2048/2732 [=====================>........] - ETA: 0s - loss: -0.9293 - cosine_proximity: -0.9293 - mean_squared_error: 1.0437 - mean_absolute_error: 0.7477
2732/2732 [==============================] - 0s 62us/step - loss: -0.9294 - cosine_proximity: -0.9294 - mean_squared_error: 1.0363 - mean_absolute_error: 0.7431
Epoch 68/148

1024/2732 [==========>...................] - ETA: 0s - loss: -0.9311 - cosine_proximity: -0.9311 - mean_squared_error: 1.0502 - mean_absolute_error: 0.7477
2048/2732 [=====================>........] - ETA: 0s - loss: -0.9307 - cosine_proximity: -0.9307 - mean_squared_error: 1.0445 - mean_absolute_error: 0.7460
2732/2732 [==============================] - 0s 64us/step - loss: -0.9295 - cosine_proximity: -0.9295 - mean_squared_error: 1.0409 - mean_absolute_error: 0.7445
Epoch 69/148

1024/2732 [==========>...................] - ETA: 0s - loss: -0.9300 - cosine_proximity: -0.9300 - mean_squared_error: 1.0348 - mean_absolute_error: 0.7410
2048/2732 [=====================>........] - ETA: 0s - loss: -0.9301 - cosine_proximity: -0.9301 - mean_squared_error: 1.0408 - mean_absolute_error: 0.7448
2732/2732 [==============================] - 0s 64us/step - loss: -0.9294 - cosine_proximity: -0.9294 - mean_squared_error: 1.0462 - mean_absolute_error: 0.7467
Epoch 70/148

1024/2732 [==========>...................] - ETA: 0s - loss: -0.9295 - cosine_proximity: -0.9295 - mean_squared_error: 1.0472 - mean_absolute_error: 0.7470
2048/2732 [=====================>........] - ETA: 0s - loss: -0.9310 - cosine_proximity: -0.9310 - mean_squared_error: 1.0483 - mean_absolute_error: 0.7475
2732/2732 [==============================] - 0s 65us/step - loss: -0.9302 - cosine_proximity: -0.9302 - mean_squared_error: 1.0456 - mean_absolute_error: 0.7465
Epoch 71/148

1024/2732 [==========>...................] - ETA: 0s - loss: -0.9250 - cosine_proximity: -0.9250 - mean_squared_error: 1.0371 - mean_absolute_error: 0.7433
2048/2732 [=====================>........] - ETA: 0s - loss: -0.9272 - cosine_proximity: -0.9272 - mean_squared_error: 1.0430 - mean_absolute_error: 0.7450
2732/2732 [==============================] - 0s 64us/step - loss: -0.9305 - cosine_proximity: -0.9305 - mean_squared_error: 1.0538 - mean_absolute_error: 0.7497
Epoch 72/148

1024/2732 [==========>...................] - ETA: 0s - loss: -0.9294 - cosine_proximity: -0.9294 - mean_squared_error: 1.0430 - mean_absolute_error: 0.7452
2048/2732 [=====================>........] - ETA: 0s - loss: -0.9325 - cosine_proximity: -0.9325 - mean_squared_error: 1.0572 - mean_absolute_error: 0.7519
2732/2732 [==============================] - 0s 64us/step - loss: -0.9301 - cosine_proximity: -0.9301 - mean_squared_error: 1.0552 - mean_absolute_error: 0.7499
Epoch 73/148

1024/2732 [==========>...................] - ETA: 0s - loss: -0.9314 - cosine_proximity: -0.9314 - mean_squared_error: 1.0657 - mean_absolute_error: 0.7533
2048/2732 [=====================>........] - ETA: 0s - loss: -0.9292 - cosine_proximity: -0.9292 - mean_squared_error: 1.0551 - mean_absolute_error: 0.7499
2732/2732 [==============================] - 0s 63us/step - loss: -0.9308 - cosine_proximity: -0.9308 - mean_squared_error: 1.0557 - mean_absolute_error: 0.7498
Epoch 74/148

1024/2732 [==========>...................] - ETA: 0s - loss: -0.9349 - cosine_proximity: -0.9349 - mean_squared_error: 1.0736 - mean_absolute_error: 0.7584
2048/2732 [=====================>........] - ETA: 0s - loss: -0.9327 - cosine_proximity: -0.9327 - mean_squared_error: 1.0699 - mean_absolute_error: 0.7554
2732/2732 [==============================] - 0s 62us/step - loss: -0.9311 - cosine_proximity: -0.9311 - mean_squared_error: 1.0602 - mean_absolute_error: 0.7507
Epoch 75/148

1024/2732 [==========>...................] - ETA: 0s - loss: -0.9310 - cosine_proximity: -0.9310 - mean_squared_error: 1.0558 - mean_absolute_error: 0.7475
2048/2732 [=====================>........] - ETA: 0s - loss: -0.9304 - cosine_proximity: -0.9304 - mean_squared_error: 1.0678 - mean_absolute_error: 0.7535
2732/2732 [==============================] - 0s 65us/step - loss: -0.9308 - cosine_proximity: -0.9308 - mean_squared_error: 1.0651 - mean_absolute_error: 0.7530
Epoch 76/148

1024/2732 [==========>...................] - ETA: 0s - loss: -0.9308 - cosine_proximity: -0.9308 - mean_squared_error: 1.0554 - mean_absolute_error: 0.7467
2048/2732 [=====================>........] - ETA: 0s - loss: -0.9322 - cosine_proximity: -0.9322 - mean_squared_error: 1.0649 - mean_absolute_error: 0.7518
2732/2732 [==============================] - 0s 63us/step - loss: -0.9310 - cosine_proximity: -0.9310 - mean_squared_error: 1.0716 - mean_absolute_error: 0.7553
Epoch 77/148

1024/2732 [==========>...................] - ETA: 0s - loss: -0.9375 - cosine_proximity: -0.9375 - mean_squared_error: 1.0742 - mean_absolute_error: 0.7557
2048/2732 [=====================>........] - ETA: 0s - loss: -0.9348 - cosine_proximity: -0.9348 - mean_squared_error: 1.0909 - mean_absolute_error: 0.7636
2732/2732 [==============================] - 0s 63us/step - loss: -0.9315 - cosine_proximity: -0.9315 - mean_squared_error: 1.0752 - mean_absolute_error: 0.7567
Epoch 78/148

1024/2732 [==========>...................] - ETA: 0s - loss: -0.9262 - cosine_proximity: -0.9262 - mean_squared_error: 1.0671 - mean_absolute_error: 0.7536
2048/2732 [=====================>........] - ETA: 0s - loss: -0.9311 - cosine_proximity: -0.9311 - mean_squared_error: 1.0786 - mean_absolute_error: 0.7593
2732/2732 [==============================] - 0s 61us/step - loss: -0.9303 - cosine_proximity: -0.9303 - mean_squared_error: 1.0753 - mean_absolute_error: 0.7568
Epoch 79/148

1024/2732 [==========>...................] - ETA: 0s - loss: -0.9308 - cosine_proximity: -0.9308 - mean_squared_error: 1.0726 - mean_absolute_error: 0.7522
2048/2732 [=====================>........] - ETA: 0s - loss: -0.9293 - cosine_proximity: -0.9293 - mean_squared_error: 1.0779 - mean_absolute_error: 0.7566
2732/2732 [==============================] - 0s 65us/step - loss: -0.9318 - cosine_proximity: -0.9318 - mean_squared_error: 1.0739 - mean_absolute_error: 0.7554
Epoch 80/148

1024/2732 [==========>...................] - ETA: 0s - loss: -0.9315 - cosine_proximity: -0.9315 - mean_squared_error: 1.0771 - mean_absolute_error: 0.7564
2048/2732 [=====================>........] - ETA: 0s - loss: -0.9296 - cosine_proximity: -0.9296 - mean_squared_error: 1.0733 - mean_absolute_error: 0.7548
2732/2732 [==============================] - 0s 64us/step - loss: -0.9318 - cosine_proximity: -0.9318 - mean_squared_error: 1.0752 - mean_absolute_error: 0.7562
Epoch 81/148

1024/2732 [==========>...................] - ETA: 0s - loss: -0.9321 - cosine_proximity: -0.9321 - mean_squared_error: 1.0580 - mean_absolute_error: 0.7474
2048/2732 [=====================>........] - ETA: 0s - loss: -0.9342 - cosine_proximity: -0.9342 - mean_squared_error: 1.0917 - mean_absolute_error: 0.7632
2732/2732 [==============================] - 0s 67us/step - loss: -0.9321 - cosine_proximity: -0.9321 - mean_squared_error: 1.0829 - mean_absolute_error: 0.7586
Epoch 82/148

1024/2732 [==========>...................] - ETA: 0s - loss: -0.9280 - cosine_proximity: -0.9280 - mean_squared_error: 1.0579 - mean_absolute_error: 0.7466
2048/2732 [=====================>........] - ETA: 0s - loss: -0.9317 - cosine_proximity: -0.9317 - mean_squared_error: 1.0772 - mean_absolute_error: 0.7568
2732/2732 [==============================] - 0s 66us/step - loss: -0.9319 - cosine_proximity: -0.9319 - mean_squared_error: 1.0831 - mean_absolute_error: 0.7594
Epoch 83/148

1024/2732 [==========>...................] - ETA: 0s - loss: -0.9346 - cosine_proximity: -0.9346 - mean_squared_error: 1.0705 - mean_absolute_error: 0.7533
2048/2732 [=====================>........] - ETA: 0s - loss: -0.9346 - cosine_proximity: -0.9346 - mean_squared_error: 1.0903 - mean_absolute_error: 0.7629
2732/2732 [==============================] - 0s 65us/step - loss: -0.9327 - cosine_proximity: -0.9327 - mean_squared_error: 1.0860 - mean_absolute_error: 0.7599
Epoch 84/148

1024/2732 [==========>...................] - ETA: 0s - loss: -0.9339 - cosine_proximity: -0.9339 - mean_squared_error: 1.1132 - mean_absolute_error: 0.7739
2048/2732 [=====================>........] - ETA: 0s - loss: -0.9318 - cosine_proximity: -0.9318 - mean_squared_error: 1.0945 - mean_absolute_error: 0.7644
2732/2732 [==============================] - 0s 65us/step - loss: -0.9317 - cosine_proximity: -0.9317 - mean_squared_error: 1.0822 - mean_absolute_error: 0.7580
Epoch 85/148

1024/2732 [==========>...................] - ETA: 0s - loss: -0.9285 - cosine_proximity: -0.9285 - mean_squared_error: 1.0938 - mean_absolute_error: 0.7619
2048/2732 [=====================>........] - ETA: 0s - loss: -0.9311 - cosine_proximity: -0.9311 - mean_squared_error: 1.0906 - mean_absolute_error: 0.7614
2732/2732 [==============================] - 0s 64us/step - loss: -0.9325 - cosine_proximity: -0.9325 - mean_squared_error: 1.0832 - mean_absolute_error: 0.7576
Epoch 86/148

1024/2732 [==========>...................] - ETA: 0s - loss: -0.9253 - cosine_proximity: -0.9253 - mean_squared_error: 1.0679 - mean_absolute_error: 0.7496
2048/2732 [=====================>........] - ETA: 0s - loss: -0.9322 - cosine_proximity: -0.9322 - mean_squared_error: 1.0863 - mean_absolute_error: 0.7593
2732/2732 [==============================] - 0s 64us/step - loss: -0.9323 - cosine_proximity: -0.9323 - mean_squared_error: 1.0861 - mean_absolute_error: 0.7582
Epoch 87/148

1024/2732 [==========>...................] - ETA: 0s - loss: -0.9324 - cosine_proximity: -0.9324 - mean_squared_error: 1.0800 - mean_absolute_error: 0.7559
2048/2732 [=====================>........] - ETA: 0s - loss: -0.9321 - cosine_proximity: -0.9321 - mean_squared_error: 1.0867 - mean_absolute_error: 0.7596
2732/2732 [==============================] - 0s 63us/step - loss: -0.9328 - cosine_proximity: -0.9328 - mean_squared_error: 1.0863 - mean_absolute_error: 0.7591
Epoch 88/148

1024/2732 [==========>...................] - ETA: 0s - loss: -0.9333 - cosine_proximity: -0.9333 - mean_squared_error: 1.0863 - mean_absolute_error: 0.7580
2048/2732 [=====================>........] - ETA: 0s - loss: -0.9319 - cosine_proximity: -0.9319 - mean_squared_error: 1.0889 - mean_absolute_error: 0.7590
2732/2732 [==============================] - 0s 66us/step - loss: -0.9331 - cosine_proximity: -0.9331 - mean_squared_error: 1.0891 - mean_absolute_error: 0.7591
Epoch 89/148

1024/2732 [==========>...................] - ETA: 0s - loss: -0.9352 - cosine_proximity: -0.9352 - mean_squared_error: 1.0927 - mean_absolute_error: 0.7610
2048/2732 [=====================>........] - ETA: 0s - loss: -0.9327 - cosine_proximity: -0.9327 - mean_squared_error: 1.0954 - mean_absolute_error: 0.7613
2732/2732 [==============================] - 0s 64us/step - loss: -0.9335 - cosine_proximity: -0.9335 - mean_squared_error: 1.0911 - mean_absolute_error: 0.7591
Epoch 90/148

1024/2732 [==========>...................] - ETA: 0s - loss: -0.9367 - cosine_proximity: -0.9367 - mean_squared_error: 1.1023 - mean_absolute_error: 0.7655
2048/2732 [=====================>........] - ETA: 0s - loss: -0.9343 - cosine_proximity: -0.9343 - mean_squared_error: 1.0998 - mean_absolute_error: 0.7630
2732/2732 [==============================] - 0s 64us/step - loss: -0.9332 - cosine_proximity: -0.9332 - mean_squared_error: 1.0936 - mean_absolute_error: 0.7604
Epoch 91/148

1024/2732 [==========>...................] - ETA: 0s - loss: -0.9352 - cosine_proximity: -0.9352 - mean_squared_error: 1.1124 - mean_absolute_error: 0.7681
2048/2732 [=====================>........] - ETA: 0s - loss: -0.9336 - cosine_proximity: -0.9336 - mean_squared_error: 1.1028 - mean_absolute_error: 0.7646
2732/2732 [==============================] - 0s 66us/step - loss: -0.9335 - cosine_proximity: -0.9335 - mean_squared_error: 1.1016 - mean_absolute_error: 0.7633
Epoch 92/148

1024/2732 [==========>...................] - ETA: 0s - loss: -0.9358 - cosine_proximity: -0.9358 - mean_squared_error: 1.1132 - mean_absolute_error: 0.7677
2048/2732 [=====================>........] - ETA: 0s - loss: -0.9343 - cosine_proximity: -0.9343 - mean_squared_error: 1.1020 - mean_absolute_error: 0.7625
2732/2732 [==============================] - 0s 69us/step - loss: -0.9340 - cosine_proximity: -0.9340 - mean_squared_error: 1.1064 - mean_absolute_error: 0.7651
Epoch 93/148

1024/2732 [==========>...................] - ETA: 0s - loss: -0.9369 - cosine_proximity: -0.9369 - mean_squared_error: 1.1319 - mean_absolute_error: 0.7778
2048/2732 [=====================>........] - ETA: 0s - loss: -0.9339 - cosine_proximity: -0.9339 - mean_squared_error: 1.1039 - mean_absolute_error: 0.7634
2732/2732 [==============================] - 0s 63us/step - loss: -0.9341 - cosine_proximity: -0.9341 - mean_squared_error: 1.1108 - mean_absolute_error: 0.7668
Epoch 94/148

1024/2732 [==========>...................] - ETA: 0s - loss: -0.9311 - cosine_proximity: -0.9311 - mean_squared_error: 1.1105 - mean_absolute_error: 0.7676
2048/2732 [=====================>........] - ETA: 0s - loss: -0.9345 - cosine_proximity: -0.9345 - mean_squared_error: 1.1215 - mean_absolute_error: 0.7729
2732/2732 [==============================] - 0s 65us/step - loss: -0.9334 - cosine_proximity: -0.9334 - mean_squared_error: 1.1095 - mean_absolute_error: 0.7666
Epoch 95/148

1024/2732 [==========>...................] - ETA: 0s - loss: -0.9324 - cosine_proximity: -0.9324 - mean_squared_error: 1.0857 - mean_absolute_error: 0.7570
2048/2732 [=====================>........] - ETA: 0s - loss: -0.9322 - cosine_proximity: -0.9322 - mean_squared_error: 1.1076 - mean_absolute_error: 0.7658
2732/2732 [==============================] - 0s 63us/step - loss: -0.9339 - cosine_proximity: -0.9339 - mean_squared_error: 1.1112 - mean_absolute_error: 0.7671
Epoch 96/148

1024/2732 [==========>...................] - ETA: 0s - loss: -0.9311 - cosine_proximity: -0.9311 - mean_squared_error: 1.1137 - mean_absolute_error: 0.7669
2048/2732 [=====================>........] - ETA: 0s - loss: -0.9352 - cosine_proximity: -0.9352 - mean_squared_error: 1.1119 - mean_absolute_error: 0.7671
2732/2732 [==============================] - 0s 66us/step - loss: -0.9341 - cosine_proximity: -0.9341 - mean_squared_error: 1.1108 - mean_absolute_error: 0.7669
Epoch 97/148

1024/2732 [==========>...................] - ETA: 0s - loss: -0.9315 - cosine_proximity: -0.9315 - mean_squared_error: 1.1224 - mean_absolute_error: 0.7729
2048/2732 [=====================>........] - ETA: 0s - loss: -0.9342 - cosine_proximity: -0.9342 - mean_squared_error: 1.1271 - mean_absolute_error: 0.7743
2732/2732 [==============================] - 0s 66us/step - loss: -0.9344 - cosine_proximity: -0.9344 - mean_squared_error: 1.1102 - mean_absolute_error: 0.7665
Epoch 98/148

1024/2732 [==========>...................] - ETA: 0s - loss: -0.9364 - cosine_proximity: -0.9364 - mean_squared_error: 1.0858 - mean_absolute_error: 0.7556
2048/2732 [=====================>........] - ETA: 0s - loss: -0.9370 - cosine_proximity: -0.9370 - mean_squared_error: 1.1070 - mean_absolute_error: 0.7654
2732/2732 [==============================] - 0s 63us/step - loss: -0.9346 - cosine_proximity: -0.9346 - mean_squared_error: 1.1127 - mean_absolute_error: 0.7680
Epoch 99/148

1024/2732 [==========>...................] - ETA: 0s - loss: -0.9422 - cosine_proximity: -0.9422 - mean_squared_error: 1.1862 - mean_absolute_error: 0.8029
2048/2732 [=====================>........] - ETA: 0s - loss: -0.9351 - cosine_proximity: -0.9351 - mean_squared_error: 1.1429 - mean_absolute_error: 0.7810
2732/2732 [==============================] - 0s 62us/step - loss: -0.9339 - cosine_proximity: -0.9339 - mean_squared_error: 1.1185 - mean_absolute_error: 0.7695
Epoch 100/148

1024/2732 [==========>...................] - ETA: 0s - loss: -0.9358 - cosine_proximity: -0.9358 - mean_squared_error: 1.1157 - mean_absolute_error: 0.7681
2048/2732 [=====================>........] - ETA: 0s - loss: -0.9338 - cosine_proximity: -0.9338 - mean_squared_error: 1.1212 - mean_absolute_error: 0.7703
2732/2732 [==============================] - 0s 66us/step - loss: -0.9345 - cosine_proximity: -0.9345 - mean_squared_error: 1.1211 - mean_absolute_error: 0.7702
Epoch 101/148

1024/2732 [==========>...................] - ETA: 0s - loss: -0.9386 - cosine_proximity: -0.9386 - mean_squared_error: 1.1196 - mean_absolute_error: 0.7716
2048/2732 [=====================>........] - ETA: 0s - loss: -0.9353 - cosine_proximity: -0.9353 - mean_squared_error: 1.1150 - mean_absolute_error: 0.7686
2732/2732 [==============================] - 0s 64us/step - loss: -0.9353 - cosine_proximity: -0.9353 - mean_squared_error: 1.1129 - mean_absolute_error: 0.7677
Epoch 102/148

1024/2732 [==========>...................] - ETA: 0s - loss: -0.9328 - cosine_proximity: -0.9328 - mean_squared_error: 1.1071 - mean_absolute_error: 0.7642
2048/2732 [=====================>........] - ETA: 0s - loss: -0.9376 - cosine_proximity: -0.9376 - mean_squared_error: 1.1254 - mean_absolute_error: 0.7734
2732/2732 [==============================] - 0s 64us/step - loss: -0.9356 - cosine_proximity: -0.9356 - mean_squared_error: 1.1180 - mean_absolute_error: 0.7689
Epoch 103/148

1024/2732 [==========>...................] - ETA: 0s - loss: -0.9383 - cosine_proximity: -0.9383 - mean_squared_error: 1.1228 - mean_absolute_error: 0.7724
2048/2732 [=====================>........] - ETA: 0s - loss: -0.9337 - cosine_proximity: -0.9337 - mean_squared_error: 1.1171 - mean_absolute_error: 0.7682
2732/2732 [==============================] - 0s 63us/step - loss: -0.9349 - cosine_proximity: -0.9349 - mean_squared_error: 1.1171 - mean_absolute_error: 0.7678
Epoch 104/148

1024/2732 [==========>...................] - ETA: 0s - loss: -0.9388 - cosine_proximity: -0.9388 - mean_squared_error: 1.1226 - mean_absolute_error: 0.7702
2048/2732 [=====================>........] - ETA: 0s - loss: -0.9363 - cosine_proximity: -0.9363 - mean_squared_error: 1.1140 - mean_absolute_error: 0.7664
2732/2732 [==============================] - 0s 64us/step - loss: -0.9352 - cosine_proximity: -0.9352 - mean_squared_error: 1.1228 - mean_absolute_error: 0.7703
Epoch 105/148

1024/2732 [==========>...................] - ETA: 0s - loss: -0.9387 - cosine_proximity: -0.9387 - mean_squared_error: 1.1747 - mean_absolute_error: 0.7980
2048/2732 [=====================>........] - ETA: 0s - loss: -0.9380 - cosine_proximity: -0.9380 - mean_squared_error: 1.1313 - mean_absolute_error: 0.7757
2732/2732 [==============================] - 0s 65us/step - loss: -0.9362 - cosine_proximity: -0.9362 - mean_squared_error: 1.1182 - mean_absolute_error: 0.7689
Epoch 106/148

1024/2732 [==========>...................] - ETA: 0s - loss: -0.9369 - cosine_proximity: -0.9369 - mean_squared_error: 1.1271 - mean_absolute_error: 0.7718
2048/2732 [=====================>........] - ETA: 0s - loss: -0.9359 - cosine_proximity: -0.9359 - mean_squared_error: 1.1228 - mean_absolute_error: 0.7705
2732/2732 [==============================] - 0s 63us/step - loss: -0.9362 - cosine_proximity: -0.9362 - mean_squared_error: 1.1174 - mean_absolute_error: 0.7681
Epoch 107/148

1024/2732 [==========>...................] - ETA: 0s - loss: -0.9374 - cosine_proximity: -0.9374 - mean_squared_error: 1.1289 - mean_absolute_error: 0.7753
2048/2732 [=====================>........] - ETA: 0s - loss: -0.9363 - cosine_proximity: -0.9363 - mean_squared_error: 1.1272 - mean_absolute_error: 0.7725
2732/2732 [==============================] - 0s 64us/step - loss: -0.9359 - cosine_proximity: -0.9359 - mean_squared_error: 1.1303 - mean_absolute_error: 0.7733
Epoch 108/148

1024/2732 [==========>...................] - ETA: 0s - loss: -0.9294 - cosine_proximity: -0.9294 - mean_squared_error: 1.1027 - mean_absolute_error: 0.7594
2048/2732 [=====================>........] - ETA: 0s - loss: -0.9367 - cosine_proximity: -0.9367 - mean_squared_error: 1.1200 - mean_absolute_error: 0.7681
2732/2732 [==============================] - 0s 62us/step - loss: -0.9359 - cosine_proximity: -0.9359 - mean_squared_error: 1.1287 - mean_absolute_error: 0.7718
Epoch 109/148

1024/2732 [==========>...................] - ETA: 0s - loss: -0.9379 - cosine_proximity: -0.9379 - mean_squared_error: 1.1018 - mean_absolute_error: 0.7587
2048/2732 [=====================>........] - ETA: 0s - loss: -0.9359 - cosine_proximity: -0.9359 - mean_squared_error: 1.1174 - mean_absolute_error: 0.7666
2732/2732 [==============================] - 0s 66us/step - loss: -0.9357 - cosine_proximity: -0.9357 - mean_squared_error: 1.1260 - mean_absolute_error: 0.7705
Epoch 110/148

1024/2732 [==========>...................] - ETA: 0s - loss: -0.9363 - cosine_proximity: -0.9363 - mean_squared_error: 1.1269 - mean_absolute_error: 0.7694
2048/2732 [=====================>........] - ETA: 0s - loss: -0.9343 - cosine_proximity: -0.9343 - mean_squared_error: 1.1257 - mean_absolute_error: 0.7706
2732/2732 [==============================] - 0s 63us/step - loss: -0.9350 - cosine_proximity: -0.9350 - mean_squared_error: 1.1260 - mean_absolute_error: 0.7711
Epoch 111/148

1024/2732 [==========>...................] - ETA: 0s - loss: -0.9301 - cosine_proximity: -0.9301 - mean_squared_error: 1.1357 - mean_absolute_error: 0.7751
2048/2732 [=====================>........] - ETA: 0s - loss: -0.9356 - cosine_proximity: -0.9356 - mean_squared_error: 1.1379 - mean_absolute_error: 0.7752
2732/2732 [==============================] - 0s 63us/step - loss: -0.9355 - cosine_proximity: -0.9355 - mean_squared_error: 1.1323 - mean_absolute_error: 0.7729
Epoch 112/148

1024/2732 [==========>...................] - ETA: 0s - loss: -0.9326 - cosine_proximity: -0.9326 - mean_squared_error: 1.1147 - mean_absolute_error: 0.7656
2048/2732 [=====================>........] - ETA: 0s - loss: -0.9343 - cosine_proximity: -0.9343 - mean_squared_error: 1.1345 - mean_absolute_error: 0.7741
2732/2732 [==============================] - 0s 66us/step - loss: -0.9363 - cosine_proximity: -0.9363 - mean_squared_error: 1.1341 - mean_absolute_error: 0.7736
Epoch 113/148

1024/2732 [==========>...................] - ETA: 0s - loss: -0.9390 - cosine_proximity: -0.9390 - mean_squared_error: 1.1390 - mean_absolute_error: 0.7762
2048/2732 [=====================>........] - ETA: 0s - loss: -0.9351 - cosine_proximity: -0.9351 - mean_squared_error: 1.1272 - mean_absolute_error: 0.7691
2732/2732 [==============================] - 0s 63us/step - loss: -0.9357 - cosine_proximity: -0.9357 - mean_squared_error: 1.1371 - mean_absolute_error: 0.7743
Epoch 114/148

1024/2732 [==========>...................] - ETA: 0s - loss: -0.9412 - cosine_proximity: -0.9412 - mean_squared_error: 1.1435 - mean_absolute_error: 0.7775
2048/2732 [=====================>........] - ETA: 0s - loss: -0.9391 - cosine_proximity: -0.9391 - mean_squared_error: 1.1392 - mean_absolute_error: 0.7765
2732/2732 [==============================] - 0s 64us/step - loss: -0.9365 - cosine_proximity: -0.9365 - mean_squared_error: 1.1340 - mean_absolute_error: 0.7732
Epoch 115/148

1024/2732 [==========>...................] - ETA: 0s - loss: -0.9409 - cosine_proximity: -0.9409 - mean_squared_error: 1.1810 - mean_absolute_error: 0.7953
2048/2732 [=====================>........] - ETA: 0s - loss: -0.9368 - cosine_proximity: -0.9368 - mean_squared_error: 1.1474 - mean_absolute_error: 0.7789
2732/2732 [==============================] - 0s 63us/step - loss: -0.9362 - cosine_proximity: -0.9362 - mean_squared_error: 1.1416 - mean_absolute_error: 0.7764
Epoch 116/148

1024/2732 [==========>...................] - ETA: 0s - loss: -0.9374 - cosine_proximity: -0.9374 - mean_squared_error: 1.1442 - mean_absolute_error: 0.7778
2048/2732 [=====================>........] - ETA: 0s - loss: -0.9374 - cosine_proximity: -0.9374 - mean_squared_error: 1.1467 - mean_absolute_error: 0.7778
2732/2732 [==============================] - 0s 65us/step - loss: -0.9371 - cosine_proximity: -0.9371 - mean_squared_error: 1.1429 - mean_absolute_error: 0.7758
Epoch 117/148

1024/2732 [==========>...................] - ETA: 0s - loss: -0.9360 - cosine_proximity: -0.9360 - mean_squared_error: 1.1669 - mean_absolute_error: 0.7864
2048/2732 [=====================>........] - ETA: 0s - loss: -0.9363 - cosine_proximity: -0.9363 - mean_squared_error: 1.1568 - mean_absolute_error: 0.7817
2732/2732 [==============================] - 0s 65us/step - loss: -0.9370 - cosine_proximity: -0.9370 - mean_squared_error: 1.1451 - mean_absolute_error: 0.7753
Epoch 118/148

1024/2732 [==========>...................] - ETA: 0s - loss: -0.9361 - cosine_proximity: -0.9361 - mean_squared_error: 1.1604 - mean_absolute_error: 0.7845
2048/2732 [=====================>........] - ETA: 0s - loss: -0.9363 - cosine_proximity: -0.9363 - mean_squared_error: 1.1410 - mean_absolute_error: 0.7736
2732/2732 [==============================] - 0s 64us/step - loss: -0.9368 - cosine_proximity: -0.9368 - mean_squared_error: 1.1434 - mean_absolute_error: 0.7752
Epoch 119/148

1024/2732 [==========>...................] - ETA: 0s - loss: -0.9355 - cosine_proximity: -0.9355 - mean_squared_error: 1.1438 - mean_absolute_error: 0.7757
2048/2732 [=====================>........] - ETA: 0s - loss: -0.9405 - cosine_proximity: -0.9405 - mean_squared_error: 1.1684 - mean_absolute_error: 0.7870
2732/2732 [==============================] - 0s 63us/step - loss: -0.9365 - cosine_proximity: -0.9365 - mean_squared_error: 1.1487 - mean_absolute_error: 0.7773
Epoch 120/148

1024/2732 [==========>...................] - ETA: 0s - loss: -0.9406 - cosine_proximity: -0.9406 - mean_squared_error: 1.1532 - mean_absolute_error: 0.7777
2048/2732 [=====================>........] - ETA: 0s - loss: -0.9376 - cosine_proximity: -0.9376 - mean_squared_error: 1.1530 - mean_absolute_error: 0.7776
2732/2732 [==============================] - 0s 65us/step - loss: -0.9367 - cosine_proximity: -0.9367 - mean_squared_error: 1.1558 - mean_absolute_error: 0.7800
Epoch 121/148

1024/2732 [==========>...................] - ETA: 0s - loss: -0.9373 - cosine_proximity: -0.9373 - mean_squared_error: 1.1158 - mean_absolute_error: 0.7628
2048/2732 [=====================>........] - ETA: 0s - loss: -0.9377 - cosine_proximity: -0.9377 - mean_squared_error: 1.1303 - mean_absolute_error: 0.7699
2732/2732 [==============================] - 0s 64us/step - loss: -0.9369 - cosine_proximity: -0.9369 - mean_squared_error: 1.1405 - mean_absolute_error: 0.7749
Epoch 122/148

1024/2732 [==========>...................] - ETA: 0s - loss: -0.9382 - cosine_proximity: -0.9382 - mean_squared_error: 1.1452 - mean_absolute_error: 0.7778
2048/2732 [=====================>........] - ETA: 0s - loss: -0.9354 - cosine_proximity: -0.9354 - mean_squared_error: 1.1421 - mean_absolute_error: 0.7766
2732/2732 [==============================] - 0s 66us/step - loss: -0.9363 - cosine_proximity: -0.9363 - mean_squared_error: 1.1435 - mean_absolute_error: 0.7758
Epoch 123/148

1024/2732 [==========>...................] - ETA: 0s - loss: -0.9377 - cosine_proximity: -0.9377 - mean_squared_error: 1.1549 - mean_absolute_error: 0.7817
2048/2732 [=====================>........] - ETA: 0s - loss: -0.9390 - cosine_proximity: -0.9390 - mean_squared_error: 1.1718 - mean_absolute_error: 0.7891
2732/2732 [==============================] - 0s 64us/step - loss: -0.9376 - cosine_proximity: -0.9376 - mean_squared_error: 1.1500 - mean_absolute_error: 0.7790
Epoch 124/148

1024/2732 [==========>...................] - ETA: 0s - loss: -0.9362 - cosine_proximity: -0.9362 - mean_squared_error: 1.1514 - mean_absolute_error: 0.7770
2048/2732 [=====================>........] - ETA: 0s - loss: -0.9365 - cosine_proximity: -0.9365 - mean_squared_error: 1.1517 - mean_absolute_error: 0.7774
2732/2732 [==============================] - 0s 65us/step - loss: -0.9374 - cosine_proximity: -0.9374 - mean_squared_error: 1.1508 - mean_absolute_error: 0.7784
Epoch 125/148

1024/2732 [==========>...................] - ETA: 0s - loss: -0.9437 - cosine_proximity: -0.9437 - mean_squared_error: 1.1934 - mean_absolute_error: 0.7986
2048/2732 [=====================>........] - ETA: 0s - loss: -0.9392 - cosine_proximity: -0.9392 - mean_squared_error: 1.1633 - mean_absolute_error: 0.7846
2732/2732 [==============================] - 0s 66us/step - loss: -0.9374 - cosine_proximity: -0.9374 - mean_squared_error: 1.1491 - mean_absolute_error: 0.7781
Epoch 126/148

1024/2732 [==========>...................] - ETA: 0s - loss: -0.9411 - cosine_proximity: -0.9411 - mean_squared_error: 1.1796 - mean_absolute_error: 0.7920
2048/2732 [=====================>........] - ETA: 0s - loss: -0.9403 - cosine_proximity: -0.9403 - mean_squared_error: 1.1645 - mean_absolute_error: 0.7849
2732/2732 [==============================] - 0s 65us/step - loss: -0.9381 - cosine_proximity: -0.9381 - mean_squared_error: 1.1529 - mean_absolute_error: 0.7797
Epoch 127/148

1024/2732 [==========>...................] - ETA: 0s - loss: -0.9402 - cosine_proximity: -0.9402 - mean_squared_error: 1.1633 - mean_absolute_error: 0.7847
2048/2732 [=====================>........] - ETA: 0s - loss: -0.9380 - cosine_proximity: -0.9380 - mean_squared_error: 1.1704 - mean_absolute_error: 0.7873
2732/2732 [==============================] - 0s 65us/step - loss: -0.9381 - cosine_proximity: -0.9381 - mean_squared_error: 1.1602 - mean_absolute_error: 0.7816
Epoch 128/148

1024/2732 [==========>...................] - ETA: 0s - loss: -0.9347 - cosine_proximity: -0.9347 - mean_squared_error: 1.1488 - mean_absolute_error: 0.7781
2048/2732 [=====================>........] - ETA: 0s - loss: -0.9340 - cosine_proximity: -0.9340 - mean_squared_error: 1.1404 - mean_absolute_error: 0.7721
2732/2732 [==============================] - 0s 65us/step - loss: -0.9375 - cosine_proximity: -0.9375 - mean_squared_error: 1.1594 - mean_absolute_error: 0.7811
Epoch 129/148

1024/2732 [==========>...................] - ETA: 0s - loss: -0.9342 - cosine_proximity: -0.9342 - mean_squared_error: 1.1585 - mean_absolute_error: 0.7821
2048/2732 [=====================>........] - ETA: 0s - loss: -0.9374 - cosine_proximity: -0.9374 - mean_squared_error: 1.1595 - mean_absolute_error: 0.7815
2732/2732 [==============================] - 0s 64us/step - loss: -0.9374 - cosine_proximity: -0.9374 - mean_squared_error: 1.1621 - mean_absolute_error: 0.7824
Epoch 130/148

1024/2732 [==========>...................] - ETA: 0s - loss: -0.9370 - cosine_proximity: -0.9370 - mean_squared_error: 1.1676 - mean_absolute_error: 0.7815
2048/2732 [=====================>........] - ETA: 0s - loss: -0.9370 - cosine_proximity: -0.9370 - mean_squared_error: 1.1469 - mean_absolute_error: 0.7751
2732/2732 [==============================] - 0s 64us/step - loss: -0.9374 - cosine_proximity: -0.9374 - mean_squared_error: 1.1619 - mean_absolute_error: 0.7822
Epoch 131/148

1024/2732 [==========>...................] - ETA: 0s - loss: -0.9360 - cosine_proximity: -0.9360 - mean_squared_error: 1.1787 - mean_absolute_error: 0.7875
2048/2732 [=====================>........] - ETA: 0s - loss: -0.9380 - cosine_proximity: -0.9380 - mean_squared_error: 1.1664 - mean_absolute_error: 0.7837
2732/2732 [==============================] - 0s 63us/step - loss: -0.9380 - cosine_proximity: -0.9380 - mean_squared_error: 1.1597 - mean_absolute_error: 0.7811
Epoch 132/148

1024/2732 [==========>...................] - ETA: 0s - loss: -0.9369 - cosine_proximity: -0.9369 - mean_squared_error: 1.1572 - mean_absolute_error: 0.7790
2048/2732 [=====================>........] - ETA: 0s - loss: -0.9380 - cosine_proximity: -0.9380 - mean_squared_error: 1.1678 - mean_absolute_error: 0.7844
2732/2732 [==============================] - 0s 65us/step - loss: -0.9376 - cosine_proximity: -0.9376 - mean_squared_error: 1.1612 - mean_absolute_error: 0.7816
Epoch 133/148

1024/2732 [==========>...................] - ETA: 0s - loss: -0.9344 - cosine_proximity: -0.9344 - mean_squared_error: 1.1934 - mean_absolute_error: 0.7983
2048/2732 [=====================>........] - ETA: 0s - loss: -0.9385 - cosine_proximity: -0.9385 - mean_squared_error: 1.1701 - mean_absolute_error: 0.7868
2732/2732 [==============================] - 0s 65us/step - loss: -0.9377 - cosine_proximity: -0.9377 - mean_squared_error: 1.1625 - mean_absolute_error: 0.7827
Epoch 134/148

1024/2732 [==========>...................] - ETA: 0s - loss: -0.9371 - cosine_proximity: -0.9371 - mean_squared_error: 1.1601 - mean_absolute_error: 0.7791
2048/2732 [=====================>........] - ETA: 0s - loss: -0.9366 - cosine_proximity: -0.9366 - mean_squared_error: 1.1481 - mean_absolute_error: 0.7755
2732/2732 [==============================] - 0s 64us/step - loss: -0.9377 - cosine_proximity: -0.9377 - mean_squared_error: 1.1564 - mean_absolute_error: 0.7799
Epoch 135/148

1024/2732 [==========>...................] - ETA: 0s - loss: -0.9417 - cosine_proximity: -0.9417 - mean_squared_error: 1.1701 - mean_absolute_error: 0.7868
2048/2732 [=====================>........] - ETA: 0s - loss: -0.9368 - cosine_proximity: -0.9368 - mean_squared_error: 1.1598 - mean_absolute_error: 0.7812
2732/2732 [==============================] - 0s 65us/step - loss: -0.9379 - cosine_proximity: -0.9379 - mean_squared_error: 1.1612 - mean_absolute_error: 0.7817
Epoch 136/148

1024/2732 [==========>...................] - ETA: 0s - loss: -0.9361 - cosine_proximity: -0.9361 - mean_squared_error: 1.1693 - mean_absolute_error: 0.7860
2048/2732 [=====================>........] - ETA: 0s - loss: -0.9369 - cosine_proximity: -0.9369 - mean_squared_error: 1.1549 - mean_absolute_error: 0.7798
2732/2732 [==============================] - 0s 64us/step - loss: -0.9389 - cosine_proximity: -0.9389 - mean_squared_error: 1.1546 - mean_absolute_error: 0.7797
Epoch 137/148

1024/2732 [==========>...................] - ETA: 0s - loss: -0.9441 - cosine_proximity: -0.9441 - mean_squared_error: 1.1851 - mean_absolute_error: 0.7916
2048/2732 [=====================>........] - ETA: 0s - loss: -0.9388 - cosine_proximity: -0.9388 - mean_squared_error: 1.1702 - mean_absolute_error: 0.7854
2732/2732 [==============================] - 0s 65us/step - loss: -0.9388 - cosine_proximity: -0.9388 - mean_squared_error: 1.1597 - mean_absolute_error: 0.7804
Epoch 138/148

1024/2732 [==========>...................] - ETA: 0s - loss: -0.9337 - cosine_proximity: -0.9337 - mean_squared_error: 1.1230 - mean_absolute_error: 0.7640
2048/2732 [=====================>........] - ETA: 0s - loss: -0.9371 - cosine_proximity: -0.9371 - mean_squared_error: 1.1551 - mean_absolute_error: 0.7797
2732/2732 [==============================] - 0s 65us/step - loss: -0.9378 - cosine_proximity: -0.9378 - mean_squared_error: 1.1553 - mean_absolute_error: 0.7793
Epoch 139/148

1024/2732 [==========>...................] - ETA: 0s - loss: -0.9399 - cosine_proximity: -0.9399 - mean_squared_error: 1.1795 - mean_absolute_error: 0.7880
2048/2732 [=====================>........] - ETA: 0s - loss: -0.9399 - cosine_proximity: -0.9399 - mean_squared_error: 1.1756 - mean_absolute_error: 0.7872
2732/2732 [==============================] - 0s 64us/step - loss: -0.9382 - cosine_proximity: -0.9382 - mean_squared_error: 1.1644 - mean_absolute_error: 0.7821
Epoch 140/148

1024/2732 [==========>...................] - ETA: 0s - loss: -0.9416 - cosine_proximity: -0.9416 - mean_squared_error: 1.1511 - mean_absolute_error: 0.7783
2048/2732 [=====================>........] - ETA: 0s - loss: -0.9392 - cosine_proximity: -0.9392 - mean_squared_error: 1.1784 - mean_absolute_error: 0.7892
2732/2732 [==============================] - 0s 65us/step - loss: -0.9388 - cosine_proximity: -0.9388 - mean_squared_error: 1.1638 - mean_absolute_error: 0.7821
Epoch 141/148

1024/2732 [==========>...................] - ETA: 0s - loss: -0.9415 - cosine_proximity: -0.9415 - mean_squared_error: 1.1593 - mean_absolute_error: 0.7801
2048/2732 [=====================>........] - ETA: 0s - loss: -0.9389 - cosine_proximity: -0.9389 - mean_squared_error: 1.1786 - mean_absolute_error: 0.7879
2732/2732 [==============================] - 0s 65us/step - loss: -0.9388 - cosine_proximity: -0.9388 - mean_squared_error: 1.1722 - mean_absolute_error: 0.7851
Epoch 142/148

1024/2732 [==========>...................] - ETA: 0s - loss: -0.9410 - cosine_proximity: -0.9410 - mean_squared_error: 1.1714 - mean_absolute_error: 0.7873
2048/2732 [=====================>........] - ETA: 0s - loss: -0.9394 - cosine_proximity: -0.9394 - mean_squared_error: 1.1693 - mean_absolute_error: 0.7841
2732/2732 [==============================] - 0s 65us/step - loss: -0.9389 - cosine_proximity: -0.9389 - mean_squared_error: 1.1685 - mean_absolute_error: 0.7835
Epoch 143/148

1024/2732 [==========>...................] - ETA: 0s - loss: -0.9408 - cosine_proximity: -0.9408 - mean_squared_error: 1.1514 - mean_absolute_error: 0.7742
2048/2732 [=====================>........] - ETA: 0s - loss: -0.9401 - cosine_proximity: -0.9401 - mean_squared_error: 1.1749 - mean_absolute_error: 0.7860
2732/2732 [==============================] - 0s 64us/step - loss: -0.9399 - cosine_proximity: -0.9399 - mean_squared_error: 1.1738 - mean_absolute_error: 0.7855
Epoch 144/148

1024/2732 [==========>...................] - ETA: 0s - loss: -0.9339 - cosine_proximity: -0.9339 - mean_squared_error: 1.1494 - mean_absolute_error: 0.7745
2048/2732 [=====================>........] - ETA: 0s - loss: -0.9401 - cosine_proximity: -0.9401 - mean_squared_error: 1.1660 - mean_absolute_error: 0.7814
2732/2732 [==============================] - 0s 63us/step - loss: -0.9387 - cosine_proximity: -0.9387 - mean_squared_error: 1.1734 - mean_absolute_error: 0.7855
Epoch 145/148

1024/2732 [==========>...................] - ETA: 0s - loss: -0.9406 - cosine_proximity: -0.9406 - mean_squared_error: 1.1832 - mean_absolute_error: 0.7904
2048/2732 [=====================>........] - ETA: 0s - loss: -0.9401 - cosine_proximity: -0.9401 - mean_squared_error: 1.1811 - mean_absolute_error: 0.7898
2732/2732 [==============================] - 0s 66us/step - loss: -0.9391 - cosine_proximity: -0.9391 - mean_squared_error: 1.1797 - mean_absolute_error: 0.7887
Epoch 146/148

1024/2732 [==========>...................] - ETA: 0s - loss: -0.9422 - cosine_proximity: -0.9422 - mean_squared_error: 1.2151 - mean_absolute_error: 0.8016
2048/2732 [=====================>........] - ETA: 0s - loss: -0.9397 - cosine_proximity: -0.9397 - mean_squared_error: 1.1847 - mean_absolute_error: 0.7897
2732/2732 [==============================] - 0s 65us/step - loss: -0.9391 - cosine_proximity: -0.9391 - mean_squared_error: 1.1748 - mean_absolute_error: 0.7856
Epoch 147/148

1024/2732 [==========>...................] - ETA: 0s - loss: -0.9333 - cosine_proximity: -0.9333 - mean_squared_error: 1.1711 - mean_absolute_error: 0.7884
2048/2732 [=====================>........] - ETA: 0s - loss: -0.9405 - cosine_proximity: -0.9405 - mean_squared_error: 1.1750 - mean_absolute_error: 0.7876
2732/2732 [==============================] - 0s 64us/step - loss: -0.9395 - cosine_proximity: -0.9395 - mean_squared_error: 1.1695 - mean_absolute_error: 0.7840
Epoch 148/148

1024/2732 [==========>...................] - ETA: 0s - loss: -0.9352 - cosine_proximity: -0.9352 - mean_squared_error: 1.1558 - mean_absolute_error: 0.7753
2048/2732 [=====================>........] - ETA: 0s - loss: -0.9369 - cosine_proximity: -0.9369 - mean_squared_error: 1.1729 - mean_absolute_error: 0.7848
2732/2732 [==============================] - 0s 65us/step - loss: -0.9392 - cosine_proximity: -0.9392 - mean_squared_error: 1.1690 - mean_absolute_error: 0.7835
Plots saved in plots/
Training finished

510/510 [==============================] - 0s 251us/step
/home/gazkune/.virtualenvs/generic-ar/local/lib/python2.7/site-packages/sklearn/metrics/classification.py:1143: UndefinedMetricWarning: Precision is ill-defined and being set to 0.0 in labels with no predicted samples.
  'precision', 'predicted', average, warn_for)
/home/gazkune/.virtualenvs/generic-ar/local/lib/python2.7/site-packages/sklearn/metrics/classification.py:1143: UndefinedMetricWarning: F-score is ill-defined and being set to 0.0 in labels with no predicted samples.
  'precision', 'predicted', average, warn_for)
Transforming regression predictions to classes
Predicted unique activities:
[ 1  3  5  6  7  8  9 10 11 15 17]
ytrue shape:  (510,)
ypreds shape:  (510, 5)
Classes for the heatmap (21)
[u'shave', u'take_shower', u'get_dressed', u'put_clothes_in_washing_machine', u'relax', u'brush_teeth', u'leave_house', u'prepare_dinner', u'go_to_bed', u'use_toilet', u'get_snack', u'get_drink', u'eating', u'take_medication', u'prepare_lunch', u'prepare_breakfast', u'store_groceries', u'put_items_in_dishwasher', u'unload_dishwasher', u'unload_washing_machine', u'receive_guest']
Utils: ypred unique values: [ 1  6  7  8  9 15]
Confusion matrix, without normalization
Utils: ypred unique values: [ 1  6  7  8  9 15]
Normalized confusion matrix
Metrics saved in results/05-kasterenC-kasterenA-cross_lstm-reg-with_time-no_nones-kasterenC-kasterenA-complete-metrics.json
