Using TensorFlow backend.
Selected train dataset: kasterenC
Selected test dataset: kasterenB
Dataset base directory: ../../formatted_datasets/
Daytime option: with_time
Nones option: no_nones
Selected action/activity representation: sum
Number of epochs:  148
Experiment ID: cross_lstm-reg-with_time-no_nones-kasterenC-kasterenB
Treat imbalance data: False
Batch size: 1024
Dropout: 0.7
Loss: cosine_proximity
Number of predictions: 5
file number:  6
Loading and formatting data
File name: ../../formatted_datasets/kasterenC/complete/with_time_no_nones/kasterenC_sum_60_embedding_weights.npy
File name: ../../formatted_datasets/kasterenB/complete/with_time_no_nones/kasterenB_sum_60_embedding_weights.npy
Reformatting datasets for cross dataset usage
None activity ignored
Activity get_dressed is already in the dict
Activity go_to_bed is already in the dict
Activity get_drink is already in the dict
Activity leave_house is already in the dict
Activity prepare_dinner is already in the dict
Activity use_toilet is already in the dict
Activity take_shower is already in the dict
none activity ignored
Activity brush_teeth is already in the dict
---------------------------------
Common data structures info:
Embedding matrices:
   Embedding matrix shape for training: (25, 300)
   Embedding matrix shape for testing: (27, 300)
   Common embedding matrix shape: (51, 300)
Activity to int:
   Activities in training: 16
   Activities in testing: 23
   Common activities: 31
File name for y embedding (train): ../../formatted_datasets/kasterenC/complete/with_time_no_nones/kasterenC_sum_60_y_embedding.npy
File name for y embedding (test): ../../formatted_datasets/kasterenB/complete/with_time_no_nones/kasterenB_sum_60_y_embedding.npy
X sequences:
   X train shape: (2732, 31)
   X test shape: (1760, 31)
y labels:
   y train embedding shape: (2732, 300)
   y test embedding shape: (1760, 300)
   y train one hot shape: (2732, 31)
   y test one hot shape: (1760, 31)
   y train index shape: (2732,)
   y test index shape: (1760,)
max sequence length (train, test): 31, 31
features per action: 51
Action max length: 300
Activity distribution for training:
{u'brush_teeth': 55,
 u'eating': 60,
 u'get_dressed': 41,
 u'get_drink': 7,
 u'get_snack': 9,
 u'go_to_bed': 1961,
 u'leave_house': 121,
 u'prepare_breakfast': 34,
 u'prepare_dinner': 109,
 u'prepare_lunch': 27,
 u'put_clothes_in_washing_machine': 6,
 u'relax': 131,
 u'shave': 32,
 u'take_medication': 3,
 u'take_shower': 86,
 u'use_toilet': 50}
Activity distribution for testing:
{u'answering_phone': 6,
 u'brush_teeth': 24,
 u'drop_dish': 2,
 u'eat_brunch': 1,
 u'eat_dinner': 8,
 u'faster_kitchen_camera': 6,
 u'get_dressed': 18,
 u'get_drink': 9,
 u'go_to_bed': 893,
 u'install_sensor': 45,
 u'leave_house': 333,
 u'on_phone': 1,
 u'play_piano': 78,
 u'prepare_brunch': 52,
 u'prepare_dinner': 72,
 u'prepare_for_leaving': 14,
 u'search_keys': 7,
 u'setting_up_sensors': 18,
 u'shaving': 6,
 u'take_shower': 107,
 u'unpacking': 12,
 u'use_toilet': 27,
 u'wash_dishes': 21}
Building model...
WARNING:tensorflow:From /home/gazkune/.virtualenvs/generic-ar/local/lib/python2.7/site-packages/tensorflow/python/framework/op_def_library.py:263: colocate_with (from tensorflow.python.framework.ops) is deprecated and will be removed in a future version.
Instructions for updating:
Colocations handled automatically by placer.
2019-06-17 17:07:13.915474: I tensorflow/core/platform/cpu_feature_guard.cc:141] Your CPU supports instructions that this TensorFlow binary was not compiled to use: AVX2 AVX512F FMA
2019-06-17 17:07:14.042387: I tensorflow/compiler/xla/service/service.cc:150] XLA service 0x5eccda0 executing computations on platform CUDA. Devices:
2019-06-17 17:07:14.042452: I tensorflow/compiler/xla/service/service.cc:158]   StreamExecutor device (0): TITAN V, Compute Capability 7.0
2019-06-17 17:07:14.063919: I tensorflow/core/platform/profile_utils/cpu_utils.cc:94] CPU Frequency: 2800000000 Hz
2019-06-17 17:07:14.066187: I tensorflow/compiler/xla/service/service.cc:150] XLA service 0x5fbba00 executing computations on platform Host. Devices:
2019-06-17 17:07:14.066248: I tensorflow/compiler/xla/service/service.cc:158]   StreamExecutor device (0): <undefined>, <undefined>
2019-06-17 17:07:14.067185: I tensorflow/core/common_runtime/gpu/gpu_device.cc:1433] Found device 0 with properties: 
name: TITAN V major: 7 minor: 0 memoryClockRate(GHz): 1.455
pciBusID: 0000:21:00.0
totalMemory: 11.75GiB freeMemory: 11.40GiB
2019-06-17 17:07:14.067213: I tensorflow/core/common_runtime/gpu/gpu_device.cc:1512] Adding visible gpu devices: 0
2019-06-17 17:07:14.069154: I tensorflow/core/common_runtime/gpu/gpu_device.cc:984] Device interconnect StreamExecutor with strength 1 edge matrix:
2019-06-17 17:07:14.069179: I tensorflow/core/common_runtime/gpu/gpu_device.cc:990]      0 
2019-06-17 17:07:14.069192: I tensorflow/core/common_runtime/gpu/gpu_device.cc:1003] 0:   N 
2019-06-17 17:07:14.070031: I tensorflow/core/common_runtime/gpu/gpu_device.cc:1115] Created TensorFlow device (/job:localhost/replica:0/task:0/device:GPU:0 with 11090 MB memory) -> physical GPU (device: 0, name: TITAN V, pci bus id: 0000:21:00.0, compute capability: 7.0)
WARNING:tensorflow:From /home/gazkune/.virtualenvs/generic-ar/local/lib/python2.7/site-packages/keras/backend/tensorflow_backend.py:3138: calling dropout (from tensorflow.python.ops.nn_ops) with keep_prob is deprecated and will be removed in a future version.
Instructions for updating:
Please use `rate` instead of `keep_prob`. Rate should be set to `rate = 1 - keep_prob`.
Model built
_________________________________________________________________
Layer (type)                 Output Shape              Param #   
=================================================================
embedding_1 (Embedding)      (None, 31, 300)           15300     
_________________________________________________________________
lstm_1 (LSTM)                (None, 512)               1665024   
_________________________________________________________________
dense_1 (Dense)              (None, 300)               153900    
=================================================================
Total params: 1,834,224
Trainable params: 1,818,924
Non-trainable params: 15,300
_________________________________________________________________
None
Training...
WARNING:tensorflow:From /home/gazkune/.virtualenvs/generic-ar/local/lib/python2.7/site-packages/tensorflow/python/ops/math_ops.py:3066: to_int32 (from tensorflow.python.ops.math_ops) is deprecated and will be removed in a future version.
Instructions for updating:
Use tf.cast instead.
2019-06-17 17:07:17.891705: I tensorflow/stream_executor/dso_loader.cc:152] successfully opened CUDA library libcublas.so.10.0 locally
Epoch 1/148

1024/2732 [==========>...................] - ETA: 1s - loss: -0.0170 - cosine_proximity: -0.0170 - mean_squared_error: 0.0608 - mean_absolute_error: 0.1956
2048/2732 [=====================>........] - ETA: 0s - loss: -0.1948 - cosine_proximity: -0.1948 - mean_squared_error: 0.0527 - mean_absolute_error: 0.1813
2732/2732 [==============================] - 1s 443us/step - loss: -0.2960 - cosine_proximity: -0.2960 - mean_squared_error: 0.0495 - mean_absolute_error: 0.1750
Epoch 2/148

1024/2732 [==========>...................] - ETA: 0s - loss: -0.7101 - cosine_proximity: -0.7101 - mean_squared_error: 0.0507 - mean_absolute_error: 0.1714
2048/2732 [=====================>........] - ETA: 0s - loss: -0.7508 - cosine_proximity: -0.7508 - mean_squared_error: 0.0705 - mean_absolute_error: 0.1980
2732/2732 [==============================] - 0s 73us/step - loss: -0.7691 - cosine_proximity: -0.7691 - mean_squared_error: 0.0904 - mean_absolute_error: 0.2213
Epoch 3/148

1024/2732 [==========>...................] - ETA: 0s - loss: -0.8331 - cosine_proximity: -0.8331 - mean_squared_error: 0.2328 - mean_absolute_error: 0.3724
2048/2732 [=====================>........] - ETA: 0s - loss: -0.8342 - cosine_proximity: -0.8342 - mean_squared_error: 0.2927 - mean_absolute_error: 0.4225
2732/2732 [==============================] - 0s 69us/step - loss: -0.8307 - cosine_proximity: -0.8307 - mean_squared_error: 0.3353 - mean_absolute_error: 0.4527
Epoch 4/148

1024/2732 [==========>...................] - ETA: 0s - loss: -0.8392 - cosine_proximity: -0.8392 - mean_squared_error: 0.5649 - mean_absolute_error: 0.5990
2048/2732 [=====================>........] - ETA: 0s - loss: -0.8363 - cosine_proximity: -0.8363 - mean_squared_error: 0.6072 - mean_absolute_error: 0.6193
2732/2732 [==============================] - 0s 69us/step - loss: -0.8360 - cosine_proximity: -0.8360 - mean_squared_error: 0.6325 - mean_absolute_error: 0.6312
Epoch 5/148

1024/2732 [==========>...................] - ETA: 0s - loss: -0.8439 - cosine_proximity: -0.8439 - mean_squared_error: 0.7348 - mean_absolute_error: 0.6746
2048/2732 [=====================>........] - ETA: 0s - loss: -0.8398 - cosine_proximity: -0.8398 - mean_squared_error: 0.7276 - mean_absolute_error: 0.6668
2732/2732 [==============================] - 0s 70us/step - loss: -0.8450 - cosine_proximity: -0.8450 - mean_squared_error: 0.7170 - mean_absolute_error: 0.6576
Epoch 6/148

1024/2732 [==========>...................] - ETA: 0s - loss: -0.8636 - cosine_proximity: -0.8636 - mean_squared_error: 0.6815 - mean_absolute_error: 0.6189
2048/2732 [=====================>........] - ETA: 0s - loss: -0.8539 - cosine_proximity: -0.8539 - mean_squared_error: 0.6768 - mean_absolute_error: 0.6141
2732/2732 [==============================] - 0s 70us/step - loss: -0.8578 - cosine_proximity: -0.8578 - mean_squared_error: 0.6804 - mean_absolute_error: 0.6153
Epoch 7/148

1024/2732 [==========>...................] - ETA: 0s - loss: -0.8720 - cosine_proximity: -0.8720 - mean_squared_error: 0.7213 - mean_absolute_error: 0.6308
2048/2732 [=====================>........] - ETA: 0s - loss: -0.8663 - cosine_proximity: -0.8663 - mean_squared_error: 0.7306 - mean_absolute_error: 0.6343
2732/2732 [==============================] - 0s 71us/step - loss: -0.8650 - cosine_proximity: -0.8650 - mean_squared_error: 0.7308 - mean_absolute_error: 0.6331
Epoch 8/148

1024/2732 [==========>...................] - ETA: 0s - loss: -0.8706 - cosine_proximity: -0.8706 - mean_squared_error: 0.7240 - mean_absolute_error: 0.6232
2048/2732 [=====================>........] - ETA: 0s - loss: -0.8707 - cosine_proximity: -0.8707 - mean_squared_error: 0.7403 - mean_absolute_error: 0.6331
2732/2732 [==============================] - 0s 70us/step - loss: -0.8715 - cosine_proximity: -0.8715 - mean_squared_error: 0.7486 - mean_absolute_error: 0.6373
Epoch 9/148

1024/2732 [==========>...................] - ETA: 0s - loss: -0.8768 - cosine_proximity: -0.8768 - mean_squared_error: 0.7621 - mean_absolute_error: 0.6440
2048/2732 [=====================>........] - ETA: 0s - loss: -0.8793 - cosine_proximity: -0.8793 - mean_squared_error: 0.7656 - mean_absolute_error: 0.6454
2732/2732 [==============================] - 0s 70us/step - loss: -0.8775 - cosine_proximity: -0.8775 - mean_squared_error: 0.7600 - mean_absolute_error: 0.6425
Epoch 10/148

1024/2732 [==========>...................] - ETA: 0s - loss: -0.8819 - cosine_proximity: -0.8819 - mean_squared_error: 0.7692 - mean_absolute_error: 0.6453
2048/2732 [=====================>........] - ETA: 0s - loss: -0.8843 - cosine_proximity: -0.8843 - mean_squared_error: 0.7813 - mean_absolute_error: 0.6514
2732/2732 [==============================] - 0s 69us/step - loss: -0.8814 - cosine_proximity: -0.8814 - mean_squared_error: 0.7774 - mean_absolute_error: 0.6495
Epoch 11/148

1024/2732 [==========>...................] - ETA: 0s - loss: -0.8777 - cosine_proximity: -0.8777 - mean_squared_error: 0.7867 - mean_absolute_error: 0.6548
2048/2732 [=====================>........] - ETA: 0s - loss: -0.8830 - cosine_proximity: -0.8830 - mean_squared_error: 0.7979 - mean_absolute_error: 0.6587
2732/2732 [==============================] - 0s 71us/step - loss: -0.8851 - cosine_proximity: -0.8851 - mean_squared_error: 0.8120 - mean_absolute_error: 0.6644
Epoch 12/148

1024/2732 [==========>...................] - ETA: 0s - loss: -0.8960 - cosine_proximity: -0.8960 - mean_squared_error: 0.8414 - mean_absolute_error: 0.6770
2048/2732 [=====================>........] - ETA: 0s - loss: -0.8916 - cosine_proximity: -0.8916 - mean_squared_error: 0.8513 - mean_absolute_error: 0.6808
2732/2732 [==============================] - 0s 71us/step - loss: -0.8889 - cosine_proximity: -0.8889 - mean_squared_error: 0.8442 - mean_absolute_error: 0.6763
Epoch 13/148

1024/2732 [==========>...................] - ETA: 0s - loss: -0.8955 - cosine_proximity: -0.8955 - mean_squared_error: 0.8743 - mean_absolute_error: 0.6854
2048/2732 [=====================>........] - ETA: 0s - loss: -0.8957 - cosine_proximity: -0.8957 - mean_squared_error: 0.8741 - mean_absolute_error: 0.6860
2732/2732 [==============================] - 0s 70us/step - loss: -0.8915 - cosine_proximity: -0.8915 - mean_squared_error: 0.8663 - mean_absolute_error: 0.6818
Epoch 14/148

1024/2732 [==========>...................] - ETA: 0s - loss: -0.8952 - cosine_proximity: -0.8952 - mean_squared_error: 0.8669 - mean_absolute_error: 0.6793
2048/2732 [=====================>........] - ETA: 0s - loss: -0.8941 - cosine_proximity: -0.8941 - mean_squared_error: 0.8695 - mean_absolute_error: 0.6799
2732/2732 [==============================] - 0s 70us/step - loss: -0.8942 - cosine_proximity: -0.8942 - mean_squared_error: 0.8675 - mean_absolute_error: 0.6785
Epoch 15/148

1024/2732 [==========>...................] - ETA: 0s - loss: -0.8983 - cosine_proximity: -0.8983 - mean_squared_error: 0.8531 - mean_absolute_error: 0.6705
2048/2732 [=====================>........] - ETA: 0s - loss: -0.8968 - cosine_proximity: -0.8968 - mean_squared_error: 0.8539 - mean_absolute_error: 0.6708
2732/2732 [==============================] - 0s 70us/step - loss: -0.8961 - cosine_proximity: -0.8961 - mean_squared_error: 0.8570 - mean_absolute_error: 0.6719
Epoch 16/148

1024/2732 [==========>...................] - ETA: 0s - loss: -0.8986 - cosine_proximity: -0.8986 - mean_squared_error: 0.8577 - mean_absolute_error: 0.6728
2048/2732 [=====================>........] - ETA: 0s - loss: -0.9025 - cosine_proximity: -0.9025 - mean_squared_error: 0.8536 - mean_absolute_error: 0.6695
2732/2732 [==============================] - 0s 70us/step - loss: -0.8990 - cosine_proximity: -0.8990 - mean_squared_error: 0.8479 - mean_absolute_error: 0.6667
Epoch 17/148

1024/2732 [==========>...................] - ETA: 0s - loss: -0.8993 - cosine_proximity: -0.8993 - mean_squared_error: 0.8322 - mean_absolute_error: 0.6600
2048/2732 [=====================>........] - ETA: 0s - loss: -0.8988 - cosine_proximity: -0.8988 - mean_squared_error: 0.8415 - mean_absolute_error: 0.6656
2732/2732 [==============================] - 0s 71us/step - loss: -0.9010 - cosine_proximity: -0.9010 - mean_squared_error: 0.8468 - mean_absolute_error: 0.6671
Epoch 18/148

1024/2732 [==========>...................] - ETA: 0s - loss: -0.9097 - cosine_proximity: -0.9097 - mean_squared_error: 0.8894 - mean_absolute_error: 0.6884
2048/2732 [=====================>........] - ETA: 0s - loss: -0.9038 - cosine_proximity: -0.9038 - mean_squared_error: 0.8663 - mean_absolute_error: 0.6755
2732/2732 [==============================] - 0s 70us/step - loss: -0.9034 - cosine_proximity: -0.9034 - mean_squared_error: 0.8571 - mean_absolute_error: 0.6709
Epoch 19/148

1024/2732 [==========>...................] - ETA: 0s - loss: -0.9084 - cosine_proximity: -0.9084 - mean_squared_error: 0.8662 - mean_absolute_error: 0.6739
2048/2732 [=====================>........] - ETA: 0s - loss: -0.9067 - cosine_proximity: -0.9067 - mean_squared_error: 0.8668 - mean_absolute_error: 0.6734
2732/2732 [==============================] - 0s 72us/step - loss: -0.9055 - cosine_proximity: -0.9055 - mean_squared_error: 0.8657 - mean_absolute_error: 0.6731
Epoch 20/148

1024/2732 [==========>...................] - ETA: 0s - loss: -0.9072 - cosine_proximity: -0.9072 - mean_squared_error: 0.8688 - mean_absolute_error: 0.6750
2048/2732 [=====================>........] - ETA: 0s - loss: -0.9065 - cosine_proximity: -0.9065 - mean_squared_error: 0.8627 - mean_absolute_error: 0.6716
2732/2732 [==============================] - 0s 71us/step - loss: -0.9072 - cosine_proximity: -0.9072 - mean_squared_error: 0.8679 - mean_absolute_error: 0.6743
Epoch 21/148

1024/2732 [==========>...................] - ETA: 0s - loss: -0.9076 - cosine_proximity: -0.9076 - mean_squared_error: 0.8771 - mean_absolute_error: 0.6791
2048/2732 [=====================>........] - ETA: 0s - loss: -0.9075 - cosine_proximity: -0.9075 - mean_squared_error: 0.8665 - mean_absolute_error: 0.6739
2732/2732 [==============================] - 0s 71us/step - loss: -0.9085 - cosine_proximity: -0.9085 - mean_squared_error: 0.8619 - mean_absolute_error: 0.6715
Epoch 22/148

1024/2732 [==========>...................] - ETA: 0s - loss: -0.9079 - cosine_proximity: -0.9079 - mean_squared_error: 0.8611 - mean_absolute_error: 0.6692
2048/2732 [=====================>........] - ETA: 0s - loss: -0.9081 - cosine_proximity: -0.9081 - mean_squared_error: 0.8568 - mean_absolute_error: 0.6691
2732/2732 [==============================] - 0s 69us/step - loss: -0.9105 - cosine_proximity: -0.9105 - mean_squared_error: 0.8578 - mean_absolute_error: 0.6699
Epoch 23/148

1024/2732 [==========>...................] - ETA: 0s - loss: -0.9126 - cosine_proximity: -0.9126 - mean_squared_error: 0.8876 - mean_absolute_error: 0.6872
2048/2732 [=====================>........] - ETA: 0s - loss: -0.9090 - cosine_proximity: -0.9090 - mean_squared_error: 0.8485 - mean_absolute_error: 0.6663
2732/2732 [==============================] - 0s 70us/step - loss: -0.9115 - cosine_proximity: -0.9115 - mean_squared_error: 0.8570 - mean_absolute_error: 0.6705
Epoch 24/148

1024/2732 [==========>...................] - ETA: 0s - loss: -0.9150 - cosine_proximity: -0.9150 - mean_squared_error: 0.8739 - mean_absolute_error: 0.6799
2048/2732 [=====================>........] - ETA: 0s - loss: -0.9127 - cosine_proximity: -0.9127 - mean_squared_error: 0.8661 - mean_absolute_error: 0.6750
2732/2732 [==============================] - 0s 70us/step - loss: -0.9126 - cosine_proximity: -0.9126 - mean_squared_error: 0.8590 - mean_absolute_error: 0.6715
Epoch 25/148

1024/2732 [==========>...................] - ETA: 0s - loss: -0.9159 - cosine_proximity: -0.9159 - mean_squared_error: 0.8728 - mean_absolute_error: 0.6803
2048/2732 [=====================>........] - ETA: 0s - loss: -0.9139 - cosine_proximity: -0.9139 - mean_squared_error: 0.8569 - mean_absolute_error: 0.6706
2732/2732 [==============================] - 0s 70us/step - loss: -0.9145 - cosine_proximity: -0.9145 - mean_squared_error: 0.8590 - mean_absolute_error: 0.6721
Epoch 26/148

1024/2732 [==========>...................] - ETA: 0s - loss: -0.9121 - cosine_proximity: -0.9121 - mean_squared_error: 0.8537 - mean_absolute_error: 0.6710
2048/2732 [=====================>........] - ETA: 0s - loss: -0.9113 - cosine_proximity: -0.9113 - mean_squared_error: 0.8595 - mean_absolute_error: 0.6725
2732/2732 [==============================] - 0s 68us/step - loss: -0.9150 - cosine_proximity: -0.9150 - mean_squared_error: 0.8663 - mean_absolute_error: 0.6762
Epoch 27/148

1024/2732 [==========>...................] - ETA: 0s - loss: -0.9213 - cosine_proximity: -0.9213 - mean_squared_error: 0.8891 - mean_absolute_error: 0.6895
2048/2732 [=====================>........] - ETA: 0s - loss: -0.9131 - cosine_proximity: -0.9131 - mean_squared_error: 0.8616 - mean_absolute_error: 0.6734
2732/2732 [==============================] - 0s 69us/step - loss: -0.9159 - cosine_proximity: -0.9159 - mean_squared_error: 0.8713 - mean_absolute_error: 0.6777
Epoch 28/148

1024/2732 [==========>...................] - ETA: 0s - loss: -0.9157 - cosine_proximity: -0.9157 - mean_squared_error: 0.8621 - mean_absolute_error: 0.6722
2048/2732 [=====================>........] - ETA: 0s - loss: -0.9166 - cosine_proximity: -0.9166 - mean_squared_error: 0.8782 - mean_absolute_error: 0.6806
2732/2732 [==============================] - 0s 71us/step - loss: -0.9163 - cosine_proximity: -0.9163 - mean_squared_error: 0.8794 - mean_absolute_error: 0.6817
Epoch 29/148

1024/2732 [==========>...................] - ETA: 0s - loss: -0.9201 - cosine_proximity: -0.9201 - mean_squared_error: 0.8996 - mean_absolute_error: 0.6934
2048/2732 [=====================>........] - ETA: 0s - loss: -0.9149 - cosine_proximity: -0.9149 - mean_squared_error: 0.8748 - mean_absolute_error: 0.6788
2732/2732 [==============================] - 0s 70us/step - loss: -0.9178 - cosine_proximity: -0.9178 - mean_squared_error: 0.8836 - mean_absolute_error: 0.6833
Epoch 30/148

1024/2732 [==========>...................] - ETA: 0s - loss: -0.9171 - cosine_proximity: -0.9171 - mean_squared_error: 0.8857 - mean_absolute_error: 0.6840
2048/2732 [=====================>........] - ETA: 0s - loss: -0.9187 - cosine_proximity: -0.9187 - mean_squared_error: 0.8973 - mean_absolute_error: 0.6897
2732/2732 [==============================] - 0s 70us/step - loss: -0.9180 - cosine_proximity: -0.9180 - mean_squared_error: 0.8921 - mean_absolute_error: 0.6870
Epoch 31/148

1024/2732 [==========>...................] - ETA: 0s - loss: -0.9197 - cosine_proximity: -0.9197 - mean_squared_error: 0.9063 - mean_absolute_error: 0.6927
2048/2732 [=====================>........] - ETA: 0s - loss: -0.9194 - cosine_proximity: -0.9194 - mean_squared_error: 0.8980 - mean_absolute_error: 0.6894
2732/2732 [==============================] - 0s 69us/step - loss: -0.9189 - cosine_proximity: -0.9189 - mean_squared_error: 0.8968 - mean_absolute_error: 0.6893
Epoch 32/148

1024/2732 [==========>...................] - ETA: 0s - loss: -0.9162 - cosine_proximity: -0.9162 - mean_squared_error: 0.8714 - mean_absolute_error: 0.6762
2048/2732 [=====================>........] - ETA: 0s - loss: -0.9185 - cosine_proximity: -0.9185 - mean_squared_error: 0.8903 - mean_absolute_error: 0.6860
2732/2732 [==============================] - 0s 69us/step - loss: -0.9194 - cosine_proximity: -0.9194 - mean_squared_error: 0.9006 - mean_absolute_error: 0.6907
Epoch 33/148

1024/2732 [==========>...................] - ETA: 0s - loss: -0.9197 - cosine_proximity: -0.9197 - mean_squared_error: 0.9028 - mean_absolute_error: 0.6929
2048/2732 [=====================>........] - ETA: 0s - loss: -0.9205 - cosine_proximity: -0.9205 - mean_squared_error: 0.9114 - mean_absolute_error: 0.6971
2732/2732 [==============================] - 0s 73us/step - loss: -0.9200 - cosine_proximity: -0.9200 - mean_squared_error: 0.9091 - mean_absolute_error: 0.6942
Epoch 34/148

1024/2732 [==========>...................] - ETA: 0s - loss: -0.9179 - cosine_proximity: -0.9179 - mean_squared_error: 0.9179 - mean_absolute_error: 0.6996
2048/2732 [=====================>........] - ETA: 0s - loss: -0.9225 - cosine_proximity: -0.9225 - mean_squared_error: 0.9195 - mean_absolute_error: 0.6992
2732/2732 [==============================] - 0s 71us/step - loss: -0.9203 - cosine_proximity: -0.9203 - mean_squared_error: 0.9189 - mean_absolute_error: 0.6983
Epoch 35/148

1024/2732 [==========>...................] - ETA: 0s - loss: -0.9166 - cosine_proximity: -0.9166 - mean_squared_error: 0.9240 - mean_absolute_error: 0.7005
2048/2732 [=====================>........] - ETA: 0s - loss: -0.9221 - cosine_proximity: -0.9221 - mean_squared_error: 0.9380 - mean_absolute_error: 0.7072
2732/2732 [==============================] - 0s 86us/step - loss: -0.9207 - cosine_proximity: -0.9207 - mean_squared_error: 0.9247 - mean_absolute_error: 0.7005
Epoch 36/148

1024/2732 [==========>...................] - ETA: 0s - loss: -0.9213 - cosine_proximity: -0.9213 - mean_squared_error: 0.9345 - mean_absolute_error: 0.7083
2048/2732 [=====================>........] - ETA: 0s - loss: -0.9236 - cosine_proximity: -0.9236 - mean_squared_error: 0.9449 - mean_absolute_error: 0.7112
2732/2732 [==============================] - 0s 70us/step - loss: -0.9215 - cosine_proximity: -0.9215 - mean_squared_error: 0.9319 - mean_absolute_error: 0.7040
Epoch 37/148

1024/2732 [==========>...................] - ETA: 0s - loss: -0.9251 - cosine_proximity: -0.9251 - mean_squared_error: 0.9640 - mean_absolute_error: 0.7202
2048/2732 [=====================>........] - ETA: 0s - loss: -0.9222 - cosine_proximity: -0.9222 - mean_squared_error: 0.9526 - mean_absolute_error: 0.7135
2732/2732 [==============================] - 0s 70us/step - loss: -0.9216 - cosine_proximity: -0.9216 - mean_squared_error: 0.9410 - mean_absolute_error: 0.7077
Epoch 38/148

1024/2732 [==========>...................] - ETA: 0s - loss: -0.9266 - cosine_proximity: -0.9266 - mean_squared_error: 0.9694 - mean_absolute_error: 0.7215
2048/2732 [=====================>........] - ETA: 0s - loss: -0.9235 - cosine_proximity: -0.9235 - mean_squared_error: 0.9493 - mean_absolute_error: 0.7120
2732/2732 [==============================] - 0s 71us/step - loss: -0.9224 - cosine_proximity: -0.9224 - mean_squared_error: 0.9411 - mean_absolute_error: 0.7079
Epoch 39/148

1024/2732 [==========>...................] - ETA: 0s - loss: -0.9194 - cosine_proximity: -0.9194 - mean_squared_error: 0.9381 - mean_absolute_error: 0.7057
2048/2732 [=====================>........] - ETA: 0s - loss: -0.9214 - cosine_proximity: -0.9214 - mean_squared_error: 0.9426 - mean_absolute_error: 0.7088
2732/2732 [==============================] - 0s 69us/step - loss: -0.9221 - cosine_proximity: -0.9221 - mean_squared_error: 0.9436 - mean_absolute_error: 0.7093
Epoch 40/148

1024/2732 [==========>...................] - ETA: 0s - loss: -0.9250 - cosine_proximity: -0.9250 - mean_squared_error: 0.9344 - mean_absolute_error: 0.7030
2048/2732 [=====================>........] - ETA: 0s - loss: -0.9252 - cosine_proximity: -0.9252 - mean_squared_error: 0.9514 - mean_absolute_error: 0.7124
2732/2732 [==============================] - 0s 71us/step - loss: -0.9228 - cosine_proximity: -0.9228 - mean_squared_error: 0.9459 - mean_absolute_error: 0.7099
Epoch 41/148

1024/2732 [==========>...................] - ETA: 0s - loss: -0.9189 - cosine_proximity: -0.9189 - mean_squared_error: 0.9369 - mean_absolute_error: 0.7051
2048/2732 [=====================>........] - ETA: 0s - loss: -0.9251 - cosine_proximity: -0.9251 - mean_squared_error: 0.9499 - mean_absolute_error: 0.7120
2732/2732 [==============================] - 0s 71us/step - loss: -0.9232 - cosine_proximity: -0.9232 - mean_squared_error: 0.9478 - mean_absolute_error: 0.7102
Epoch 42/148

1024/2732 [==========>...................] - ETA: 0s - loss: -0.9195 - cosine_proximity: -0.9195 - mean_squared_error: 0.9351 - mean_absolute_error: 0.7043
2048/2732 [=====================>........] - ETA: 0s - loss: -0.9221 - cosine_proximity: -0.9221 - mean_squared_error: 0.9468 - mean_absolute_error: 0.7100
2732/2732 [==============================] - 0s 72us/step - loss: -0.9232 - cosine_proximity: -0.9232 - mean_squared_error: 0.9538 - mean_absolute_error: 0.7135
Epoch 43/148

1024/2732 [==========>...................] - ETA: 0s - loss: -0.9259 - cosine_proximity: -0.9259 - mean_squared_error: 0.9623 - mean_absolute_error: 0.7182
2048/2732 [=====================>........] - ETA: 0s - loss: -0.9251 - cosine_proximity: -0.9251 - mean_squared_error: 0.9663 - mean_absolute_error: 0.7194
2732/2732 [==============================] - 0s 69us/step - loss: -0.9243 - cosine_proximity: -0.9243 - mean_squared_error: 0.9602 - mean_absolute_error: 0.7158
Epoch 44/148

1024/2732 [==========>...................] - ETA: 0s - loss: -0.9233 - cosine_proximity: -0.9233 - mean_squared_error: 0.9627 - mean_absolute_error: 0.7175
2048/2732 [=====================>........] - ETA: 0s - loss: -0.9251 - cosine_proximity: -0.9251 - mean_squared_error: 0.9660 - mean_absolute_error: 0.7183
2732/2732 [==============================] - 0s 71us/step - loss: -0.9237 - cosine_proximity: -0.9237 - mean_squared_error: 0.9606 - mean_absolute_error: 0.7157
Epoch 45/148

1024/2732 [==========>...................] - ETA: 0s - loss: -0.9271 - cosine_proximity: -0.9271 - mean_squared_error: 0.9770 - mean_absolute_error: 0.7239
2048/2732 [=====================>........] - ETA: 0s - loss: -0.9213 - cosine_proximity: -0.9213 - mean_squared_error: 0.9556 - mean_absolute_error: 0.7133
2732/2732 [==============================] - 0s 69us/step - loss: -0.9243 - cosine_proximity: -0.9243 - mean_squared_error: 0.9621 - mean_absolute_error: 0.7170
Epoch 46/148

1024/2732 [==========>...................] - ETA: 0s - loss: -0.9211 - cosine_proximity: -0.9211 - mean_squared_error: 0.9740 - mean_absolute_error: 0.7201
2048/2732 [=====================>........] - ETA: 0s - loss: -0.9234 - cosine_proximity: -0.9234 - mean_squared_error: 0.9644 - mean_absolute_error: 0.7167
2732/2732 [==============================] - 0s 71us/step - loss: -0.9245 - cosine_proximity: -0.9245 - mean_squared_error: 0.9647 - mean_absolute_error: 0.7171
Epoch 47/148

1024/2732 [==========>...................] - ETA: 0s - loss: -0.9313 - cosine_proximity: -0.9313 - mean_squared_error: 0.9548 - mean_absolute_error: 0.7127
2048/2732 [=====================>........] - ETA: 0s - loss: -0.9297 - cosine_proximity: -0.9297 - mean_squared_error: 0.9770 - mean_absolute_error: 0.7236
2732/2732 [==============================] - 0s 70us/step - loss: -0.9254 - cosine_proximity: -0.9254 - mean_squared_error: 0.9649 - mean_absolute_error: 0.7171
Epoch 48/148

1024/2732 [==========>...................] - ETA: 0s - loss: -0.9213 - cosine_proximity: -0.9213 - mean_squared_error: 0.9680 - mean_absolute_error: 0.7171
2048/2732 [=====================>........] - ETA: 0s - loss: -0.9241 - cosine_proximity: -0.9241 - mean_squared_error: 0.9734 - mean_absolute_error: 0.7211
2732/2732 [==============================] - 0s 68us/step - loss: -0.9249 - cosine_proximity: -0.9249 - mean_squared_error: 0.9716 - mean_absolute_error: 0.7202
Epoch 49/148

1024/2732 [==========>...................] - ETA: 0s - loss: -0.9256 - cosine_proximity: -0.9256 - mean_squared_error: 0.9505 - mean_absolute_error: 0.7080
2048/2732 [=====================>........] - ETA: 0s - loss: -0.9244 - cosine_proximity: -0.9244 - mean_squared_error: 0.9605 - mean_absolute_error: 0.7139
2732/2732 [==============================] - 0s 71us/step - loss: -0.9257 - cosine_proximity: -0.9257 - mean_squared_error: 0.9783 - mean_absolute_error: 0.7231
Epoch 50/148

1024/2732 [==========>...................] - ETA: 0s - loss: -0.9266 - cosine_proximity: -0.9266 - mean_squared_error: 0.9672 - mean_absolute_error: 0.7151
2048/2732 [=====================>........] - ETA: 0s - loss: -0.9261 - cosine_proximity: -0.9261 - mean_squared_error: 0.9736 - mean_absolute_error: 0.7193
2732/2732 [==============================] - 0s 71us/step - loss: -0.9258 - cosine_proximity: -0.9258 - mean_squared_error: 0.9821 - mean_absolute_error: 0.7239
Epoch 51/148

1024/2732 [==========>...................] - ETA: 0s - loss: -0.9207 - cosine_proximity: -0.9207 - mean_squared_error: 0.9511 - mean_absolute_error: 0.7089
2048/2732 [=====================>........] - ETA: 0s - loss: -0.9254 - cosine_proximity: -0.9254 - mean_squared_error: 0.9659 - mean_absolute_error: 0.7155
2732/2732 [==============================] - 0s 69us/step - loss: -0.9260 - cosine_proximity: -0.9260 - mean_squared_error: 0.9837 - mean_absolute_error: 0.7245
Epoch 52/148

1024/2732 [==========>...................] - ETA: 0s - loss: -0.9195 - cosine_proximity: -0.9195 - mean_squared_error: 0.9572 - mean_absolute_error: 0.7102
2048/2732 [=====================>........] - ETA: 0s - loss: -0.9219 - cosine_proximity: -0.9219 - mean_squared_error: 0.9803 - mean_absolute_error: 0.7218
2732/2732 [==============================] - 0s 71us/step - loss: -0.9261 - cosine_proximity: -0.9261 - mean_squared_error: 0.9868 - mean_absolute_error: 0.7253
Epoch 53/148

1024/2732 [==========>...................] - ETA: 0s - loss: -0.9332 - cosine_proximity: -0.9332 - mean_squared_error: 0.9753 - mean_absolute_error: 0.7192
2048/2732 [=====================>........] - ETA: 0s - loss: -0.9284 - cosine_proximity: -0.9284 - mean_squared_error: 0.9780 - mean_absolute_error: 0.7211
2732/2732 [==============================] - 0s 71us/step - loss: -0.9267 - cosine_proximity: -0.9267 - mean_squared_error: 0.9880 - mean_absolute_error: 0.7261
Epoch 54/148

1024/2732 [==========>...................] - ETA: 0s - loss: -0.9267 - cosine_proximity: -0.9267 - mean_squared_error: 0.9925 - mean_absolute_error: 0.7275
2048/2732 [=====================>........] - ETA: 0s - loss: -0.9265 - cosine_proximity: -0.9265 - mean_squared_error: 0.9995 - mean_absolute_error: 0.7309
2732/2732 [==============================] - 0s 71us/step - loss: -0.9264 - cosine_proximity: -0.9264 - mean_squared_error: 0.9918 - mean_absolute_error: 0.7274
Epoch 55/148

1024/2732 [==========>...................] - ETA: 0s - loss: -0.9308 - cosine_proximity: -0.9308 - mean_squared_error: 0.9951 - mean_absolute_error: 0.7302
2048/2732 [=====================>........] - ETA: 0s - loss: -0.9257 - cosine_proximity: -0.9257 - mean_squared_error: 0.9901 - mean_absolute_error: 0.7257
2732/2732 [==============================] - 0s 70us/step - loss: -0.9270 - cosine_proximity: -0.9270 - mean_squared_error: 0.9961 - mean_absolute_error: 0.7289
Epoch 56/148

1024/2732 [==========>...................] - ETA: 0s - loss: -0.9305 - cosine_proximity: -0.9305 - mean_squared_error: 1.0116 - mean_absolute_error: 0.7344
2048/2732 [=====================>........] - ETA: 0s - loss: -0.9255 - cosine_proximity: -0.9255 - mean_squared_error: 0.9961 - mean_absolute_error: 0.7287
2732/2732 [==============================] - 0s 69us/step - loss: -0.9271 - cosine_proximity: -0.9271 - mean_squared_error: 0.9975 - mean_absolute_error: 0.7300
Epoch 57/148

1024/2732 [==========>...................] - ETA: 0s - loss: -0.9260 - cosine_proximity: -0.9260 - mean_squared_error: 1.0058 - mean_absolute_error: 0.7307
2048/2732 [=====================>........] - ETA: 0s - loss: -0.9289 - cosine_proximity: -0.9289 - mean_squared_error: 1.0011 - mean_absolute_error: 0.7307
2732/2732 [==============================] - 0s 71us/step - loss: -0.9273 - cosine_proximity: -0.9273 - mean_squared_error: 0.9962 - mean_absolute_error: 0.7284
Epoch 58/148

1024/2732 [==========>...................] - ETA: 0s - loss: -0.9274 - cosine_proximity: -0.9274 - mean_squared_error: 1.0025 - mean_absolute_error: 0.7317
2048/2732 [=====================>........] - ETA: 0s - loss: -0.9285 - cosine_proximity: -0.9285 - mean_squared_error: 1.0016 - mean_absolute_error: 0.7310
2732/2732 [==============================] - 0s 70us/step - loss: -0.9272 - cosine_proximity: -0.9272 - mean_squared_error: 0.9993 - mean_absolute_error: 0.7307
Epoch 59/148

1024/2732 [==========>...................] - ETA: 0s - loss: -0.9211 - cosine_proximity: -0.9211 - mean_squared_error: 0.9815 - mean_absolute_error: 0.7223
2048/2732 [=====================>........] - ETA: 0s - loss: -0.9270 - cosine_proximity: -0.9270 - mean_squared_error: 0.9987 - mean_absolute_error: 0.7298
2732/2732 [==============================] - 0s 69us/step - loss: -0.9279 - cosine_proximity: -0.9279 - mean_squared_error: 1.0073 - mean_absolute_error: 0.7336
Epoch 60/148

1024/2732 [==========>...................] - ETA: 0s - loss: -0.9253 - cosine_proximity: -0.9253 - mean_squared_error: 0.9803 - mean_absolute_error: 0.7210
2048/2732 [=====================>........] - ETA: 0s - loss: -0.9273 - cosine_proximity: -0.9273 - mean_squared_error: 1.0136 - mean_absolute_error: 0.7367
2732/2732 [==============================] - 0s 73us/step - loss: -0.9287 - cosine_proximity: -0.9287 - mean_squared_error: 1.0105 - mean_absolute_error: 0.7349
Epoch 61/148

1024/2732 [==========>...................] - ETA: 0s - loss: -0.9278 - cosine_proximity: -0.9278 - mean_squared_error: 1.0331 - mean_absolute_error: 0.7488
2048/2732 [=====================>........] - ETA: 0s - loss: -0.9297 - cosine_proximity: -0.9297 - mean_squared_error: 1.0257 - mean_absolute_error: 0.7414
2732/2732 [==============================] - 0s 71us/step - loss: -0.9283 - cosine_proximity: -0.9283 - mean_squared_error: 1.0147 - mean_absolute_error: 0.7361
Epoch 62/148

1024/2732 [==========>...................] - ETA: 0s - loss: -0.9241 - cosine_proximity: -0.9241 - mean_squared_error: 1.0371 - mean_absolute_error: 0.7443
2048/2732 [=====================>........] - ETA: 0s - loss: -0.9273 - cosine_proximity: -0.9273 - mean_squared_error: 1.0246 - mean_absolute_error: 0.7400
2732/2732 [==============================] - 0s 71us/step - loss: -0.9285 - cosine_proximity: -0.9285 - mean_squared_error: 1.0179 - mean_absolute_error: 0.7375
Epoch 63/148

1024/2732 [==========>...................] - ETA: 0s - loss: -0.9300 - cosine_proximity: -0.9300 - mean_squared_error: 1.0383 - mean_absolute_error: 0.7480
2048/2732 [=====================>........] - ETA: 0s - loss: -0.9320 - cosine_proximity: -0.9320 - mean_squared_error: 1.0306 - mean_absolute_error: 0.7424
2732/2732 [==============================] - 0s 70us/step - loss: -0.9289 - cosine_proximity: -0.9289 - mean_squared_error: 1.0145 - mean_absolute_error: 0.7351
Epoch 64/148

1024/2732 [==========>...................] - ETA: 0s - loss: -0.9281 - cosine_proximity: -0.9281 - mean_squared_error: 1.0483 - mean_absolute_error: 0.7519
2048/2732 [=====================>........] - ETA: 0s - loss: -0.9284 - cosine_proximity: -0.9284 - mean_squared_error: 1.0150 - mean_absolute_error: 0.7348
2732/2732 [==============================] - 0s 72us/step - loss: -0.9289 - cosine_proximity: -0.9289 - mean_squared_error: 1.0217 - mean_absolute_error: 0.7384
Epoch 65/148

1024/2732 [==========>...................] - ETA: 0s - loss: -0.9213 - cosine_proximity: -0.9213 - mean_squared_error: 1.0059 - mean_absolute_error: 0.7310
2048/2732 [=====================>........] - ETA: 0s - loss: -0.9256 - cosine_proximity: -0.9256 - mean_squared_error: 1.0125 - mean_absolute_error: 0.7342
2732/2732 [==============================] - 0s 72us/step - loss: -0.9288 - cosine_proximity: -0.9288 - mean_squared_error: 1.0241 - mean_absolute_error: 0.7400
Epoch 66/148

1024/2732 [==========>...................] - ETA: 0s - loss: -0.9343 - cosine_proximity: -0.9343 - mean_squared_error: 1.0354 - mean_absolute_error: 0.7455
2048/2732 [=====================>........] - ETA: 0s - loss: -0.9298 - cosine_proximity: -0.9298 - mean_squared_error: 1.0310 - mean_absolute_error: 0.7443
2732/2732 [==============================] - 0s 71us/step - loss: -0.9295 - cosine_proximity: -0.9295 - mean_squared_error: 1.0242 - mean_absolute_error: 0.7398
Epoch 67/148

1024/2732 [==========>...................] - ETA: 0s - loss: -0.9262 - cosine_proximity: -0.9262 - mean_squared_error: 1.0379 - mean_absolute_error: 0.7470
2048/2732 [=====================>........] - ETA: 0s - loss: -0.9293 - cosine_proximity: -0.9293 - mean_squared_error: 1.0282 - mean_absolute_error: 0.7425
2732/2732 [==============================] - 0s 70us/step - loss: -0.9293 - cosine_proximity: -0.9293 - mean_squared_error: 1.0209 - mean_absolute_error: 0.7379
Epoch 68/148

1024/2732 [==========>...................] - ETA: 0s - loss: -0.9310 - cosine_proximity: -0.9310 - mean_squared_error: 1.0345 - mean_absolute_error: 0.7424
2048/2732 [=====================>........] - ETA: 0s - loss: -0.9306 - cosine_proximity: -0.9306 - mean_squared_error: 1.0291 - mean_absolute_error: 0.7408
2732/2732 [==============================] - 0s 69us/step - loss: -0.9295 - cosine_proximity: -0.9295 - mean_squared_error: 1.0256 - mean_absolute_error: 0.7393
Epoch 69/148

1024/2732 [==========>...................] - ETA: 0s - loss: -0.9300 - cosine_proximity: -0.9300 - mean_squared_error: 1.0199 - mean_absolute_error: 0.7360
2048/2732 [=====================>........] - ETA: 0s - loss: -0.9301 - cosine_proximity: -0.9301 - mean_squared_error: 1.0259 - mean_absolute_error: 0.7397
2732/2732 [==============================] - 0s 73us/step - loss: -0.9294 - cosine_proximity: -0.9294 - mean_squared_error: 1.0312 - mean_absolute_error: 0.7416
Epoch 70/148

1024/2732 [==========>...................] - ETA: 0s - loss: -0.9296 - cosine_proximity: -0.9296 - mean_squared_error: 1.0320 - mean_absolute_error: 0.7419
2048/2732 [=====================>........] - ETA: 0s - loss: -0.9310 - cosine_proximity: -0.9310 - mean_squared_error: 1.0332 - mean_absolute_error: 0.7424
2732/2732 [==============================] - 0s 72us/step - loss: -0.9302 - cosine_proximity: -0.9302 - mean_squared_error: 1.0306 - mean_absolute_error: 0.7415
Epoch 71/148

1024/2732 [==========>...................] - ETA: 0s - loss: -0.9250 - cosine_proximity: -0.9250 - mean_squared_error: 1.0222 - mean_absolute_error: 0.7383
2048/2732 [=====================>........] - ETA: 0s - loss: -0.9272 - cosine_proximity: -0.9272 - mean_squared_error: 1.0279 - mean_absolute_error: 0.7400
2732/2732 [==============================] - 0s 70us/step - loss: -0.9305 - cosine_proximity: -0.9305 - mean_squared_error: 1.0386 - mean_absolute_error: 0.7445
Epoch 72/148

1024/2732 [==========>...................] - ETA: 0s - loss: -0.9294 - cosine_proximity: -0.9294 - mean_squared_error: 1.0276 - mean_absolute_error: 0.7400
2048/2732 [=====================>........] - ETA: 0s - loss: -0.9325 - cosine_proximity: -0.9325 - mean_squared_error: 1.0414 - mean_absolute_error: 0.7466
2732/2732 [==============================] - 0s 69us/step - loss: -0.9301 - cosine_proximity: -0.9301 - mean_squared_error: 1.0395 - mean_absolute_error: 0.7446
Epoch 73/148

1024/2732 [==========>...................] - ETA: 0s - loss: -0.9313 - cosine_proximity: -0.9313 - mean_squared_error: 1.0497 - mean_absolute_error: 0.7478
2048/2732 [=====================>........] - ETA: 0s - loss: -0.9292 - cosine_proximity: -0.9292 - mean_squared_error: 1.0393 - mean_absolute_error: 0.7444
2732/2732 [==============================] - 0s 70us/step - loss: -0.9308 - cosine_proximity: -0.9308 - mean_squared_error: 1.0400 - mean_absolute_error: 0.7443
Epoch 74/148

1024/2732 [==========>...................] - ETA: 0s - loss: -0.9348 - cosine_proximity: -0.9348 - mean_squared_error: 1.0578 - mean_absolute_error: 0.7530
2048/2732 [=====================>........] - ETA: 0s - loss: -0.9327 - cosine_proximity: -0.9327 - mean_squared_error: 1.0541 - mean_absolute_error: 0.7500
2732/2732 [==============================] - 0s 69us/step - loss: -0.9311 - cosine_proximity: -0.9311 - mean_squared_error: 1.0447 - mean_absolute_error: 0.7454
Epoch 75/148

1024/2732 [==========>...................] - ETA: 0s - loss: -0.9310 - cosine_proximity: -0.9310 - mean_squared_error: 1.0406 - mean_absolute_error: 0.7423
2048/2732 [=====================>........] - ETA: 0s - loss: -0.9304 - cosine_proximity: -0.9304 - mean_squared_error: 1.0525 - mean_absolute_error: 0.7482
2732/2732 [==============================] - 0s 70us/step - loss: -0.9308 - cosine_proximity: -0.9308 - mean_squared_error: 1.0498 - mean_absolute_error: 0.7477
Epoch 76/148

1024/2732 [==========>...................] - ETA: 0s - loss: -0.9308 - cosine_proximity: -0.9308 - mean_squared_error: 1.0403 - mean_absolute_error: 0.7415
2048/2732 [=====================>........] - ETA: 0s - loss: -0.9322 - cosine_proximity: -0.9322 - mean_squared_error: 1.0496 - mean_absolute_error: 0.7466
2732/2732 [==============================] - 0s 73us/step - loss: -0.9310 - cosine_proximity: -0.9310 - mean_squared_error: 1.0563 - mean_absolute_error: 0.7501
Epoch 77/148

1024/2732 [==========>...................] - ETA: 0s - loss: -0.9375 - cosine_proximity: -0.9375 - mean_squared_error: 1.0588 - mean_absolute_error: 0.7504
2048/2732 [=====================>........] - ETA: 0s - loss: -0.9348 - cosine_proximity: -0.9348 - mean_squared_error: 1.0750 - mean_absolute_error: 0.7581
2732/2732 [==============================] - 0s 70us/step - loss: -0.9315 - cosine_proximity: -0.9315 - mean_squared_error: 1.0595 - mean_absolute_error: 0.7513
Epoch 78/148

1024/2732 [==========>...................] - ETA: 0s - loss: -0.9262 - cosine_proximity: -0.9262 - mean_squared_error: 1.0517 - mean_absolute_error: 0.7483
2048/2732 [=====================>........] - ETA: 0s - loss: -0.9311 - cosine_proximity: -0.9311 - mean_squared_error: 1.0629 - mean_absolute_error: 0.7540
2732/2732 [==============================] - 0s 69us/step - loss: -0.9303 - cosine_proximity: -0.9303 - mean_squared_error: 1.0597 - mean_absolute_error: 0.7514
Epoch 79/148

1024/2732 [==========>...................] - ETA: 0s - loss: -0.9307 - cosine_proximity: -0.9307 - mean_squared_error: 1.0574 - mean_absolute_error: 0.7471
2048/2732 [=====================>........] - ETA: 0s - loss: -0.9293 - cosine_proximity: -0.9293 - mean_squared_error: 1.0629 - mean_absolute_error: 0.7515
2732/2732 [==============================] - 0s 71us/step - loss: -0.9318 - cosine_proximity: -0.9318 - mean_squared_error: 1.0588 - mean_absolute_error: 0.7503
Epoch 80/148

1024/2732 [==========>...................] - ETA: 0s - loss: -0.9314 - cosine_proximity: -0.9314 - mean_squared_error: 1.0618 - mean_absolute_error: 0.7513
2048/2732 [=====================>........] - ETA: 0s - loss: -0.9296 - cosine_proximity: -0.9296 - mean_squared_error: 1.0581 - mean_absolute_error: 0.7497
2732/2732 [==============================] - 0s 69us/step - loss: -0.9318 - cosine_proximity: -0.9318 - mean_squared_error: 1.0598 - mean_absolute_error: 0.7510
Epoch 81/148

1024/2732 [==========>...................] - ETA: 0s - loss: -0.9321 - cosine_proximity: -0.9321 - mean_squared_error: 1.0428 - mean_absolute_error: 0.7422
2048/2732 [=====================>........] - ETA: 0s - loss: -0.9342 - cosine_proximity: -0.9342 - mean_squared_error: 1.0760 - mean_absolute_error: 0.7579
2732/2732 [==============================] - 0s 75us/step - loss: -0.9320 - cosine_proximity: -0.9320 - mean_squared_error: 1.0673 - mean_absolute_error: 0.7533
Epoch 82/148

1024/2732 [==========>...................] - ETA: 0s - loss: -0.9279 - cosine_proximity: -0.9279 - mean_squared_error: 1.0428 - mean_absolute_error: 0.7414
2048/2732 [=====================>........] - ETA: 0s - loss: -0.9317 - cosine_proximity: -0.9317 - mean_squared_error: 1.0618 - mean_absolute_error: 0.7516
2732/2732 [==============================] - 0s 70us/step - loss: -0.9319 - cosine_proximity: -0.9319 - mean_squared_error: 1.0676 - mean_absolute_error: 0.7541
Epoch 83/148

1024/2732 [==========>...................] - ETA: 0s - loss: -0.9346 - cosine_proximity: -0.9346 - mean_squared_error: 1.0552 - mean_absolute_error: 0.7481
2048/2732 [=====================>........] - ETA: 0s - loss: -0.9346 - cosine_proximity: -0.9346 - mean_squared_error: 1.0747 - mean_absolute_error: 0.7576
2732/2732 [==============================] - 0s 70us/step - loss: -0.9327 - cosine_proximity: -0.9327 - mean_squared_error: 1.0704 - mean_absolute_error: 0.7546
Epoch 84/148

1024/2732 [==========>...................] - ETA: 0s - loss: -0.9339 - cosine_proximity: -0.9339 - mean_squared_error: 1.0971 - mean_absolute_error: 0.7684
2048/2732 [=====================>........] - ETA: 0s - loss: -0.9318 - cosine_proximity: -0.9318 - mean_squared_error: 1.0787 - mean_absolute_error: 0.7590
2732/2732 [==============================] - 0s 70us/step - loss: -0.9317 - cosine_proximity: -0.9317 - mean_squared_error: 1.0667 - mean_absolute_error: 0.7527
Epoch 85/148

1024/2732 [==========>...................] - ETA: 0s - loss: -0.9285 - cosine_proximity: -0.9285 - mean_squared_error: 1.0782 - mean_absolute_error: 0.7566
2048/2732 [=====================>........] - ETA: 0s - loss: -0.9311 - cosine_proximity: -0.9311 - mean_squared_error: 1.0752 - mean_absolute_error: 0.7561
2732/2732 [==============================] - 0s 69us/step - loss: -0.9325 - cosine_proximity: -0.9325 - mean_squared_error: 1.0678 - mean_absolute_error: 0.7524
Epoch 86/148

1024/2732 [==========>...................] - ETA: 0s - loss: -0.9252 - cosine_proximity: -0.9252 - mean_squared_error: 1.0532 - mean_absolute_error: 0.7447
2048/2732 [=====================>........] - ETA: 0s - loss: -0.9321 - cosine_proximity: -0.9321 - mean_squared_error: 1.0713 - mean_absolute_error: 0.7543
2732/2732 [==============================] - 0s 72us/step - loss: -0.9323 - cosine_proximity: -0.9323 - mean_squared_error: 1.0711 - mean_absolute_error: 0.7532
Epoch 87/148

1024/2732 [==========>...................] - ETA: 0s - loss: -0.9324 - cosine_proximity: -0.9324 - mean_squared_error: 1.0649 - mean_absolute_error: 0.7508
2048/2732 [=====================>........] - ETA: 0s - loss: -0.9321 - cosine_proximity: -0.9321 - mean_squared_error: 1.0714 - mean_absolute_error: 0.7544
2732/2732 [==============================] - 0s 72us/step - loss: -0.9328 - cosine_proximity: -0.9328 - mean_squared_error: 1.0709 - mean_absolute_error: 0.7539
Epoch 88/148

1024/2732 [==========>...................] - ETA: 0s - loss: -0.9333 - cosine_proximity: -0.9333 - mean_squared_error: 1.0713 - mean_absolute_error: 0.7530
2048/2732 [=====================>........] - ETA: 0s - loss: -0.9319 - cosine_proximity: -0.9319 - mean_squared_error: 1.0738 - mean_absolute_error: 0.7540
2732/2732 [==============================] - 0s 71us/step - loss: -0.9331 - cosine_proximity: -0.9331 - mean_squared_error: 1.0741 - mean_absolute_error: 0.7540
Epoch 89/148

1024/2732 [==========>...................] - ETA: 0s - loss: -0.9351 - cosine_proximity: -0.9351 - mean_squared_error: 1.0773 - mean_absolute_error: 0.7559
2048/2732 [=====================>........] - ETA: 0s - loss: -0.9326 - cosine_proximity: -0.9326 - mean_squared_error: 1.0801 - mean_absolute_error: 0.7562
2732/2732 [==============================] - 0s 70us/step - loss: -0.9334 - cosine_proximity: -0.9334 - mean_squared_error: 1.0759 - mean_absolute_error: 0.7540
Epoch 90/148

1024/2732 [==========>...................] - ETA: 0s - loss: -0.9367 - cosine_proximity: -0.9367 - mean_squared_error: 1.0865 - mean_absolute_error: 0.7601
2048/2732 [=====================>........] - ETA: 0s - loss: -0.9343 - cosine_proximity: -0.9343 - mean_squared_error: 1.0840 - mean_absolute_error: 0.7577
2732/2732 [==============================] - 0s 69us/step - loss: -0.9331 - cosine_proximity: -0.9331 - mean_squared_error: 1.0780 - mean_absolute_error: 0.7550
Epoch 91/148

1024/2732 [==========>...................] - ETA: 0s - loss: -0.9352 - cosine_proximity: -0.9352 - mean_squared_error: 1.0969 - mean_absolute_error: 0.7627
2048/2732 [=====================>........] - ETA: 0s - loss: -0.9336 - cosine_proximity: -0.9336 - mean_squared_error: 1.0872 - mean_absolute_error: 0.7593
2732/2732 [==============================] - 0s 70us/step - loss: -0.9335 - cosine_proximity: -0.9335 - mean_squared_error: 1.0860 - mean_absolute_error: 0.7580
Epoch 92/148

1024/2732 [==========>...................] - ETA: 0s - loss: -0.9359 - cosine_proximity: -0.9359 - mean_squared_error: 1.0970 - mean_absolute_error: 0.7622
2048/2732 [=====================>........] - ETA: 0s - loss: -0.9344 - cosine_proximity: -0.9344 - mean_squared_error: 1.0863 - mean_absolute_error: 0.7571
2732/2732 [==============================] - 0s 70us/step - loss: -0.9340 - cosine_proximity: -0.9340 - mean_squared_error: 1.0906 - mean_absolute_error: 0.7597
Epoch 93/148

1024/2732 [==========>...................] - ETA: 0s - loss: -0.9369 - cosine_proximity: -0.9369 - mean_squared_error: 1.1163 - mean_absolute_error: 0.7725
2048/2732 [=====================>........] - ETA: 0s - loss: -0.9339 - cosine_proximity: -0.9339 - mean_squared_error: 1.0884 - mean_absolute_error: 0.7582
2732/2732 [==============================] - 0s 71us/step - loss: -0.9342 - cosine_proximity: -0.9342 - mean_squared_error: 1.0952 - mean_absolute_error: 0.7614
Epoch 94/148

1024/2732 [==========>...................] - ETA: 0s - loss: -0.9311 - cosine_proximity: -0.9311 - mean_squared_error: 1.0950 - mean_absolute_error: 0.7623
2048/2732 [=====================>........] - ETA: 0s - loss: -0.9345 - cosine_proximity: -0.9345 - mean_squared_error: 1.1060 - mean_absolute_error: 0.7676
2732/2732 [==============================] - 0s 69us/step - loss: -0.9334 - cosine_proximity: -0.9334 - mean_squared_error: 1.0943 - mean_absolute_error: 0.7614
Epoch 95/148

1024/2732 [==========>...................] - ETA: 0s - loss: -0.9325 - cosine_proximity: -0.9325 - mean_squared_error: 1.0711 - mean_absolute_error: 0.7520
2048/2732 [=====================>........] - ETA: 0s - loss: -0.9322 - cosine_proximity: -0.9322 - mean_squared_error: 1.0928 - mean_absolute_error: 0.7608
2732/2732 [==============================] - 0s 71us/step - loss: -0.9339 - cosine_proximity: -0.9339 - mean_squared_error: 1.0963 - mean_absolute_error: 0.7620
Epoch 96/148

1024/2732 [==========>...................] - ETA: 0s - loss: -0.9311 - cosine_proximity: -0.9311 - mean_squared_error: 1.0985 - mean_absolute_error: 0.7617
2048/2732 [=====================>........] - ETA: 0s - loss: -0.9352 - cosine_proximity: -0.9352 - mean_squared_error: 1.0966 - mean_absolute_error: 0.7619
2732/2732 [==============================] - 0s 71us/step - loss: -0.9341 - cosine_proximity: -0.9341 - mean_squared_error: 1.0955 - mean_absolute_error: 0.7616
Epoch 97/148

1024/2732 [==========>...................] - ETA: 0s - loss: -0.9316 - cosine_proximity: -0.9316 - mean_squared_error: 1.1066 - mean_absolute_error: 0.7676
2048/2732 [=====================>........] - ETA: 0s - loss: -0.9343 - cosine_proximity: -0.9343 - mean_squared_error: 1.1115 - mean_absolute_error: 0.7690
2732/2732 [==============================] - 0s 70us/step - loss: -0.9345 - cosine_proximity: -0.9345 - mean_squared_error: 1.0948 - mean_absolute_error: 0.7612
Epoch 98/148

1024/2732 [==========>...................] - ETA: 0s - loss: -0.9364 - cosine_proximity: -0.9364 - mean_squared_error: 1.0710 - mean_absolute_error: 0.7504
2048/2732 [=====================>........] - ETA: 0s - loss: -0.9371 - cosine_proximity: -0.9371 - mean_squared_error: 1.0920 - mean_absolute_error: 0.7602
2732/2732 [==============================] - 0s 69us/step - loss: -0.9346 - cosine_proximity: -0.9346 - mean_squared_error: 1.0978 - mean_absolute_error: 0.7627
Epoch 99/148

1024/2732 [==========>...................] - ETA: 0s - loss: -0.9422 - cosine_proximity: -0.9422 - mean_squared_error: 1.1710 - mean_absolute_error: 0.7977
2048/2732 [=====================>........] - ETA: 0s - loss: -0.9351 - cosine_proximity: -0.9351 - mean_squared_error: 1.1286 - mean_absolute_error: 0.7761
2732/2732 [==============================] - 0s 70us/step - loss: -0.9339 - cosine_proximity: -0.9339 - mean_squared_error: 1.1046 - mean_absolute_error: 0.7648
Epoch 100/148

1024/2732 [==========>...................] - ETA: 0s - loss: -0.9358 - cosine_proximity: -0.9358 - mean_squared_error: 1.1021 - mean_absolute_error: 0.7634
2048/2732 [=====================>........] - ETA: 0s - loss: -0.9339 - cosine_proximity: -0.9339 - mean_squared_error: 1.1075 - mean_absolute_error: 0.7655
2732/2732 [==============================] - 0s 70us/step - loss: -0.9346 - cosine_proximity: -0.9346 - mean_squared_error: 1.1073 - mean_absolute_error: 0.7655
Epoch 101/148

1024/2732 [==========>...................] - ETA: 0s - loss: -0.9386 - cosine_proximity: -0.9386 - mean_squared_error: 1.1059 - mean_absolute_error: 0.7668
2048/2732 [=====================>........] - ETA: 0s - loss: -0.9354 - cosine_proximity: -0.9354 - mean_squared_error: 1.1011 - mean_absolute_error: 0.7638
2732/2732 [==============================] - 0s 72us/step - loss: -0.9353 - cosine_proximity: -0.9353 - mean_squared_error: 1.0991 - mean_absolute_error: 0.7628
Epoch 102/148

1024/2732 [==========>...................] - ETA: 0s - loss: -0.9329 - cosine_proximity: -0.9329 - mean_squared_error: 1.0932 - mean_absolute_error: 0.7593
2048/2732 [=====================>........] - ETA: 0s - loss: -0.9377 - cosine_proximity: -0.9377 - mean_squared_error: 1.1113 - mean_absolute_error: 0.7685
2732/2732 [==============================] - 0s 69us/step - loss: -0.9356 - cosine_proximity: -0.9356 - mean_squared_error: 1.1041 - mean_absolute_error: 0.7640
Epoch 103/148

1024/2732 [==========>...................] - ETA: 0s - loss: -0.9383 - cosine_proximity: -0.9383 - mean_squared_error: 1.1088 - mean_absolute_error: 0.7676
2048/2732 [=====================>........] - ETA: 0s - loss: -0.9337 - cosine_proximity: -0.9337 - mean_squared_error: 1.1031 - mean_absolute_error: 0.7634
2732/2732 [==============================] - 0s 68us/step - loss: -0.9349 - cosine_proximity: -0.9349 - mean_squared_error: 1.1030 - mean_absolute_error: 0.7629
Epoch 104/148

1024/2732 [==========>...................] - ETA: 0s - loss: -0.9387 - cosine_proximity: -0.9387 - mean_squared_error: 1.1087 - mean_absolute_error: 0.7654
2048/2732 [=====================>........] - ETA: 0s - loss: -0.9363 - cosine_proximity: -0.9363 - mean_squared_error: 1.1003 - mean_absolute_error: 0.7616
2732/2732 [==============================] - 0s 71us/step - loss: -0.9352 - cosine_proximity: -0.9352 - mean_squared_error: 1.1092 - mean_absolute_error: 0.7655
Epoch 105/148

1024/2732 [==========>...................] - ETA: 0s - loss: -0.9387 - cosine_proximity: -0.9387 - mean_squared_error: 1.1602 - mean_absolute_error: 0.7930
2048/2732 [=====================>........] - ETA: 0s - loss: -0.9381 - cosine_proximity: -0.9381 - mean_squared_error: 1.1176 - mean_absolute_error: 0.7710
2732/2732 [==============================] - 0s 68us/step - loss: -0.9362 - cosine_proximity: -0.9362 - mean_squared_error: 1.1046 - mean_absolute_error: 0.7642
Epoch 106/148

1024/2732 [==========>...................] - ETA: 0s - loss: -0.9369 - cosine_proximity: -0.9369 - mean_squared_error: 1.1136 - mean_absolute_error: 0.7671
2048/2732 [=====================>........] - ETA: 0s - loss: -0.9359 - cosine_proximity: -0.9359 - mean_squared_error: 1.1094 - mean_absolute_error: 0.7658
2732/2732 [==============================] - 0s 72us/step - loss: -0.9362 - cosine_proximity: -0.9362 - mean_squared_error: 1.1041 - mean_absolute_error: 0.7635
Epoch 107/148

1024/2732 [==========>...................] - ETA: 0s - loss: -0.9373 - cosine_proximity: -0.9373 - mean_squared_error: 1.1156 - mean_absolute_error: 0.7708
2048/2732 [=====================>........] - ETA: 0s - loss: -0.9362 - cosine_proximity: -0.9362 - mean_squared_error: 1.1140 - mean_absolute_error: 0.7680
2732/2732 [==============================] - 0s 74us/step - loss: -0.9359 - cosine_proximity: -0.9359 - mean_squared_error: 1.1170 - mean_absolute_error: 0.7688
Epoch 108/148

1024/2732 [==========>...................] - ETA: 0s - loss: -0.9295 - cosine_proximity: -0.9295 - mean_squared_error: 1.0902 - mean_absolute_error: 0.7550
2048/2732 [=====================>........] - ETA: 0s - loss: -0.9368 - cosine_proximity: -0.9368 - mean_squared_error: 1.1071 - mean_absolute_error: 0.7636
2732/2732 [==============================] - 0s 71us/step - loss: -0.9360 - cosine_proximity: -0.9360 - mean_squared_error: 1.1157 - mean_absolute_error: 0.7674
Epoch 109/148

1024/2732 [==========>...................] - ETA: 0s - loss: -0.9381 - cosine_proximity: -0.9381 - mean_squared_error: 1.0893 - mean_absolute_error: 0.7545
2048/2732 [=====================>........] - ETA: 0s - loss: -0.9359 - cosine_proximity: -0.9359 - mean_squared_error: 1.1048 - mean_absolute_error: 0.7623
2732/2732 [==============================] - 0s 70us/step - loss: -0.9358 - cosine_proximity: -0.9358 - mean_squared_error: 1.1133 - mean_absolute_error: 0.7662
Epoch 110/148

1024/2732 [==========>...................] - ETA: 0s - loss: -0.9363 - cosine_proximity: -0.9363 - mean_squared_error: 1.1148 - mean_absolute_error: 0.7653
2048/2732 [=====================>........] - ETA: 0s - loss: -0.9343 - cosine_proximity: -0.9343 - mean_squared_error: 1.1134 - mean_absolute_error: 0.7665
2732/2732 [==============================] - 0s 71us/step - loss: -0.9350 - cosine_proximity: -0.9350 - mean_squared_error: 1.1137 - mean_absolute_error: 0.7671
Epoch 111/148

1024/2732 [==========>...................] - ETA: 0s - loss: -0.9301 - cosine_proximity: -0.9301 - mean_squared_error: 1.1238 - mean_absolute_error: 0.7712
2048/2732 [=====================>........] - ETA: 0s - loss: -0.9356 - cosine_proximity: -0.9356 - mean_squared_error: 1.1257 - mean_absolute_error: 0.7711
2732/2732 [==============================] - 0s 69us/step - loss: -0.9355 - cosine_proximity: -0.9355 - mean_squared_error: 1.1204 - mean_absolute_error: 0.7689
Epoch 112/148

1024/2732 [==========>...................] - ETA: 0s - loss: -0.9326 - cosine_proximity: -0.9326 - mean_squared_error: 1.1029 - mean_absolute_error: 0.7618
2048/2732 [=====================>........] - ETA: 0s - loss: -0.9343 - cosine_proximity: -0.9343 - mean_squared_error: 1.1222 - mean_absolute_error: 0.7700
2732/2732 [==============================] - 0s 71us/step - loss: -0.9363 - cosine_proximity: -0.9363 - mean_squared_error: 1.1219 - mean_absolute_error: 0.7695
Epoch 113/148

1024/2732 [==========>...................] - ETA: 0s - loss: -0.9390 - cosine_proximity: -0.9390 - mean_squared_error: 1.1268 - mean_absolute_error: 0.7722
2048/2732 [=====================>........] - ETA: 0s - loss: -0.9351 - cosine_proximity: -0.9351 - mean_squared_error: 1.1155 - mean_absolute_error: 0.7652
2732/2732 [==============================] - 0s 71us/step - loss: -0.9357 - cosine_proximity: -0.9357 - mean_squared_error: 1.1253 - mean_absolute_error: 0.7704
Epoch 114/148

1024/2732 [==========>...................] - ETA: 0s - loss: -0.9413 - cosine_proximity: -0.9413 - mean_squared_error: 1.1310 - mean_absolute_error: 0.7733
2048/2732 [=====================>........] - ETA: 0s - loss: -0.9391 - cosine_proximity: -0.9391 - mean_squared_error: 1.1265 - mean_absolute_error: 0.7722
2732/2732 [==============================] - 0s 71us/step - loss: -0.9366 - cosine_proximity: -0.9366 - mean_squared_error: 1.1214 - mean_absolute_error: 0.7690
Epoch 115/148

1024/2732 [==========>...................] - ETA: 0s - loss: -0.9410 - cosine_proximity: -0.9410 - mean_squared_error: 1.1679 - mean_absolute_error: 0.7909
2048/2732 [=====================>........] - ETA: 0s - loss: -0.9368 - cosine_proximity: -0.9368 - mean_squared_error: 1.1347 - mean_absolute_error: 0.7746
2732/2732 [==============================] - 0s 70us/step - loss: -0.9362 - cosine_proximity: -0.9362 - mean_squared_error: 1.1291 - mean_absolute_error: 0.7722
Epoch 116/148

1024/2732 [==========>...................] - ETA: 0s - loss: -0.9374 - cosine_proximity: -0.9374 - mean_squared_error: 1.1321 - mean_absolute_error: 0.7739
2048/2732 [=====================>........] - ETA: 0s - loss: -0.9374 - cosine_proximity: -0.9374 - mean_squared_error: 1.1345 - mean_absolute_error: 0.7739
2732/2732 [==============================] - 0s 68us/step - loss: -0.9372 - cosine_proximity: -0.9372 - mean_squared_error: 1.1309 - mean_absolute_error: 0.7719
Epoch 117/148

1024/2732 [==========>...................] - ETA: 0s - loss: -0.9360 - cosine_proximity: -0.9360 - mean_squared_error: 1.1554 - mean_absolute_error: 0.7826
2048/2732 [=====================>........] - ETA: 0s - loss: -0.9363 - cosine_proximity: -0.9363 - mean_squared_error: 1.1453 - mean_absolute_error: 0.7779
2732/2732 [==============================] - 0s 69us/step - loss: -0.9370 - cosine_proximity: -0.9370 - mean_squared_error: 1.1337 - mean_absolute_error: 0.7715
Epoch 118/148

1024/2732 [==========>...................] - ETA: 0s - loss: -0.9361 - cosine_proximity: -0.9361 - mean_squared_error: 1.1489 - mean_absolute_error: 0.7807
2048/2732 [=====================>........] - ETA: 0s - loss: -0.9363 - cosine_proximity: -0.9363 - mean_squared_error: 1.1297 - mean_absolute_error: 0.7698
2732/2732 [==============================] - 0s 70us/step - loss: -0.9368 - cosine_proximity: -0.9368 - mean_squared_error: 1.1318 - mean_absolute_error: 0.7714
Epoch 119/148

1024/2732 [==========>...................] - ETA: 0s - loss: -0.9355 - cosine_proximity: -0.9355 - mean_squared_error: 1.1320 - mean_absolute_error: 0.7717
2048/2732 [=====================>........] - ETA: 0s - loss: -0.9405 - cosine_proximity: -0.9405 - mean_squared_error: 1.1564 - mean_absolute_error: 0.7830
2732/2732 [==============================] - 0s 72us/step - loss: -0.9365 - cosine_proximity: -0.9365 - mean_squared_error: 1.1368 - mean_absolute_error: 0.7733
Epoch 120/148

1024/2732 [==========>...................] - ETA: 0s - loss: -0.9407 - cosine_proximity: -0.9407 - mean_squared_error: 1.1414 - mean_absolute_error: 0.7737
2048/2732 [=====================>........] - ETA: 0s - loss: -0.9376 - cosine_proximity: -0.9376 - mean_squared_error: 1.1413 - mean_absolute_error: 0.7736
2732/2732 [==============================] - 0s 69us/step - loss: -0.9367 - cosine_proximity: -0.9367 - mean_squared_error: 1.1438 - mean_absolute_error: 0.7759
Epoch 121/148

1024/2732 [==========>...................] - ETA: 0s - loss: -0.9374 - cosine_proximity: -0.9374 - mean_squared_error: 1.1039 - mean_absolute_error: 0.7587
2048/2732 [=====================>........] - ETA: 0s - loss: -0.9377 - cosine_proximity: -0.9377 - mean_squared_error: 1.1186 - mean_absolute_error: 0.7659
2732/2732 [==============================] - 0s 70us/step - loss: -0.9369 - cosine_proximity: -0.9369 - mean_squared_error: 1.1288 - mean_absolute_error: 0.7710
Epoch 122/148

1024/2732 [==========>...................] - ETA: 0s - loss: -0.9382 - cosine_proximity: -0.9382 - mean_squared_error: 1.1331 - mean_absolute_error: 0.7737
2048/2732 [=====================>........] - ETA: 0s - loss: -0.9354 - cosine_proximity: -0.9354 - mean_squared_error: 1.1304 - mean_absolute_error: 0.7726
2732/2732 [==============================] - 0s 69us/step - loss: -0.9362 - cosine_proximity: -0.9362 - mean_squared_error: 1.1317 - mean_absolute_error: 0.7719
Epoch 123/148

1024/2732 [==========>...................] - ETA: 0s - loss: -0.9378 - cosine_proximity: -0.9378 - mean_squared_error: 1.1432 - mean_absolute_error: 0.7776
2048/2732 [=====================>........] - ETA: 0s - loss: -0.9391 - cosine_proximity: -0.9391 - mean_squared_error: 1.1597 - mean_absolute_error: 0.7850
2732/2732 [==============================] - 0s 71us/step - loss: -0.9377 - cosine_proximity: -0.9377 - mean_squared_error: 1.1382 - mean_absolute_error: 0.7750
Epoch 124/148

1024/2732 [==========>...................] - ETA: 0s - loss: -0.9362 - cosine_proximity: -0.9362 - mean_squared_error: 1.1400 - mean_absolute_error: 0.7731
2048/2732 [=====================>........] - ETA: 0s - loss: -0.9366 - cosine_proximity: -0.9366 - mean_squared_error: 1.1403 - mean_absolute_error: 0.7735
2732/2732 [==============================] - 0s 70us/step - loss: -0.9375 - cosine_proximity: -0.9375 - mean_squared_error: 1.1394 - mean_absolute_error: 0.7744
Epoch 125/148

1024/2732 [==========>...................] - ETA: 0s - loss: -0.9438 - cosine_proximity: -0.9438 - mean_squared_error: 1.1811 - mean_absolute_error: 0.7944
2048/2732 [=====================>........] - ETA: 0s - loss: -0.9392 - cosine_proximity: -0.9392 - mean_squared_error: 1.1515 - mean_absolute_error: 0.7805
2732/2732 [==============================] - 0s 69us/step - loss: -0.9375 - cosine_proximity: -0.9375 - mean_squared_error: 1.1374 - mean_absolute_error: 0.7741
Epoch 126/148

1024/2732 [==========>...................] - ETA: 0s - loss: -0.9411 - cosine_proximity: -0.9411 - mean_squared_error: 1.1682 - mean_absolute_error: 0.7882
2048/2732 [=====================>........] - ETA: 0s - loss: -0.9404 - cosine_proximity: -0.9404 - mean_squared_error: 1.1530 - mean_absolute_error: 0.7809
2732/2732 [==============================] - 0s 71us/step - loss: -0.9382 - cosine_proximity: -0.9382 - mean_squared_error: 1.1412 - mean_absolute_error: 0.7757
Epoch 127/148

1024/2732 [==========>...................] - ETA: 0s - loss: -0.9402 - cosine_proximity: -0.9402 - mean_squared_error: 1.1518 - mean_absolute_error: 0.7806
2048/2732 [=====================>........] - ETA: 0s - loss: -0.9379 - cosine_proximity: -0.9379 - mean_squared_error: 1.1587 - mean_absolute_error: 0.7832
2732/2732 [==============================] - 0s 70us/step - loss: -0.9381 - cosine_proximity: -0.9381 - mean_squared_error: 1.1485 - mean_absolute_error: 0.7776
Epoch 128/148

1024/2732 [==========>...................] - ETA: 0s - loss: -0.9347 - cosine_proximity: -0.9347 - mean_squared_error: 1.1366 - mean_absolute_error: 0.7739
2048/2732 [=====================>........] - ETA: 0s - loss: -0.9340 - cosine_proximity: -0.9340 - mean_squared_error: 1.1285 - mean_absolute_error: 0.7680
2732/2732 [==============================] - 0s 69us/step - loss: -0.9375 - cosine_proximity: -0.9375 - mean_squared_error: 1.1471 - mean_absolute_error: 0.7769
Epoch 129/148

1024/2732 [==========>...................] - ETA: 0s - loss: -0.9341 - cosine_proximity: -0.9341 - mean_squared_error: 1.1463 - mean_absolute_error: 0.7780
2048/2732 [=====================>........] - ETA: 0s - loss: -0.9374 - cosine_proximity: -0.9374 - mean_squared_error: 1.1469 - mean_absolute_error: 0.7772
2732/2732 [==============================] - 0s 71us/step - loss: -0.9374 - cosine_proximity: -0.9374 - mean_squared_error: 1.1496 - mean_absolute_error: 0.7782
Epoch 130/148

1024/2732 [==========>...................] - ETA: 0s - loss: -0.9370 - cosine_proximity: -0.9370 - mean_squared_error: 1.1543 - mean_absolute_error: 0.7770
2048/2732 [=====================>........] - ETA: 0s - loss: -0.9371 - cosine_proximity: -0.9371 - mean_squared_error: 1.1336 - mean_absolute_error: 0.7706
2732/2732 [==============================] - 0s 71us/step - loss: -0.9374 - cosine_proximity: -0.9374 - mean_squared_error: 1.1484 - mean_absolute_error: 0.7776
Epoch 131/148

1024/2732 [==========>...................] - ETA: 0s - loss: -0.9360 - cosine_proximity: -0.9360 - mean_squared_error: 1.1651 - mean_absolute_error: 0.7829
2048/2732 [=====================>........] - ETA: 0s - loss: -0.9380 - cosine_proximity: -0.9380 - mean_squared_error: 1.1526 - mean_absolute_error: 0.7790
2732/2732 [==============================] - 0s 72us/step - loss: -0.9380 - cosine_proximity: -0.9380 - mean_squared_error: 1.1461 - mean_absolute_error: 0.7764
Epoch 132/148

1024/2732 [==========>...................] - ETA: 0s - loss: -0.9368 - cosine_proximity: -0.9368 - mean_squared_error: 1.1438 - mean_absolute_error: 0.7744
2048/2732 [=====================>........] - ETA: 0s - loss: -0.9380 - cosine_proximity: -0.9380 - mean_squared_error: 1.1543 - mean_absolute_error: 0.7798
2732/2732 [==============================] - 0s 71us/step - loss: -0.9376 - cosine_proximity: -0.9376 - mean_squared_error: 1.1478 - mean_absolute_error: 0.7770
Epoch 133/148

1024/2732 [==========>...................] - ETA: 0s - loss: -0.9344 - cosine_proximity: -0.9344 - mean_squared_error: 1.1798 - mean_absolute_error: 0.7937
2048/2732 [=====================>........] - ETA: 0s - loss: -0.9385 - cosine_proximity: -0.9385 - mean_squared_error: 1.1567 - mean_absolute_error: 0.7823
2732/2732 [==============================] - 0s 72us/step - loss: -0.9377 - cosine_proximity: -0.9377 - mean_squared_error: 1.1491 - mean_absolute_error: 0.7782
Epoch 134/148

1024/2732 [==========>...................] - ETA: 0s - loss: -0.9371 - cosine_proximity: -0.9371 - mean_squared_error: 1.1474 - mean_absolute_error: 0.7749
2048/2732 [=====================>........] - ETA: 0s - loss: -0.9367 - cosine_proximity: -0.9367 - mean_squared_error: 1.1356 - mean_absolute_error: 0.7712
2732/2732 [==============================] - 0s 69us/step - loss: -0.9377 - cosine_proximity: -0.9377 - mean_squared_error: 1.1436 - mean_absolute_error: 0.7755
Epoch 135/148

1024/2732 [==========>...................] - ETA: 0s - loss: -0.9417 - cosine_proximity: -0.9417 - mean_squared_error: 1.1567 - mean_absolute_error: 0.7822
2048/2732 [=====================>........] - ETA: 0s - loss: -0.9368 - cosine_proximity: -0.9368 - mean_squared_error: 1.1466 - mean_absolute_error: 0.7767
2732/2732 [==============================] - 0s 70us/step - loss: -0.9379 - cosine_proximity: -0.9379 - mean_squared_error: 1.1481 - mean_absolute_error: 0.7772
Epoch 136/148

1024/2732 [==========>...................] - ETA: 0s - loss: -0.9360 - cosine_proximity: -0.9360 - mean_squared_error: 1.1558 - mean_absolute_error: 0.7814
2048/2732 [=====================>........] - ETA: 0s - loss: -0.9369 - cosine_proximity: -0.9369 - mean_squared_error: 1.1415 - mean_absolute_error: 0.7752
2732/2732 [==============================] - 0s 71us/step - loss: -0.9389 - cosine_proximity: -0.9389 - mean_squared_error: 1.1411 - mean_absolute_error: 0.7751
Epoch 137/148

1024/2732 [==========>...................] - ETA: 0s - loss: -0.9442 - cosine_proximity: -0.9442 - mean_squared_error: 1.1716 - mean_absolute_error: 0.7869
2048/2732 [=====================>........] - ETA: 0s - loss: -0.9389 - cosine_proximity: -0.9389 - mean_squared_error: 1.1569 - mean_absolute_error: 0.7808
2732/2732 [==============================] - 0s 68us/step - loss: -0.9388 - cosine_proximity: -0.9388 - mean_squared_error: 1.1468 - mean_absolute_error: 0.7760
Epoch 138/148

1024/2732 [==========>...................] - ETA: 0s - loss: -0.9337 - cosine_proximity: -0.9337 - mean_squared_error: 1.1106 - mean_absolute_error: 0.7598
2048/2732 [=====================>........] - ETA: 0s - loss: -0.9371 - cosine_proximity: -0.9371 - mean_squared_error: 1.1424 - mean_absolute_error: 0.7754
2732/2732 [==============================] - 0s 71us/step - loss: -0.9378 - cosine_proximity: -0.9378 - mean_squared_error: 1.1426 - mean_absolute_error: 0.7750
Epoch 139/148

1024/2732 [==========>...................] - ETA: 0s - loss: -0.9399 - cosine_proximity: -0.9399 - mean_squared_error: 1.1675 - mean_absolute_error: 0.7840
2048/2732 [=====================>........] - ETA: 0s - loss: -0.9399 - cosine_proximity: -0.9399 - mean_squared_error: 1.1635 - mean_absolute_error: 0.7831
2732/2732 [==============================] - 0s 70us/step - loss: -0.9382 - cosine_proximity: -0.9382 - mean_squared_error: 1.1525 - mean_absolute_error: 0.7781
Epoch 140/148

1024/2732 [==========>...................] - ETA: 0s - loss: -0.9416 - cosine_proximity: -0.9416 - mean_squared_error: 1.1389 - mean_absolute_error: 0.7743
2048/2732 [=====================>........] - ETA: 0s - loss: -0.9393 - cosine_proximity: -0.9393 - mean_squared_error: 1.1666 - mean_absolute_error: 0.7853
2732/2732 [==============================] - 0s 71us/step - loss: -0.9388 - cosine_proximity: -0.9388 - mean_squared_error: 1.1522 - mean_absolute_error: 0.7781
Epoch 141/148

1024/2732 [==========>...................] - ETA: 0s - loss: -0.9415 - cosine_proximity: -0.9415 - mean_squared_error: 1.1484 - mean_absolute_error: 0.7764
2048/2732 [=====================>........] - ETA: 0s - loss: -0.9389 - cosine_proximity: -0.9389 - mean_squared_error: 1.1676 - mean_absolute_error: 0.7841
2732/2732 [==============================] - 0s 72us/step - loss: -0.9387 - cosine_proximity: -0.9387 - mean_squared_error: 1.1611 - mean_absolute_error: 0.7813
Epoch 142/148

1024/2732 [==========>...................] - ETA: 0s - loss: -0.9411 - cosine_proximity: -0.9411 - mean_squared_error: 1.1596 - mean_absolute_error: 0.7833
2048/2732 [=====================>........] - ETA: 0s - loss: -0.9395 - cosine_proximity: -0.9395 - mean_squared_error: 1.1578 - mean_absolute_error: 0.7802
2732/2732 [==============================] - 0s 70us/step - loss: -0.9389 - cosine_proximity: -0.9389 - mean_squared_error: 1.1570 - mean_absolute_error: 0.7796
Epoch 143/148

1024/2732 [==========>...................] - ETA: 0s - loss: -0.9408 - cosine_proximity: -0.9408 - mean_squared_error: 1.1403 - mean_absolute_error: 0.7705
2048/2732 [=====================>........] - ETA: 0s - loss: -0.9401 - cosine_proximity: -0.9401 - mean_squared_error: 1.1638 - mean_absolute_error: 0.7823
2732/2732 [==============================] - 0s 71us/step - loss: -0.9399 - cosine_proximity: -0.9399 - mean_squared_error: 1.1628 - mean_absolute_error: 0.7818
Epoch 144/148

1024/2732 [==========>...................] - ETA: 0s - loss: -0.9340 - cosine_proximity: -0.9340 - mean_squared_error: 1.1384 - mean_absolute_error: 0.7709
2048/2732 [=====================>........] - ETA: 0s - loss: -0.9401 - cosine_proximity: -0.9401 - mean_squared_error: 1.1553 - mean_absolute_error: 0.7778
2732/2732 [==============================] - 0s 71us/step - loss: -0.9387 - cosine_proximity: -0.9387 - mean_squared_error: 1.1626 - mean_absolute_error: 0.7818
Epoch 145/148

1024/2732 [==========>...................] - ETA: 0s - loss: -0.9405 - cosine_proximity: -0.9405 - mean_squared_error: 1.1723 - mean_absolute_error: 0.7867
2048/2732 [=====================>........] - ETA: 0s - loss: -0.9401 - cosine_proximity: -0.9401 - mean_squared_error: 1.1703 - mean_absolute_error: 0.7861
2732/2732 [==============================] - 0s 72us/step - loss: -0.9392 - cosine_proximity: -0.9392 - mean_squared_error: 1.1690 - mean_absolute_error: 0.7850
Epoch 146/148

1024/2732 [==========>...................] - ETA: 0s - loss: -0.9421 - cosine_proximity: -0.9421 - mean_squared_error: 1.2043 - mean_absolute_error: 0.7980
2048/2732 [=====================>........] - ETA: 0s - loss: -0.9397 - cosine_proximity: -0.9397 - mean_squared_error: 1.1740 - mean_absolute_error: 0.7860
2732/2732 [==============================] - 0s 70us/step - loss: -0.9391 - cosine_proximity: -0.9391 - mean_squared_error: 1.1641 - mean_absolute_error: 0.7819
Epoch 147/148

1024/2732 [==========>...................] - ETA: 0s - loss: -0.9334 - cosine_proximity: -0.9334 - mean_squared_error: 1.1597 - mean_absolute_error: 0.7845
2048/2732 [=====================>........] - ETA: 0s - loss: -0.9405 - cosine_proximity: -0.9405 - mean_squared_error: 1.1639 - mean_absolute_error: 0.7838
2732/2732 [==============================] - 0s 72us/step - loss: -0.9395 - cosine_proximity: -0.9395 - mean_squared_error: 1.1585 - mean_absolute_error: 0.7802
Epoch 148/148

1024/2732 [==========>...................] - ETA: 0s - loss: -0.9350 - cosine_proximity: -0.9350 - mean_squared_error: 1.1445 - mean_absolute_error: 0.7715
2048/2732 [=====================>........] - ETA: 0s - loss: -0.9369 - cosine_proximity: -0.9369 - mean_squared_error: 1.1617 - mean_absolute_error: 0.7811
2732/2732 [==============================] - 0s 68us/step - loss: -0.9392 - cosine_proximity: -0.9392 - mean_squared_error: 1.1579 - mean_absolute_error: 0.7797
Plots saved in plots/
Training finished

1024/1760 [================>.............] - ETA: 0s
1760/1760 [==============================] - 0s 94us/step
/home/gazkune/.virtualenvs/generic-ar/local/lib/python2.7/site-packages/sklearn/metrics/classification.py:1143: UndefinedMetricWarning: Precision is ill-defined and being set to 0.0 in labels with no predicted samples.
  'precision', 'predicted', average, warn_for)
/home/gazkune/.virtualenvs/generic-ar/local/lib/python2.7/site-packages/sklearn/metrics/classification.py:1143: UndefinedMetricWarning: F-score is ill-defined and being set to 0.0 in labels with no predicted samples.
  'precision', 'predicted', average, warn_for)
Transforming regression predictions to classes
Predicted unique activities:
[ 1  2  5  6  7  8  9 11 16 19 20 23 24 26]
ytrue shape:  (1760,)
ypreds shape:  (1760, 5)
Classes for the heatmap (31)
[u'shave', u'take_shower', u'get_dressed', u'put_clothes_in_washing_machine', u'relax', u'brush_teeth', u'leave_house', u'prepare_dinner', u'go_to_bed', u'use_toilet', u'get_snack', u'get_drink', u'eating', u'take_medication', u'prepare_lunch', u'prepare_breakfast', u'prepare_brunch', u'answering_phone', u'search_keys', u'eat_brunch', u'prepare_for_leaving', u'setting_up_sensors', u'on_phone', u'shaving', u'wash_dishes', u'install_sensor', u'eat_dinner', u'faster_kitchen_camera', u'play_piano', u'drop_dish', u'unpacking']
Utils: ypred unique values: [ 1  2  5  6  7  8  9 11 19 26]
Confusion matrix, without normalization
Utils: ypred unique values: [ 1  2  5  6  7  8  9 11 19 26]
Normalized confusion matrix
Metrics saved in results/06-kasterenC-kasterenB-cross_lstm-reg-with_time-no_nones-kasterenC-kasterenB-complete-metrics.json
